-- The C compiler identification is GNU 11.4.0
-- The CXX compiler identification is GNU 11.4.0
-- Detecting C compiler ABI info
-- Detecting C compiler ABI info - done
-- Check for working C compiler: /usr/bin/cc - skipped
-- Detecting C compile features
-- Detecting C compile features - done
-- Detecting CXX compiler ABI info
-- Detecting CXX compiler ABI info - done
-- Check for working CXX compiler: /usr/bin/c++ - skipped
-- Detecting CXX compile features
-- Detecting CXX compile features - done
-- Found ament_cmake: 1.3.10 (/opt/ros/humble/share/ament_cmake/cmake)
-- Found Python3: /usr/bin/python3 (found version "3.10.12") found components: Interpreter 
-- Found rclcpp: 16.0.10 (/opt/ros/humble/share/rclcpp/cmake)
-- Found rosidl_generator_c: 3.1.5 (/opt/ros/humble/share/rosidl_generator_c/cmake)
-- Found rosidl_adapter: 3.1.5 (/opt/ros/humble/share/rosidl_adapter/cmake)
-- Found rosidl_generator_cpp: 3.1.5 (/opt/ros/humble/share/rosidl_generator_cpp/cmake)
-- Using all available rosidl_typesupport_c: rosidl_typesupport_fastrtps_c;rosidl_typesupport_introspection_c
-- Using all available rosidl_typesupport_cpp: rosidl_typesupport_fastrtps_cpp;rosidl_typesupport_introspection_cpp
-- Found rmw_implementation_cmake: 6.1.2 (/opt/ros/humble/share/rmw_implementation_cmake/cmake)
-- Found rmw_fastrtps_cpp: 6.2.7 (/opt/ros/humble/share/rmw_fastrtps_cpp/cmake)
-- Found OpenSSL: /usr/lib/x86_64-linux-gnu/libcrypto.so (found version "3.0.2")  
-- Found FastRTPS: /opt/ros/humble/include  
-- Using RMW implementation 'rmw_fastrtps_cpp' as default
-- Looking for pthread.h
-- Looking for pthread.h - found
-- Performing Test CMAKE_HAVE_LIBC_PTHREAD
-- Performing Test CMAKE_HAVE_LIBC_PTHREAD - Success
-- Found Threads: TRUE  
-- Found std_srvs: 4.2.4 (/opt/ros/humble/share/std_srvs/cmake)
-- Found rosidl_default_generators: 1.2.0 (/opt/ros/humble/share/rosidl_default_generators/cmake)
-- Found ament_cmake_ros: 0.10.0 (/opt/ros/humble/share/ament_cmake_ros/cmake)
-- Using all available rosidl_typesupport_c: rosidl_typesupport_fastrtps_c;rosidl_typesupport_introspection_c
-- Using all available rosidl_typesupport_cpp: rosidl_typesupport_fastrtps_cpp;rosidl_typesupport_introspection_cpp
-- Found PythonInterp: /usr/bin/python3 (found suitable version "3.10.12", minimum required is "3.6") 
-- Found python_cmake_module: 0.10.0 (/opt/ros/humble/share/python_cmake_module/cmake)
-- Found PythonLibs: /usr/lib/x86_64-linux-gnu/libpython3.10.so (found suitable version "3.10.12", minimum required is "3.5") 
-- Using PYTHON_EXECUTABLE: /usr/bin/python3
-- Using PYTHON_INCLUDE_DIRS: /usr/include/python3.10
-- Using PYTHON_LIBRARIES: /usr/lib/x86_64-linux-gnu/libpython3.10.so
-- Found PythonExtra: .so  
-- Configuring done
-- Generating done
-- Build files have been written to: /home/harsh/ros2_new/build/cashier_system
[  2%] [34m[1mGenerating C code for ROS interfaces[0m
[  5%] [34m[1mGenerating C++ code for ROS interfaces[0m
[  5%] Built target ament_cmake_python_copy_cashier_system
[  5%] Built target cashier_system__cpp
[ 16%] [34m[1mGenerating C++ introspection for ROS interfaces[0m
[ 16%] [32mBuilding C object CMakeFiles/cashier_system__rosidl_generator_c.dir/rosidl_generator_c/cashier_system/msg/detail/bill__functions.c.o[0m
[ 16%] [34m[1mGenerating C++ type support dispatch for ROS interfaces[0m
[ 16%] [34m[1mGenerating C++ type support for eProsima Fast-RTPS[0m
running egg_info
creating cashier_system.egg-info
writing cashier_system.egg-info/PKG-INFO
writing dependency_links to cashier_system.egg-info/dependency_links.txt
writing top-level names to cashier_system.egg-info/top_level.txt
writing manifest file 'cashier_system.egg-info/SOURCES.txt'
reading manifest file 'cashier_system.egg-info/SOURCES.txt'
writing manifest file 'cashier_system.egg-info/SOURCES.txt'
[ 16%] Built target ament_cmake_python_build_cashier_system_egg
[ 18%] [32m[1mLinking C shared library libcashier_system__rosidl_generator_c.so[0m
[ 18%] Built target cashier_system__rosidl_generator_c
[ 27%] [34m[1mGenerating C type support for eProsima Fast-RTPS[0m
[ 27%] [34m[1mGenerating C introspection for ROS interfaces[0m
[ 27%] [34m[1mGenerating C type support dispatch for ROS interfaces[0m
[ 29%] [32mBuilding CXX object CMakeFiles/cashier_system__rosidl_typesupport_cpp.dir/rosidl_typesupport_cpp/cashier_system/msg/bill__type_support.cpp.o[0m
[ 32%] [32mBuilding CXX object CMakeFiles/cashier_system__rosidl_typesupport_introspection_cpp.dir/rosidl_typesupport_introspection_cpp/cashier_system/msg/detail/bill__type_support.cpp.o[0m
[ 35%] [32mBuilding CXX object CMakeFiles/cashier_system__rosidl_typesupport_fastrtps_cpp.dir/rosidl_typesupport_fastrtps_cpp/cashier_system/msg/detail/dds_fastrtps/bill__type_support.cpp.o[0m
[ 37%] [32mBuilding CXX object CMakeFiles/cashier_system__rosidl_typesupport_c.dir/rosidl_typesupport_c/cashier_system/msg/bill__type_support.cpp.o[0m
[ 43%] [32mBuilding CXX object CMakeFiles/cashier_system__rosidl_typesupport_fastrtps_c.dir/rosidl_typesupport_fastrtps_c/cashier_system/msg/detail/bill__type_support_c.cpp.o[0m
[ 43%] [32mBuilding C object CMakeFiles/cashier_system__rosidl_typesupport_introspection_c.dir/rosidl_typesupport_introspection_c/cashier_system/msg/detail/bill__type_support.c.o[0m
[ 45%] [32m[1mLinking CXX shared library libcashier_system__rosidl_typesupport_c.so[0m
[ 48%] [32m[1mLinking C shared library libcashier_system__rosidl_typesupport_introspection_c.so[0m
[ 48%] Built target cashier_system__rosidl_typesupport_c
[ 48%] Built target cashier_system__rosidl_typesupport_introspection_c
[ 51%] [32m[1mLinking CXX shared library libcashier_system__rosidl_typesupport_cpp.so[0m
[ 51%] Built target cashier_system__rosidl_typesupport_cpp
[ 59%] [32mBuilding CXX object CMakeFiles/cashier_node.dir/src/cashier_node.cpp.o[0m
[ 59%] [32mBuilding CXX object CMakeFiles/bill_listener_node.dir/src/bill_listener_node.cpp.o[0m
[ 59%] [32mBuilding CXX object CMakeFiles/bill_publisher_node.dir/src/bill_publisher_node.cpp.o[0m
[ 62%] [32m[1mLinking CXX shared library libcashier_system__rosidl_typesupport_introspection_cpp.so[0m
[ 64%] [32m[1mLinking CXX shared library libcashier_system__rosidl_typesupport_fastrtps_cpp.so[0m
[ 64%] Built target cashier_system__rosidl_typesupport_introspection_cpp
[ 67%] [32m[1mLinking CXX shared library libcashier_system__rosidl_typesupport_fastrtps_c.so[0m
[ 67%] Built target cashier_system__rosidl_typesupport_fastrtps_cpp
[ 67%] Built target cashier_system__rosidl_typesupport_fastrtps_c
[ 67%] Built target cashier_system
[ 70%] [34m[1mGenerating Python code for ROS interfaces[0m
[ 70%] Built target cashier_system__py
[ 72%] [32mBuilding C object CMakeFiles/cashier_system__rosidl_generator_py.dir/rosidl_generator_py/cashier_system/msg/_bill_s.c.o[0m
[ 75%] [32m[1mLinking C shared library rosidl_generator_py/cashier_system/libcashier_system__rosidl_generator_py.so[0m
[ 75%] Built target cashier_system__rosidl_generator_py
[ 83%] [32mBuilding C object CMakeFiles/cashier_system__rosidl_typesupport_introspection_c__pyext.dir/rosidl_generator_py/cashier_system/_cashier_system_s.ep.rosidl_typesupport_introspection_c.c.o[0m
[ 83%] [32mBuilding C object CMakeFiles/cashier_system__rosidl_typesupport_c__pyext.dir/rosidl_generator_py/cashier_system/_cashier_system_s.ep.rosidl_typesupport_c.c.o[0m
[ 83%] [32mBuilding C object CMakeFiles/cashier_system__rosidl_typesupport_fastrtps_c__pyext.dir/rosidl_generator_py/cashier_system/_cashier_system_s.ep.rosidl_typesupport_fastrtps_c.c.o[0m
[ 91%] [32m[1mLinking C shared library rosidl_generator_py/cashier_system/cashier_system_s__rosidl_typesupport_introspection_c.cpython-310-x86_64-linux-gnu.so[0m
[ 91%] [32m[1mLinking C shared library rosidl_generator_py/cashier_system/cashier_system_s__rosidl_typesupport_c.cpython-310-x86_64-linux-gnu.so[0m
[ 91%] [32m[1mLinking C shared library rosidl_generator_py/cashier_system/cashier_system_s__rosidl_typesupport_fastrtps_c.cpython-310-x86_64-linux-gnu.so[0m
[ 91%] Built target cashier_system__rosidl_typesupport_c__pyext
[ 91%] Built target cashier_system__rosidl_typesupport_fastrtps_c__pyext
[ 91%] Built target cashier_system__rosidl_typesupport_introspection_c__pyext
[ 94%] [32m[1mLinking CXX executable bill_publisher_node[0m
[ 94%] Built target bill_publisher_node
[ 97%] [32m[1mLinking CXX executable bill_listener_node[0m
[ 97%] Built target bill_listener_node
[100%] [32m[1mLinking CXX executable cashier_node[0m
[100%] Built target cashier_node
-- Install configuration: ""
-- Installing: /home/harsh/ros2_new/install/cashier_system/share/ament_index/resource_index/rosidl_interfaces/cashier_system
-- Installing: /home/harsh/ros2_new/install/cashier_system/include/cashier_system/cashier_system
-- Installing: /home/harsh/ros2_new/install/cashier_system/include/cashier_system/cashier_system/msg
-- Installing: /home/harsh/ros2_new/install/cashier_system/include/cashier_system/cashier_system/msg/rosidl_generator_c__visibility_control.h
-- Installing: /home/harsh/ros2_new/install/cashier_system/include/cashier_system/cashier_system/msg/bill.h
-- Installing: /home/harsh/ros2_new/install/cashier_system/include/cashier_system/cashier_system/msg/detail
-- Installing: /home/harsh/ros2_new/install/cashier_system/include/cashier_system/cashier_system/msg/detail/bill__type_support.h
-- Installing: /home/harsh/ros2_new/install/cashier_system/include/cashier_system/cashier_system/msg/detail/bill__functions.h
-- Installing: /home/harsh/ros2_new/install/cashier_system/include/cashier_system/cashier_system/msg/detail/bill__functions.c
-- Installing: /home/harsh/ros2_new/install/cashier_system/include/cashier_system/cashier_system/msg/detail/bill__struct.h
-- Installing: /home/harsh/ros2_new/install/cashier_system/share/cashier_system/environment/library_path.sh
-- Installing: /home/harsh/ros2_new/install/cashier_system/share/cashier_system/environment/library_path.dsv
-- Installing: /home/harsh/ros2_new/install/cashier_system/lib/libcashier_system__rosidl_generator_c.so
-- Set runtime path of "/home/harsh/ros2_new/install/cashier_system/lib/libcashier_system__rosidl_generator_c.so" to ""
-- Up-to-date: /home/harsh/ros2_new/install/cashier_system/include/cashier_system/cashier_system
-- Up-to-date: /home/harsh/ros2_new/install/cashier_system/include/cashier_system/cashier_system/msg
-- Up-to-date: /home/harsh/ros2_new/install/cashier_system/include/cashier_system/cashier_system/msg/detail
-- Installing: /home/harsh/ros2_new/install/cashier_system/include/cashier_system/cashier_system/msg/detail/bill__rosidl_typesupport_fastrtps_c.h
-- Installing: /home/harsh/ros2_new/install/cashier_system/include/cashier_system/cashier_system/msg/rosidl_typesupport_fastrtps_c__visibility_control.h
-- Installing: /home/harsh/ros2_new/install/cashier_system/lib/libcashier_system__rosidl_typesupport_fastrtps_c.so
-- Set runtime path of "/home/harsh/ros2_new/install/cashier_system/lib/libcashier_system__rosidl_typesupport_fastrtps_c.so" to ""
-- Up-to-date: /home/harsh/ros2_new/install/cashier_system/include/cashier_system/cashier_system
-- Up-to-date: /home/harsh/ros2_new/install/cashier_system/include/cashier_system/cashier_system/msg
-- Up-to-date: /home/harsh/ros2_new/install/cashier_system/include/cashier_system/cashier_system/msg/detail
-- Installing: /home/harsh/ros2_new/install/cashier_system/include/cashier_system/cashier_system/msg/detail/bill__struct.hpp
-- Installing: /home/harsh/ros2_new/install/cashier_system/include/cashier_system/cashier_system/msg/detail/bill__builder.hpp
-- Installing: /home/harsh/ros2_new/install/cashier_system/include/cashier_system/cashier_system/msg/detail/bill__traits.hpp
-- Installing: /home/harsh/ros2_new/install/cashier_system/include/cashier_system/cashier_system/msg/bill.hpp
-- Up-to-date: /home/harsh/ros2_new/install/cashier_system/include/cashier_system/cashier_system
-- Up-to-date: /home/harsh/ros2_new/install/cashier_system/include/cashier_system/cashier_system/msg
-- Installing: /home/harsh/ros2_new/install/cashier_system/include/cashier_system/cashier_system/msg/rosidl_typesupport_fastrtps_cpp__visibility_control.h
-- Up-to-date: /home/harsh/ros2_new/install/cashier_system/include/cashier_system/cashier_system/msg/detail
-- Installing: /home/harsh/ros2_new/install/cashier_system/include/cashier_system/cashier_system/msg/detail/bill__rosidl_typesupport_fastrtps_cpp.hpp
-- Installing: /home/harsh/ros2_new/install/cashier_system/include/cashier_system/cashier_system/msg/detail/dds_fastrtps
-- Installing: /home/harsh/ros2_new/install/cashier_system/lib/libcashier_system__rosidl_typesupport_fastrtps_cpp.so
-- Set runtime path of "/home/harsh/ros2_new/install/cashier_system/lib/libcashier_system__rosidl_typesupport_fastrtps_cpp.so" to ""
-- Up-to-date: /home/harsh/ros2_new/install/cashier_system/include/cashier_system/cashier_system
-- Up-to-date: /home/harsh/ros2_new/install/cashier_system/include/cashier_system/cashier_system/msg
-- Up-to-date: /home/harsh/ros2_new/install/cashier_system/include/cashier_system/cashier_system/msg/detail
-- Installing: /home/harsh/ros2_new/install/cashier_system/include/cashier_system/cashier_system/msg/detail/bill__type_support.c
-- Installing: /home/harsh/ros2_new/install/cashier_system/include/cashier_system/cashier_system/msg/detail/bill__rosidl_typesupport_introspection_c.h
-- Installing: /home/harsh/ros2_new/install/cashier_system/include/cashier_system/cashier_system/msg/rosidl_typesupport_introspection_c__visibility_control.h
-- Installing: /home/harsh/ros2_new/install/cashier_system/lib/libcashier_system__rosidl_typesupport_introspection_c.so
-- Set runtime path of "/home/harsh/ros2_new/install/cashier_system/lib/libcashier_system__rosidl_typesupport_introspection_c.so" to ""
-- Installing: /home/harsh/ros2_new/install/cashier_system/lib/libcashier_system__rosidl_typesupport_c.so
-- Set runtime path of "/home/harsh/ros2_new/install/cashier_system/lib/libcashier_system__rosidl_typesupport_c.so" to ""
-- Up-to-date: /home/harsh/ros2_new/install/cashier_system/include/cashier_system/cashier_system
-- Up-to-date: /home/harsh/ros2_new/install/cashier_system/include/cashier_system/cashier_system/msg
-- Up-to-date: /home/harsh/ros2_new/install/cashier_system/include/cashier_system/cashier_system/msg/detail
-- Installing: /home/harsh/ros2_new/install/cashier_system/include/cashier_system/cashier_system/msg/detail/bill__rosidl_typesupport_introspection_cpp.hpp
-- Installing: /home/harsh/ros2_new/install/cashier_system/include/cashier_system/cashier_system/msg/detail/bill__type_support.cpp
-- Installing: /home/harsh/ros2_new/install/cashier_system/lib/libcashier_system__rosidl_typesupport_introspection_cpp.so
-- Set runtime path of "/home/harsh/ros2_new/install/cashier_system/lib/libcashier_system__rosidl_typesupport_introspection_cpp.so" to ""
-- Installing: /home/harsh/ros2_new/install/cashier_system/lib/libcashier_system__rosidl_typesupport_cpp.so
-- Set runtime path of "/home/harsh/ros2_new/install/cashier_system/lib/libcashier_system__rosidl_typesupport_cpp.so" to ""
-- Installing: /home/harsh/ros2_new/install/cashier_system/share/cashier_system/environment/pythonpath.sh
-- Installing: /home/harsh/ros2_new/install/cashier_system/share/cashier_system/environment/pythonpath.dsv
-- Installing: /home/harsh/ros2_new/install/cashier_system/local/lib/python3.10/dist-packages/cashier_system-0.0.1-py3.10.egg-info
-- Installing: /home/harsh/ros2_new/install/cashier_system/local/lib/python3.10/dist-packages/cashier_system-0.0.1-py3.10.egg-info/top_level.txt
-- Installing: /home/harsh/ros2_new/install/cashier_system/local/lib/python3.10/dist-packages/cashier_system-0.0.1-py3.10.egg-info/dependency_links.txt
-- Installing: /home/harsh/ros2_new/install/cashier_system/local/lib/python3.10/dist-packages/cashier_system-0.0.1-py3.10.egg-info/PKG-INFO
-- Installing: /home/harsh/ros2_new/install/cashier_system/local/lib/python3.10/dist-packages/cashier_system-0.0.1-py3.10.egg-info/SOURCES.txt
-- Installing: /home/harsh/ros2_new/install/cashier_system/local/lib/python3.10/dist-packages/cashier_system
-- Installing: /home/harsh/ros2_new/install/cashier_system/local/lib/python3.10/dist-packages/cashier_system/_cashier_system_s.ep.rosidl_typesupport_introspection_c.c
-- Installing: /home/harsh/ros2_new/install/cashier_system/local/lib/python3.10/dist-packages/cashier_system/cashier_system_s__rosidl_typesupport_introspection_c.cpython-310-x86_64-linux-gnu.so
-- Installing: /home/harsh/ros2_new/install/cashier_system/local/lib/python3.10/dist-packages/cashier_system/_cashier_system_s.ep.rosidl_typesupport_c.c
-- Installing: /home/harsh/ros2_new/install/cashier_system/local/lib/python3.10/dist-packages/cashier_system/libcashier_system__rosidl_generator_py.so
-- Installing: /home/harsh/ros2_new/install/cashier_system/local/lib/python3.10/dist-packages/cashier_system/cashier_system_s__rosidl_typesupport_fastrtps_c.cpython-310-x86_64-linux-gnu.so
-- Installing: /home/harsh/ros2_new/install/cashier_system/local/lib/python3.10/dist-packages/cashier_system/msg
-- Installing: /home/harsh/ros2_new/install/cashier_system/local/lib/python3.10/dist-packages/cashier_system/msg/_bill.py
-- Installing: /home/harsh/ros2_new/install/cashier_system/local/lib/python3.10/dist-packages/cashier_system/msg/_bill_s.c
-- Installing: /home/harsh/ros2_new/install/cashier_system/local/lib/python3.10/dist-packages/cashier_system/msg/__init__.py
-- Installing: /home/harsh/ros2_new/install/cashier_system/local/lib/python3.10/dist-packages/cashier_system/__init__.py
-- Installing: /home/harsh/ros2_new/install/cashier_system/local/lib/python3.10/dist-packages/cashier_system/_cashier_system_s.ep.rosidl_typesupport_fastrtps_c.c
-- Installing: /home/harsh/ros2_new/install/cashier_system/local/lib/python3.10/dist-packages/cashier_system/cashier_system_s__rosidl_typesupport_c.cpython-310-x86_64-linux-gnu.so
Listing '/home/harsh/ros2_new/install/cashier_system/local/lib/python3.10/dist-packages/cashier_system'...
Compiling '/home/harsh/ros2_new/install/cashier_system/local/lib/python3.10/dist-packages/cashier_system/__init__.py'...
Listing '/home/harsh/ros2_new/install/cashier_system/local/lib/python3.10/dist-packages/cashier_system/msg'...
Compiling '/home/harsh/ros2_new/install/cashier_system/local/lib/python3.10/dist-packages/cashier_system/msg/__init__.py'...
Compiling '/home/harsh/ros2_new/install/cashier_system/local/lib/python3.10/dist-packages/cashier_system/msg/_bill.py'...
-- Installing: /home/harsh/ros2_new/install/cashier_system/local/lib/python3.10/dist-packages/cashier_system/cashier_system_s__rosidl_typesupport_fastrtps_c.cpython-310-x86_64-linux-gnu.so
-- Set runtime path of "/home/harsh/ros2_new/install/cashier_system/local/lib/python3.10/dist-packages/cashier_system/cashier_system_s__rosidl_typesupport_fastrtps_c.cpython-310-x86_64-linux-gnu.so" to ""
-- Installing: /home/harsh/ros2_new/install/cashier_system/local/lib/python3.10/dist-packages/cashier_system/cashier_system_s__rosidl_typesupport_introspection_c.cpython-310-x86_64-linux-gnu.so
-- Set runtime path of "/home/harsh/ros2_new/install/cashier_system/local/lib/python3.10/dist-packages/cashier_system/cashier_system_s__rosidl_typesupport_introspection_c.cpython-310-x86_64-linux-gnu.so" to ""
-- Installing: /home/harsh/ros2_new/install/cashier_system/local/lib/python3.10/dist-packages/cashier_system/cashier_system_s__rosidl_typesupport_c.cpython-310-x86_64-linux-gnu.so
-- Set runtime path of "/home/harsh/ros2_new/install/cashier_system/local/lib/python3.10/dist-packages/cashier_system/cashier_system_s__rosidl_typesupport_c.cpython-310-x86_64-linux-gnu.so" to ""
-- Installing: /home/harsh/ros2_new/install/cashier_system/lib/libcashier_system__rosidl_generator_py.so
-- Set runtime path of "/home/harsh/ros2_new/install/cashier_system/lib/libcashier_system__rosidl_generator_py.so" to ""
-- Installing: /home/harsh/ros2_new/install/cashier_system/share/cashier_system/msg/Bill.idl
-- Installing: /home/harsh/ros2_new/install/cashier_system/share/cashier_system/msg/Bill.msg
-- Installing: /home/harsh/ros2_new/install/cashier_system/lib/cashier_system/bill_publisher_node
-- Set runtime path of "/home/harsh/ros2_new/install/cashier_system/lib/cashier_system/bill_publisher_node" to ""
-- Installing: /home/harsh/ros2_new/install/cashier_system/lib/cashier_system/cashier_node
-- Set runtime path of "/home/harsh/ros2_new/install/cashier_system/lib/cashier_system/cashier_node" to ""
-- Installing: /home/harsh/ros2_new/install/cashier_system/lib/cashier_system/bill_listener_node
-- Set runtime path of "/home/harsh/ros2_new/install/cashier_system/lib/cashier_system/bill_listener_node" to ""
-- Installing: /home/harsh/ros2_new/install/cashier_system/share/ament_index/resource_index/package_run_dependencies/cashier_system
-- Installing: /home/harsh/ros2_new/install/cashier_system/share/ament_index/resource_index/parent_prefix_path/cashier_system
-- Installing: /home/harsh/ros2_new/install/cashier_system/share/cashier_system/environment/ament_prefix_path.sh
-- Installing: /home/harsh/ros2_new/install/cashier_system/share/cashier_system/environment/ament_prefix_path.dsv
-- Installing: /home/harsh/ros2_new/install/cashier_system/share/cashier_system/environment/path.sh
-- Installing: /home/harsh/ros2_new/install/cashier_system/share/cashier_system/environment/path.dsv
-- Installing: /home/harsh/ros2_new/install/cashier_system/share/cashier_system/local_setup.bash
-- Installing: /home/harsh/ros2_new/install/cashier_system/share/cashier_system/local_setup.sh
-- Installing: /home/harsh/ros2_new/install/cashier_system/share/cashier_system/local_setup.zsh
-- Installing: /home/harsh/ros2_new/install/cashier_system/share/cashier_system/local_setup.dsv
-- Installing: /home/harsh/ros2_new/install/cashier_system/share/cashier_system/package.dsv
-- Installing: /home/harsh/ros2_new/install/cashier_system/share/ament_index/resource_index/packages/cashier_system
-- Installing: /home/harsh/ros2_new/install/cashier_system/share/cashier_system/cmake/export_cashier_system__rosidl_generator_cExport.cmake
-- Installing: /home/harsh/ros2_new/install/cashier_system/share/cashier_system/cmake/export_cashier_system__rosidl_generator_cExport-noconfig.cmake
-- Installing: /home/harsh/ros2_new/install/cashier_system/share/cashier_system/cmake/export_cashier_system__rosidl_typesupport_fastrtps_cExport.cmake
-- Installing: /home/harsh/ros2_new/install/cashier_system/share/cashier_system/cmake/export_cashier_system__rosidl_typesupport_fastrtps_cExport-noconfig.cmake
-- Installing: /home/harsh/ros2_new/install/cashier_system/share/cashier_system/cmake/export_cashier_system__rosidl_generator_cppExport.cmake
-- Installing: /home/harsh/ros2_new/install/cashier_system/share/cashier_system/cmake/export_cashier_system__rosidl_typesupport_fastrtps_cppExport.cmake
-- Installing: /home/harsh/ros2_new/install/cashier_system/share/cashier_system/cmake/export_cashier_system__rosidl_typesupport_fastrtps_cppExport-noconfig.cmake
-- Installing: /home/harsh/ros2_new/install/cashier_system/share/cashier_system/cmake/cashier_system__rosidl_typesupport_introspection_cExport.cmake
-- Installing: /home/harsh/ros2_new/install/cashier_system/share/cashier_system/cmake/cashier_system__rosidl_typesupport_introspection_cExport-noconfig.cmake
-- Installing: /home/harsh/ros2_new/install/cashier_system/share/cashier_system/cmake/cashier_system__rosidl_typesupport_cExport.cmake
-- Installing: /home/harsh/ros2_new/install/cashier_system/share/cashier_system/cmake/cashier_system__rosidl_typesupport_cExport-noconfig.cmake
-- Installing: /home/harsh/ros2_new/install/cashier_system/share/cashier_system/cmake/cashier_system__rosidl_typesupport_introspection_cppExport.cmake
-- Installing: /home/harsh/ros2_new/install/cashier_system/share/cashier_system/cmake/cashier_system__rosidl_typesupport_introspection_cppExport-noconfig.cmake
-- Installing: /home/harsh/ros2_new/install/cashier_system/share/cashier_system/cmake/cashier_system__rosidl_typesupport_cppExport.cmake
-- Installing: /home/harsh/ros2_new/install/cashier_system/share/cashier_system/cmake/cashier_system__rosidl_typesupport_cppExport-noconfig.cmake
-- Installing: /home/harsh/ros2_new/install/cashier_system/share/cashier_system/cmake/export_cashier_system__rosidl_generator_pyExport.cmake
-- Installing: /home/harsh/ros2_new/install/cashier_system/share/cashier_system/cmake/export_cashier_system__rosidl_generator_pyExport-noconfig.cmake
-- Installing: /home/harsh/ros2_new/install/cashier_system/share/cashier_system/cmake/rosidl_cmake-extras.cmake
-- Installing: /home/harsh/ros2_new/install/cashier_system/share/cashier_system/cmake/ament_cmake_export_dependencies-extras.cmake
-- Installing: /home/harsh/ros2_new/install/cashier_system/share/cashier_system/cmake/ament_cmake_export_include_directories-extras.cmake
-- Installing: /home/harsh/ros2_new/install/cashier_system/share/cashier_system/cmake/ament_cmake_export_libraries-extras.cmake
-- Installing: /home/harsh/ros2_new/install/cashier_system/share/cashier_system/cmake/ament_cmake_export_targets-extras.cmake
-- Installing: /home/harsh/ros2_new/install/cashier_system/share/cashier_system/cmake/rosidl_cmake_export_typesupport_targets-extras.cmake
-- Installing: /home/harsh/ros2_new/install/cashier_system/share/cashier_system/cmake/rosidl_cmake_export_typesupport_libraries-extras.cmake
-- Installing: /home/harsh/ros2_new/install/cashier_system/share/cashier_system/cmake/cashier_systemConfig.cmake
-- Installing: /home/harsh/ros2_new/install/cashier_system/share/cashier_system/cmake/cashier_systemConfig-version.cmake
-- Installing: /home/harsh/ros2_new/install/cashier_system/share/cashier_system/package.xml
