[0.008s] Invoking command in '/home/harsh/ros2_new/build/cashier_system': CMAKE_PREFIX_PATH=/opt/ros/humble /usr/bin/cmake /home/harsh/ros2_new/src/cashier_system -DCMAKE_INSTALL_PREFIX=/home/harsh/ros2_new/install/cashier_system
[0.063s] -- The C compiler identification is GNU 11.4.0
[0.108s] -- The CXX compiler identification is GNU 11.4.0
[0.114s] -- Detecting C compiler ABI info
[0.174s] -- Detecting C compiler ABI info - done
[0.178s] -- Check for working C compiler: /usr/bin/cc - skipped
[0.179s] -- Detecting C compile features
[0.179s] -- Detecting C compile features - done
[0.181s] -- Detecting CXX compiler ABI info
[0.247s] -- Detecting CXX compiler ABI info - done
[0.252s] -- Check for working CXX compiler: /usr/bin/c++ - skipped
[0.252s] -- Detecting CXX compile features
[0.253s] -- Detecting CXX compile features - done
[0.254s] -- Found ament_cmake: 1.3.10 (/opt/ros/humble/share/ament_cmake/cmake)
[0.359s] -- Found Python3: /usr/bin/python3 (found version "3.10.12") found components: Interpreter 
[0.417s] -- Found rclcpp: 16.0.10 (/opt/ros/humble/share/rclcpp/cmake)
[0.444s] -- Found rosidl_generator_c: 3.1.5 (/opt/ros/humble/share/rosidl_generator_c/cmake)
[0.447s] -- Found rosidl_adapter: 3.1.5 (/opt/ros/humble/share/rosidl_adapter/cmake)
[0.452s] -- Found rosidl_generator_cpp: 3.1.5 (/opt/ros/humble/share/rosidl_generator_cpp/cmake)
[0.460s] -- Using all available rosidl_typesupport_c: rosidl_typesupport_fastrtps_c;rosidl_typesupport_introspection_c
[0.470s] -- Using all available rosidl_typesupport_cpp: rosidl_typesupport_fastrtps_cpp;rosidl_typesupport_introspection_cpp
[0.498s] -- Found rmw_implementation_cmake: 6.1.2 (/opt/ros/humble/share/rmw_implementation_cmake/cmake)
[0.500s] -- Found rmw_fastrtps_cpp: 6.2.7 (/opt/ros/humble/share/rmw_fastrtps_cpp/cmake)
[0.575s] -- Found OpenSSL: /usr/lib/x86_64-linux-gnu/libcrypto.so (found version "3.0.2")  
[0.596s] -- Found FastRTPS: /opt/ros/humble/include  
[0.628s] -- Using RMW implementation 'rmw_fastrtps_cpp' as default
[0.633s] -- Looking for pthread.h
[0.697s] -- Looking for pthread.h - found
[0.697s] -- Performing Test CMAKE_HAVE_LIBC_PTHREAD
[0.761s] -- Performing Test CMAKE_HAVE_LIBC_PTHREAD - Success
[0.762s] -- Found Threads: TRUE  
[0.797s] -- Found std_srvs: 4.2.4 (/opt/ros/humble/share/std_srvs/cmake)
[0.806s] -- Found rosidl_default_generators: 1.2.0 (/opt/ros/humble/share/rosidl_default_generators/cmake)
[0.988s] -- Found ament_cmake_ros: 0.10.0 (/opt/ros/humble/share/ament_cmake_ros/cmake)
[1.212s] -- Using all available rosidl_typesupport_c: rosidl_typesupport_fastrtps_c;rosidl_typesupport_introspection_c
[1.297s] -- Using all available rosidl_typesupport_cpp: rosidl_typesupport_fastrtps_cpp;rosidl_typesupport_introspection_cpp
[1.314s] -- Found PythonInterp: /usr/bin/python3 (found suitable version "3.10.12", minimum required is "3.6") 
[1.315s] -- Found python_cmake_module: 0.10.0 (/opt/ros/humble/share/python_cmake_module/cmake)
[1.336s] -- Found PythonLibs: /usr/lib/x86_64-linux-gnu/libpython3.10.so (found suitable version "3.10.12", minimum required is "3.5") 
[1.336s] -- Using PYTHON_EXECUTABLE: /usr/bin/python3
[1.336s] -- Using PYTHON_INCLUDE_DIRS: /usr/include/python3.10
[1.336s] -- Using PYTHON_LIBRARIES: /usr/lib/x86_64-linux-gnu/libpython3.10.so
[1.352s] -- Found PythonExtra: .so  
[1.385s] -- Configuring done
[1.415s] -- Generating done
[1.425s] -- Build files have been written to: /home/harsh/ros2_new/build/cashier_system
[1.435s] Invoked command in '/home/harsh/ros2_new/build/cashier_system' returned '0': CMAKE_PREFIX_PATH=/opt/ros/humble /usr/bin/cmake /home/harsh/ros2_new/src/cashier_system -DCMAKE_INSTALL_PREFIX=/home/harsh/ros2_new/install/cashier_system
[1.438s] Invoking command in '/home/harsh/ros2_new/build/cashier_system': CMAKE_PREFIX_PATH=/opt/ros/humble /usr/bin/cmake --build /home/harsh/ros2_new/build/cashier_system -- -j16 -l16
[1.473s] [  2%] [34m[1mGenerating C code for ROS interfaces[0m
[1.482s] [  5%] [34m[1mGenerating C++ code for ROS interfaces[0m
[1.490s] [  5%] Built target ament_cmake_python_copy_cashier_system
[1.645s] [  5%] Built target cashier_system__cpp
[1.653s] [ 16%] [34m[1mGenerating C++ introspection for ROS interfaces[0m
[1.653s] [ 16%] [32mBuilding C object CMakeFiles/cashier_system__rosidl_generator_c.dir/rosidl_generator_c/cashier_system/msg/detail/bill__functions.c.o[0m
[1.653s] [ 16%] [34m[1mGenerating C++ type support dispatch for ROS interfaces[0m
[1.653s] [ 16%] [34m[1mGenerating C++ type support for eProsima Fast-RTPS[0m
[1.662s] running egg_info
[1.662s] creating cashier_system.egg-info
[1.662s] writing cashier_system.egg-info/PKG-INFO
[1.663s] writing dependency_links to cashier_system.egg-info/dependency_links.txt
[1.663s] writing top-level names to cashier_system.egg-info/top_level.txt
[1.663s] writing manifest file 'cashier_system.egg-info/SOURCES.txt'
[1.665s] reading manifest file 'cashier_system.egg-info/SOURCES.txt'
[1.665s] writing manifest file 'cashier_system.egg-info/SOURCES.txt'
[1.690s] [ 16%] Built target ament_cmake_python_build_cashier_system_egg
[1.697s] [ 18%] [32m[1mLinking C shared library libcashier_system__rosidl_generator_c.so[0m
[1.730s] [ 18%] Built target cashier_system__rosidl_generator_c
[1.739s] [ 27%] [34m[1mGenerating C type support for eProsima Fast-RTPS[0m
[1.739s] [ 27%] [34m[1mGenerating C introspection for ROS interfaces[0m
[1.739s] [ 27%] [34m[1mGenerating C type support dispatch for ROS interfaces[0m
[1.812s] [ 29%] [32mBuilding CXX object CMakeFiles/cashier_system__rosidl_typesupport_cpp.dir/rosidl_typesupport_cpp/cashier_system/msg/bill__type_support.cpp.o[0m
[1.823s] [ 32%] [32mBuilding CXX object CMakeFiles/cashier_system__rosidl_typesupport_introspection_cpp.dir/rosidl_typesupport_introspection_cpp/cashier_system/msg/detail/bill__type_support.cpp.o[0m
[1.830s] [ 35%] [32mBuilding CXX object CMakeFiles/cashier_system__rosidl_typesupport_fastrtps_cpp.dir/rosidl_typesupport_fastrtps_cpp/cashier_system/msg/detail/dds_fastrtps/bill__type_support.cpp.o[0m
[1.897s] [ 37%] [32mBuilding CXX object CMakeFiles/cashier_system__rosidl_typesupport_c.dir/rosidl_typesupport_c/cashier_system/msg/bill__type_support.cpp.o[0m
[1.915s] [ 43%] [32mBuilding CXX object CMakeFiles/cashier_system__rosidl_typesupport_fastrtps_c.dir/rosidl_typesupport_fastrtps_c/cashier_system/msg/detail/bill__type_support_c.cpp.o[0m
[1.915s] [ 43%] [32mBuilding C object CMakeFiles/cashier_system__rosidl_typesupport_introspection_c.dir/rosidl_typesupport_introspection_c/cashier_system/msg/detail/bill__type_support.c.o[0m
[1.923s] [ 45%] [32m[1mLinking CXX shared library libcashier_system__rosidl_typesupport_c.so[0m
[1.945s] [ 48%] [32m[1mLinking C shared library libcashier_system__rosidl_typesupport_introspection_c.so[0m
[1.959s] [ 48%] Built target cashier_system__rosidl_typesupport_c
[1.974s] [ 48%] Built target cashier_system__rosidl_typesupport_introspection_c
[2.007s] [ 51%] [32m[1mLinking CXX shared library libcashier_system__rosidl_typesupport_cpp.so[0m
[2.046s] [ 51%] Built target cashier_system__rosidl_typesupport_cpp
[2.063s] [ 59%] [32mBuilding CXX object CMakeFiles/cashier_node.dir/src/cashier_node.cpp.o[0m
[2.063s] [ 59%] [32mBuilding CXX object CMakeFiles/bill_listener_node.dir/src/bill_listener_node.cpp.o[0m
[2.063s] [ 59%] [32mBuilding CXX object CMakeFiles/bill_publisher_node.dir/src/bill_publisher_node.cpp.o[0m
[2.100s] [ 62%] [32m[1mLinking CXX shared library libcashier_system__rosidl_typesupport_introspection_cpp.so[0m
[2.127s] [ 64%] [32m[1mLinking CXX shared library libcashier_system__rosidl_typesupport_fastrtps_cpp.so[0m
[2.155s] [ 64%] Built target cashier_system__rosidl_typesupport_introspection_cpp
[2.156s] [ 67%] [32m[1mLinking CXX shared library libcashier_system__rosidl_typesupport_fastrtps_c.so[0m
[2.190s] [ 67%] Built target cashier_system__rosidl_typesupport_fastrtps_cpp
[2.217s] [ 67%] Built target cashier_system__rosidl_typesupport_fastrtps_c
[2.237s] [ 67%] Built target cashier_system
[2.257s] [ 70%] [34m[1mGenerating Python code for ROS interfaces[0m
[2.462s] [ 70%] Built target cashier_system__py
[2.483s] [ 72%] [32mBuilding C object CMakeFiles/cashier_system__rosidl_generator_py.dir/rosidl_generator_py/cashier_system/msg/_bill_s.c.o[0m
[2.584s] [ 75%] [32m[1mLinking C shared library rosidl_generator_py/cashier_system/libcashier_system__rosidl_generator_py.so[0m
[2.622s] [ 75%] Built target cashier_system__rosidl_generator_py
[2.640s] [ 83%] [32mBuilding C object CMakeFiles/cashier_system__rosidl_typesupport_introspection_c__pyext.dir/rosidl_generator_py/cashier_system/_cashier_system_s.ep.rosidl_typesupport_introspection_c.c.o[0m
[2.640s] [ 83%] [32mBuilding C object CMakeFiles/cashier_system__rosidl_typesupport_c__pyext.dir/rosidl_generator_py/cashier_system/_cashier_system_s.ep.rosidl_typesupport_c.c.o[0m
[2.640s] [ 83%] [32mBuilding C object CMakeFiles/cashier_system__rosidl_typesupport_fastrtps_c__pyext.dir/rosidl_generator_py/cashier_system/_cashier_system_s.ep.rosidl_typesupport_fastrtps_c.c.o[0m
[2.715s] [ 91%] [32m[1mLinking C shared library rosidl_generator_py/cashier_system/cashier_system_s__rosidl_typesupport_introspection_c.cpython-310-x86_64-linux-gnu.so[0m
[2.715s] [ 91%] [32m[1mLinking C shared library rosidl_generator_py/cashier_system/cashier_system_s__rosidl_typesupport_c.cpython-310-x86_64-linux-gnu.so[0m
[2.715s] [ 91%] [32m[1mLinking C shared library rosidl_generator_py/cashier_system/cashier_system_s__rosidl_typesupport_fastrtps_c.cpython-310-x86_64-linux-gnu.so[0m
[2.745s] [ 91%] Built target cashier_system__rosidl_typesupport_c__pyext
[2.745s] [ 91%] Built target cashier_system__rosidl_typesupport_fastrtps_c__pyext
[2.745s] [ 91%] Built target cashier_system__rosidl_typesupport_introspection_c__pyext
[5.266s] [ 94%] [32m[1mLinking CXX executable bill_publisher_node[0m
[5.409s] [ 94%] Built target bill_publisher_node
[7.986s] [ 97%] [32m[1mLinking CXX executable bill_listener_node[0m
[8.232s] [ 97%] Built target bill_listener_node
[8.405s] [100%] [32m[1mLinking CXX executable cashier_node[0m
[8.684s] [100%] Built target cashier_node
[8.703s] Invoked command in '/home/harsh/ros2_new/build/cashier_system' returned '0': CMAKE_PREFIX_PATH=/opt/ros/humble /usr/bin/cmake --build /home/harsh/ros2_new/build/cashier_system -- -j16 -l16
[8.712s] Invoking command in '/home/harsh/ros2_new/build/cashier_system': CMAKE_PREFIX_PATH=/opt/ros/humble /usr/bin/cmake --install /home/harsh/ros2_new/build/cashier_system
[8.718s] -- Install configuration: ""
[8.718s] -- Installing: /home/harsh/ros2_new/install/cashier_system/share/ament_index/resource_index/rosidl_interfaces/cashier_system
[8.718s] -- Installing: /home/harsh/ros2_new/install/cashier_system/include/cashier_system/cashier_system
[8.718s] -- Installing: /home/harsh/ros2_new/install/cashier_system/include/cashier_system/cashier_system/msg
[8.718s] -- Installing: /home/harsh/ros2_new/install/cashier_system/include/cashier_system/cashier_system/msg/rosidl_generator_c__visibility_control.h
[8.718s] -- Installing: /home/harsh/ros2_new/install/cashier_system/include/cashier_system/cashier_system/msg/bill.h
[8.719s] -- Installing: /home/harsh/ros2_new/install/cashier_system/include/cashier_system/cashier_system/msg/detail
[8.719s] -- Installing: /home/harsh/ros2_new/install/cashier_system/include/cashier_system/cashier_system/msg/detail/bill__type_support.h
[8.719s] -- Installing: /home/harsh/ros2_new/install/cashier_system/include/cashier_system/cashier_system/msg/detail/bill__functions.h
[8.719s] -- Installing: /home/harsh/ros2_new/install/cashier_system/include/cashier_system/cashier_system/msg/detail/bill__functions.c
[8.719s] -- Installing: /home/harsh/ros2_new/install/cashier_system/include/cashier_system/cashier_system/msg/detail/bill__struct.h
[8.719s] -- Installing: /home/harsh/ros2_new/install/cashier_system/share/cashier_system/environment/library_path.sh
[8.719s] -- Installing: /home/harsh/ros2_new/install/cashier_system/share/cashier_system/environment/library_path.dsv
[8.719s] -- Installing: /home/harsh/ros2_new/install/cashier_system/lib/libcashier_system__rosidl_generator_c.so
[8.719s] -- Set runtime path of "/home/harsh/ros2_new/install/cashier_system/lib/libcashier_system__rosidl_generator_c.so" to ""
[8.719s] -- Up-to-date: /home/harsh/ros2_new/install/cashier_system/include/cashier_system/cashier_system
[8.719s] -- Up-to-date: /home/harsh/ros2_new/install/cashier_system/include/cashier_system/cashier_system/msg
[8.719s] -- Up-to-date: /home/harsh/ros2_new/install/cashier_system/include/cashier_system/cashier_system/msg/detail
[8.719s] -- Installing: /home/harsh/ros2_new/install/cashier_system/include/cashier_system/cashier_system/msg/detail/bill__rosidl_typesupport_fastrtps_c.h
[8.719s] -- Installing: /home/harsh/ros2_new/install/cashier_system/include/cashier_system/cashier_system/msg/rosidl_typesupport_fastrtps_c__visibility_control.h
[8.720s] -- Installing: /home/harsh/ros2_new/install/cashier_system/lib/libcashier_system__rosidl_typesupport_fastrtps_c.so
[8.720s] -- Set runtime path of "/home/harsh/ros2_new/install/cashier_system/lib/libcashier_system__rosidl_typesupport_fastrtps_c.so" to ""
[8.720s] -- Up-to-date: /home/harsh/ros2_new/install/cashier_system/include/cashier_system/cashier_system
[8.720s] -- Up-to-date: /home/harsh/ros2_new/install/cashier_system/include/cashier_system/cashier_system/msg
[8.720s] -- Up-to-date: /home/harsh/ros2_new/install/cashier_system/include/cashier_system/cashier_system/msg/detail
[8.720s] -- Installing: /home/harsh/ros2_new/install/cashier_system/include/cashier_system/cashier_system/msg/detail/bill__struct.hpp
[8.720s] -- Installing: /home/harsh/ros2_new/install/cashier_system/include/cashier_system/cashier_system/msg/detail/bill__builder.hpp
[8.720s] -- Installing: /home/harsh/ros2_new/install/cashier_system/include/cashier_system/cashier_system/msg/detail/bill__traits.hpp
[8.720s] -- Installing: /home/harsh/ros2_new/install/cashier_system/include/cashier_system/cashier_system/msg/bill.hpp
[8.720s] -- Up-to-date: /home/harsh/ros2_new/install/cashier_system/include/cashier_system/cashier_system
[8.720s] -- Up-to-date: /home/harsh/ros2_new/install/cashier_system/include/cashier_system/cashier_system/msg
[8.720s] -- Installing: /home/harsh/ros2_new/install/cashier_system/include/cashier_system/cashier_system/msg/rosidl_typesupport_fastrtps_cpp__visibility_control.h
[8.721s] -- Up-to-date: /home/harsh/ros2_new/install/cashier_system/include/cashier_system/cashier_system/msg/detail
[8.721s] -- Installing: /home/harsh/ros2_new/install/cashier_system/include/cashier_system/cashier_system/msg/detail/bill__rosidl_typesupport_fastrtps_cpp.hpp
[8.721s] -- Installing: /home/harsh/ros2_new/install/cashier_system/include/cashier_system/cashier_system/msg/detail/dds_fastrtps
[8.721s] -- Installing: /home/harsh/ros2_new/install/cashier_system/lib/libcashier_system__rosidl_typesupport_fastrtps_cpp.so
[8.721s] -- Set runtime path of "/home/harsh/ros2_new/install/cashier_system/lib/libcashier_system__rosidl_typesupport_fastrtps_cpp.so" to ""
[8.721s] -- Up-to-date: /home/harsh/ros2_new/install/cashier_system/include/cashier_system/cashier_system
[8.721s] -- Up-to-date: /home/harsh/ros2_new/install/cashier_system/include/cashier_system/cashier_system/msg
[8.721s] -- Up-to-date: /home/harsh/ros2_new/install/cashier_system/include/cashier_system/cashier_system/msg/detail
[8.721s] -- Installing: /home/harsh/ros2_new/install/cashier_system/include/cashier_system/cashier_system/msg/detail/bill__type_support.c
[8.721s] -- Installing: /home/harsh/ros2_new/install/cashier_system/include/cashier_system/cashier_system/msg/detail/bill__rosidl_typesupport_introspection_c.h
[8.721s] -- Installing: /home/harsh/ros2_new/install/cashier_system/include/cashier_system/cashier_system/msg/rosidl_typesupport_introspection_c__visibility_control.h
[8.721s] -- Installing: /home/harsh/ros2_new/install/cashier_system/lib/libcashier_system__rosidl_typesupport_introspection_c.so
[8.722s] -- Set runtime path of "/home/harsh/ros2_new/install/cashier_system/lib/libcashier_system__rosidl_typesupport_introspection_c.so" to ""
[8.722s] -- Installing: /home/harsh/ros2_new/install/cashier_system/lib/libcashier_system__rosidl_typesupport_c.so
[8.722s] -- Set runtime path of "/home/harsh/ros2_new/install/cashier_system/lib/libcashier_system__rosidl_typesupport_c.so" to ""
[8.722s] -- Up-to-date: /home/harsh/ros2_new/install/cashier_system/include/cashier_system/cashier_system
[8.722s] -- Up-to-date: /home/harsh/ros2_new/install/cashier_system/include/cashier_system/cashier_system/msg
[8.722s] -- Up-to-date: /home/harsh/ros2_new/install/cashier_system/include/cashier_system/cashier_system/msg/detail
[8.722s] -- Installing: /home/harsh/ros2_new/install/cashier_system/include/cashier_system/cashier_system/msg/detail/bill__rosidl_typesupport_introspection_cpp.hpp
[8.722s] -- Installing: /home/harsh/ros2_new/install/cashier_system/include/cashier_system/cashier_system/msg/detail/bill__type_support.cpp
[8.722s] -- Installing: /home/harsh/ros2_new/install/cashier_system/lib/libcashier_system__rosidl_typesupport_introspection_cpp.so
[8.723s] -- Set runtime path of "/home/harsh/ros2_new/install/cashier_system/lib/libcashier_system__rosidl_typesupport_introspection_cpp.so" to ""
[8.723s] -- Installing: /home/harsh/ros2_new/install/cashier_system/lib/libcashier_system__rosidl_typesupport_cpp.so
[8.723s] -- Set runtime path of "/home/harsh/ros2_new/install/cashier_system/lib/libcashier_system__rosidl_typesupport_cpp.so" to ""
[8.723s] -- Installing: /home/harsh/ros2_new/install/cashier_system/share/cashier_system/environment/pythonpath.sh
[8.723s] -- Installing: /home/harsh/ros2_new/install/cashier_system/share/cashier_system/environment/pythonpath.dsv
[8.723s] -- Installing: /home/harsh/ros2_new/install/cashier_system/local/lib/python3.10/dist-packages/cashier_system-0.0.1-py3.10.egg-info
[8.723s] -- Installing: /home/harsh/ros2_new/install/cashier_system/local/lib/python3.10/dist-packages/cashier_system-0.0.1-py3.10.egg-info/top_level.txt
[8.723s] -- Installing: /home/harsh/ros2_new/install/cashier_system/local/lib/python3.10/dist-packages/cashier_system-0.0.1-py3.10.egg-info/dependency_links.txt
[8.724s] -- Installing: /home/harsh/ros2_new/install/cashier_system/local/lib/python3.10/dist-packages/cashier_system-0.0.1-py3.10.egg-info/PKG-INFO
[8.724s] -- Installing: /home/harsh/ros2_new/install/cashier_system/local/lib/python3.10/dist-packages/cashier_system-0.0.1-py3.10.egg-info/SOURCES.txt
[8.724s] -- Installing: /home/harsh/ros2_new/install/cashier_system/local/lib/python3.10/dist-packages/cashier_system
[8.724s] -- Installing: /home/harsh/ros2_new/install/cashier_system/local/lib/python3.10/dist-packages/cashier_system/_cashier_system_s.ep.rosidl_typesupport_introspection_c.c
[8.724s] -- Installing: /home/harsh/ros2_new/install/cashier_system/local/lib/python3.10/dist-packages/cashier_system/cashier_system_s__rosidl_typesupport_introspection_c.cpython-310-x86_64-linux-gnu.so
[8.724s] -- Installing: /home/harsh/ros2_new/install/cashier_system/local/lib/python3.10/dist-packages/cashier_system/_cashier_system_s.ep.rosidl_typesupport_c.c
[8.724s] -- Installing: /home/harsh/ros2_new/install/cashier_system/local/lib/python3.10/dist-packages/cashier_system/libcashier_system__rosidl_generator_py.so
[8.725s] -- Installing: /home/harsh/ros2_new/install/cashier_system/local/lib/python3.10/dist-packages/cashier_system/cashier_system_s__rosidl_typesupport_fastrtps_c.cpython-310-x86_64-linux-gnu.so
[8.725s] -- Installing: /home/harsh/ros2_new/install/cashier_system/local/lib/python3.10/dist-packages/cashier_system/msg
[8.725s] -- Installing: /home/harsh/ros2_new/install/cashier_system/local/lib/python3.10/dist-packages/cashier_system/msg/_bill.py
[8.725s] -- Installing: /home/harsh/ros2_new/install/cashier_system/local/lib/python3.10/dist-packages/cashier_system/msg/_bill_s.c
[8.725s] -- Installing: /home/harsh/ros2_new/install/cashier_system/local/lib/python3.10/dist-packages/cashier_system/msg/__init__.py
[8.725s] -- Installing: /home/harsh/ros2_new/install/cashier_system/local/lib/python3.10/dist-packages/cashier_system/__init__.py
[8.725s] -- Installing: /home/harsh/ros2_new/install/cashier_system/local/lib/python3.10/dist-packages/cashier_system/_cashier_system_s.ep.rosidl_typesupport_fastrtps_c.c
[8.725s] -- Installing: /home/harsh/ros2_new/install/cashier_system/local/lib/python3.10/dist-packages/cashier_system/cashier_system_s__rosidl_typesupport_c.cpython-310-x86_64-linux-gnu.so
[8.760s] Listing '/home/harsh/ros2_new/install/cashier_system/local/lib/python3.10/dist-packages/cashier_system'...
[8.760s] Compiling '/home/harsh/ros2_new/install/cashier_system/local/lib/python3.10/dist-packages/cashier_system/__init__.py'...
[8.760s] Listing '/home/harsh/ros2_new/install/cashier_system/local/lib/python3.10/dist-packages/cashier_system/msg'...
[8.760s] Compiling '/home/harsh/ros2_new/install/cashier_system/local/lib/python3.10/dist-packages/cashier_system/msg/__init__.py'...
[8.760s] Compiling '/home/harsh/ros2_new/install/cashier_system/local/lib/python3.10/dist-packages/cashier_system/msg/_bill.py'...
[8.763s] -- Installing: /home/harsh/ros2_new/install/cashier_system/local/lib/python3.10/dist-packages/cashier_system/cashier_system_s__rosidl_typesupport_fastrtps_c.cpython-310-x86_64-linux-gnu.so
[8.764s] -- Set runtime path of "/home/harsh/ros2_new/install/cashier_system/local/lib/python3.10/dist-packages/cashier_system/cashier_system_s__rosidl_typesupport_fastrtps_c.cpython-310-x86_64-linux-gnu.so" to ""
[8.764s] -- Installing: /home/harsh/ros2_new/install/cashier_system/local/lib/python3.10/dist-packages/cashier_system/cashier_system_s__rosidl_typesupport_introspection_c.cpython-310-x86_64-linux-gnu.so
[8.764s] -- Set runtime path of "/home/harsh/ros2_new/install/cashier_system/local/lib/python3.10/dist-packages/cashier_system/cashier_system_s__rosidl_typesupport_introspection_c.cpython-310-x86_64-linux-gnu.so" to ""
[8.764s] -- Installing: /home/harsh/ros2_new/install/cashier_system/local/lib/python3.10/dist-packages/cashier_system/cashier_system_s__rosidl_typesupport_c.cpython-310-x86_64-linux-gnu.so
[8.765s] -- Set runtime path of "/home/harsh/ros2_new/install/cashier_system/local/lib/python3.10/dist-packages/cashier_system/cashier_system_s__rosidl_typesupport_c.cpython-310-x86_64-linux-gnu.so" to ""
[8.765s] -- Installing: /home/harsh/ros2_new/install/cashier_system/lib/libcashier_system__rosidl_generator_py.so
[8.765s] -- Set runtime path of "/home/harsh/ros2_new/install/cashier_system/lib/libcashier_system__rosidl_generator_py.so" to ""
[8.765s] -- Installing: /home/harsh/ros2_new/install/cashier_system/share/cashier_system/msg/Bill.idl
[8.765s] -- Installing: /home/harsh/ros2_new/install/cashier_system/share/cashier_system/msg/Bill.msg
[8.765s] -- Installing: /home/harsh/ros2_new/install/cashier_system/lib/cashier_system/bill_publisher_node
[8.766s] -- Set runtime path of "/home/harsh/ros2_new/install/cashier_system/lib/cashier_system/bill_publisher_node" to ""
[8.766s] -- Installing: /home/harsh/ros2_new/install/cashier_system/lib/cashier_system/cashier_node
[8.769s] -- Set runtime path of "/home/harsh/ros2_new/install/cashier_system/lib/cashier_system/cashier_node" to ""
[8.770s] -- Installing: /home/harsh/ros2_new/install/cashier_system/lib/cashier_system/bill_listener_node
[8.772s] -- Set runtime path of "/home/harsh/ros2_new/install/cashier_system/lib/cashier_system/bill_listener_node" to ""
[8.772s] -- Installing: /home/harsh/ros2_new/install/cashier_system/share/ament_index/resource_index/package_run_dependencies/cashier_system
[8.773s] -- Installing: /home/harsh/ros2_new/install/cashier_system/share/ament_index/resource_index/parent_prefix_path/cashier_system
[8.773s] -- Installing: /home/harsh/ros2_new/install/cashier_system/share/cashier_system/environment/ament_prefix_path.sh
[8.773s] -- Installing: /home/harsh/ros2_new/install/cashier_system/share/cashier_system/environment/ament_prefix_path.dsv
[8.773s] -- Installing: /home/harsh/ros2_new/install/cashier_system/share/cashier_system/environment/path.sh
[8.773s] -- Installing: /home/harsh/ros2_new/install/cashier_system/share/cashier_system/environment/path.dsv
[8.773s] -- Installing: /home/harsh/ros2_new/install/cashier_system/share/cashier_system/local_setup.bash
[8.773s] -- Installing: /home/harsh/ros2_new/install/cashier_system/share/cashier_system/local_setup.sh
[8.773s] -- Installing: /home/harsh/ros2_new/install/cashier_system/share/cashier_system/local_setup.zsh
[8.773s] -- Installing: /home/harsh/ros2_new/install/cashier_system/share/cashier_system/local_setup.dsv
[8.773s] -- Installing: /home/harsh/ros2_new/install/cashier_system/share/cashier_system/package.dsv
[8.774s] -- Installing: /home/harsh/ros2_new/install/cashier_system/share/ament_index/resource_index/packages/cashier_system
[8.774s] -- Installing: /home/harsh/ros2_new/install/cashier_system/share/cashier_system/cmake/export_cashier_system__rosidl_generator_cExport.cmake
[8.774s] -- Installing: /home/harsh/ros2_new/install/cashier_system/share/cashier_system/cmake/export_cashier_system__rosidl_generator_cExport-noconfig.cmake
[8.774s] -- Installing: /home/harsh/ros2_new/install/cashier_system/share/cashier_system/cmake/export_cashier_system__rosidl_typesupport_fastrtps_cExport.cmake
[8.774s] -- Installing: /home/harsh/ros2_new/install/cashier_system/share/cashier_system/cmake/export_cashier_system__rosidl_typesupport_fastrtps_cExport-noconfig.cmake
[8.774s] -- Installing: /home/harsh/ros2_new/install/cashier_system/share/cashier_system/cmake/export_cashier_system__rosidl_generator_cppExport.cmake
[8.774s] -- Installing: /home/harsh/ros2_new/install/cashier_system/share/cashier_system/cmake/export_cashier_system__rosidl_typesupport_fastrtps_cppExport.cmake
[8.775s] -- Installing: /home/harsh/ros2_new/install/cashier_system/share/cashier_system/cmake/export_cashier_system__rosidl_typesupport_fastrtps_cppExport-noconfig.cmake
[8.775s] -- Installing: /home/harsh/ros2_new/install/cashier_system/share/cashier_system/cmake/cashier_system__rosidl_typesupport_introspection_cExport.cmake
[8.775s] -- Installing: /home/harsh/ros2_new/install/cashier_system/share/cashier_system/cmake/cashier_system__rosidl_typesupport_introspection_cExport-noconfig.cmake
[8.775s] -- Installing: /home/harsh/ros2_new/install/cashier_system/share/cashier_system/cmake/cashier_system__rosidl_typesupport_cExport.cmake
[8.775s] -- Installing: /home/harsh/ros2_new/install/cashier_system/share/cashier_system/cmake/cashier_system__rosidl_typesupport_cExport-noconfig.cmake
[8.775s] -- Installing: /home/harsh/ros2_new/install/cashier_system/share/cashier_system/cmake/cashier_system__rosidl_typesupport_introspection_cppExport.cmake
[8.775s] -- Installing: /home/harsh/ros2_new/install/cashier_system/share/cashier_system/cmake/cashier_system__rosidl_typesupport_introspection_cppExport-noconfig.cmake
[8.775s] -- Installing: /home/harsh/ros2_new/install/cashier_system/share/cashier_system/cmake/cashier_system__rosidl_typesupport_cppExport.cmake
[8.776s] -- Installing: /home/harsh/ros2_new/install/cashier_system/share/cashier_system/cmake/cashier_system__rosidl_typesupport_cppExport-noconfig.cmake
[8.776s] -- Installing: /home/harsh/ros2_new/install/cashier_system/share/cashier_system/cmake/export_cashier_system__rosidl_generator_pyExport.cmake
[8.776s] -- Installing: /home/harsh/ros2_new/install/cashier_system/share/cashier_system/cmake/export_cashier_system__rosidl_generator_pyExport-noconfig.cmake
[8.776s] -- Installing: /home/harsh/ros2_new/install/cashier_system/share/cashier_system/cmake/rosidl_cmake-extras.cmake
[8.776s] -- Installing: /home/harsh/ros2_new/install/cashier_system/share/cashier_system/cmake/ament_cmake_export_dependencies-extras.cmake
[8.776s] -- Installing: /home/harsh/ros2_new/install/cashier_system/share/cashier_system/cmake/ament_cmake_export_include_directories-extras.cmake
[8.776s] -- Installing: /home/harsh/ros2_new/install/cashier_system/share/cashier_system/cmake/ament_cmake_export_libraries-extras.cmake
[8.776s] -- Installing: /home/harsh/ros2_new/install/cashier_system/share/cashier_system/cmake/ament_cmake_export_targets-extras.cmake
[8.777s] -- Installing: /home/harsh/ros2_new/install/cashier_system/share/cashier_system/cmake/rosidl_cmake_export_typesupport_targets-extras.cmake
[8.777s] -- Installing: /home/harsh/ros2_new/install/cashier_system/share/cashier_system/cmake/rosidl_cmake_export_typesupport_libraries-extras.cmake
[8.777s] -- Installing: /home/harsh/ros2_new/install/cashier_system/share/cashier_system/cmake/cashier_systemConfig.cmake
[8.777s] -- Installing: /home/harsh/ros2_new/install/cashier_system/share/cashier_system/cmake/cashier_systemConfig-version.cmake
[8.777s] -- Installing: /home/harsh/ros2_new/install/cashier_system/share/cashier_system/package.xml
[8.780s] Invoked command in '/home/harsh/ros2_new/build/cashier_system' returned '0': CMAKE_PREFIX_PATH=/opt/ros/humble /usr/bin/cmake --install /home/harsh/ros2_new/build/cashier_system
