[35m[1mConsolidate compiler generated dependencies of target hello_node[0m
[ 50%] [32mBuilding CXX object CMakeFiles/hello_node.dir/src/helloworld.cpp.o[0m
[100%] [32m[1mLinking CXX executable hello_node[0m
[100%] Built target hello_node
-- Install configuration: ""
-- Installing: /home/harsh/ros2_new/install/hello_world/lib/hello_world/hello_node
-- Set runtime path of "/home/harsh/ros2_new/install/hello_world/lib/hello_world/hello_node" to ""
-- Installing: /home/harsh/ros2_new/install/hello_world/share/ament_index/resource_index/package_run_dependencies/hello_world
-- Installing: /home/harsh/ros2_new/install/hello_world/share/ament_index/resource_index/parent_prefix_path/hello_world
-- Installing: /home/harsh/ros2_new/install/hello_world/share/hello_world/environment/ament_prefix_path.sh
-- Installing: /home/harsh/ros2_new/install/hello_world/share/hello_world/environment/ament_prefix_path.dsv
-- Installing: /home/harsh/ros2_new/install/hello_world/share/hello_world/environment/path.sh
-- Installing: /home/harsh/ros2_new/install/hello_world/share/hello_world/environment/path.dsv
-- Installing: /home/harsh/ros2_new/install/hello_world/share/hello_world/local_setup.bash
-- Installing: /home/harsh/ros2_new/install/hello_world/share/hello_world/local_setup.sh
-- Installing: /home/harsh/ros2_new/install/hello_world/share/hello_world/local_setup.zsh
-- Installing: /home/harsh/ros2_new/install/hello_world/share/hello_world/local_setup.dsv
-- Installing: /home/harsh/ros2_new/install/hello_world/share/hello_world/package.dsv
-- Installing: /home/harsh/ros2_new/install/hello_world/share/ament_index/resource_index/packages/hello_world
-- Installing: /home/harsh/ros2_new/install/hello_world/share/hello_world/cmake/hello_worldConfig.cmake
-- Installing: /home/harsh/ros2_new/install/hello_world/share/hello_world/cmake/hello_worldConfig-version.cmake
-- Installing: /home/harsh/ros2_new/install/hello_world/share/hello_world/package.xml
