[0.015s] Invoking command in '/home/harsh/rover_project/build/mobile_robot': /usr/bin/cmake --build /home/harsh/rover_project/build/mobile_robot -- -j8 -l8
[0.055s] -- Found ament_cmake: 1.3.11 (/opt/ros/humble/share/ament_cmake/cmake)
[0.190s] -- Found rclcpp: 16.0.11 (/opt/ros/humble/share/rclcpp/cmake)
[0.235s] -- Found rosidl_generator_c: 3.1.6 (/opt/ros/humble/share/rosidl_generator_c/cmake)
[0.239s] -- Found rosidl_adapter: 3.1.6 (/opt/ros/humble/share/rosidl_adapter/cmake)
[0.249s] -- Found rosidl_generator_cpp: 3.1.6 (/opt/ros/humble/share/rosidl_generator_cpp/cmake)
[0.264s] -- Using all available rosidl_typesupport_c: rosidl_typesupport_fastrtps_c;rosidl_typesupport_introspection_c
[0.282s] -- Using all available rosidl_typesupport_cpp: rosidl_typesupport_fastrtps_cpp;rosidl_typesupport_introspection_cpp
[0.333s] -- Found rmw_implementation_cmake: 6.1.2 (/opt/ros/humble/share/rmw_implementation_cmake/cmake)
[0.337s] -- Found rmw_fastrtps_cpp: 6.2.7 (/opt/ros/humble/share/rmw_fastrtps_cpp/cmake)
[0.471s] -- Using RMW implementation 'rmw_fastrtps_cpp' as default
[0.541s] -- Found geometry_msgs: 4.2.4 (/opt/ros/humble/share/geometry_msgs/cmake)
[0.570s] -- Configuring incomplete, errors occurred!
[0.570s] See also "/home/harsh/rover_project/build/mobile_robot/CMakeFiles/CMakeOutput.log".
[0.570s] [31mCMake Error at CMakeLists.txt:14 (find_package):
[0.570s]   By not providing "Findcatkin.cmake" in CMAKE_MODULE_PATH this project has
[0.570s]   asked CMake to find a package configuration file provided by "catkin", but
[0.570s]   CMake did not find one.
[0.570s] 
[0.570s]   Could not find a package configuration file provided by "catkin" with any
[0.570s]   of the following names:
[0.570s] 
[0.570s]     catkinConfig.cmake
[0.570s]     catkin-config.cmake
[0.570s] 
[0.570s]   Add the installation prefix of "catkin" to CMAKE_PREFIX_PATH or set
[0.570s]   "catkin_DIR" to a directory containing one of the above files.  If "catkin"
[0.570s]   provides a separate development package or SDK, be sure it has been
[0.570s]   installed.
[0.571s] 
[0.571s] [0m
[0.581s] gmake: *** [Makefile:267: cmake_check_build_system] Error 1
[0.584s] Invoked command in '/home/harsh/rover_project/build/mobile_robot' returned '2': /usr/bin/cmake --build /home/harsh/rover_project/build/mobile_robot -- -j8 -l8
