[0.007s] Invoking command in '/home/harsh/ros2_new/build/hello_world': CMAKE_PREFIX_PATH=/opt/ros/humble /usr/bin/cmake /home/harsh/ros2_new/src/hello_world -DCMAKE_INSTALL_PREFIX=/home/harsh/ros2_new/install/hello_world
[0.115s] -- The C compiler identification is GNU 11.4.0
[0.193s] -- The CXX compiler identification is GNU 11.4.0
[0.203s] -- Detecting C compiler ABI info
[0.266s] -- Detecting C compiler ABI info - done
[0.270s] -- Check for working C compiler: /usr/bin/cc - skipped
[0.271s] -- Detecting C compile features
[0.272s] -- Detecting C compile features - done
[0.274s] -- Detecting CXX compiler ABI info
[0.342s] -- Detecting CXX compiler ABI info - done
[0.347s] -- Check for working CXX compiler: /usr/bin/c++ - skipped
[0.347s] -- Detecting CXX compile features
[0.348s] -- Detecting CXX compile features - done
[0.348s] [31mCMake Error at CMakeLists.txt:8 (ament_target_dependencies):
[0.348s]   Unknown CMake command "ament_target_dependencies".
[0.348s] 
[0.348s] [0m
[0.348s] -- Configuring incomplete, errors occurred!
[0.348s] See also "/home/harsh/ros2_new/build/hello_world/CMakeFiles/CMakeOutput.log".
[0.352s] Invoked command in '/home/harsh/ros2_new/build/hello_world' returned '1': CMAKE_PREFIX_PATH=/opt/ros/humble /usr/bin/cmake /home/harsh/ros2_new/src/hello_world -DCMAKE_INSTALL_PREFIX=/home/harsh/ros2_new/install/hello_world
