[0.009s] Invoking command in '/home/harsh/ros2_new/build/cashier_system': CMAKE_PREFIX_PATH=${CMAKE_PREFIX_PATH}:/opt/ros/humble /usr/bin/cmake --build /home/harsh/ros2_new/build/cashier_system -- -j16 -l16
[0.054s] [  2%] Built target cashier_system__cpp
[0.054s] [ 10%] Built target cashier_system__rosidl_generator_c
[0.062s] [ 10%] Built target ament_cmake_python_copy_cashier_system
[0.070s] [ 29%] Built target cashier_system__rosidl_typesupport_introspection_c
[0.070s] [ 29%] Built target cashier_system__rosidl_typesupport_cpp
[0.070s] [ 35%] Built target cashier_system__rosidl_typesupport_fastrtps_c
[0.071s] [ 43%] Built target cashier_system__rosidl_typesupport_c
[0.071s] [ 51%] Built target cashier_system__rosidl_typesupport_fastrtps_cpp
[0.071s] [ 59%] Built target cashier_system__rosidl_typesupport_introspection_cpp
[0.088s] [ 59%] Built target cashier_system
[0.090s] [ 75%] Built target bill_listener_node
[0.090s] [ 75%] Built target cashier_node
[0.091s] [ 75%] Built target bill_publisher_node
[0.106s] [ 78%] Built target cashier_system__py
[0.127s] [ 83%] Built target cashier_system__rosidl_generator_py
[0.146s] [100%] Built target cashier_system__rosidl_typesupport_introspection_c__pyext
[0.147s] [100%] Built target cashier_system__rosidl_typesupport_fastrtps_c__pyext
[0.147s] [100%] Built target cashier_system__rosidl_typesupport_c__pyext
[0.226s] running egg_info
[0.227s] writing cashier_system.egg-info/PKG-INFO
[0.227s] writing dependency_links to cashier_system.egg-info/dependency_links.txt
[0.227s] writing top-level names to cashier_system.egg-info/top_level.txt
[0.229s] reading manifest file 'cashier_system.egg-info/SOURCES.txt'
[0.229s] writing manifest file 'cashier_system.egg-info/SOURCES.txt'
[0.252s] [100%] Built target ament_cmake_python_build_cashier_system_egg
[0.262s] Invoked command in '/home/harsh/ros2_new/build/cashier_system' returned '0': CMAKE_PREFIX_PATH=${CMAKE_PREFIX_PATH}:/opt/ros/humble /usr/bin/cmake --build /home/harsh/ros2_new/build/cashier_system -- -j16 -l16
[0.272s] Invoking command in '/home/harsh/ros2_new/build/cashier_system': CMAKE_PREFIX_PATH=${CMAKE_PREFIX_PATH}:/opt/ros/humble /usr/bin/cmake --install /home/harsh/ros2_new/build/cashier_system
[0.278s] -- Install configuration: ""
[0.278s] -- Up-to-date: /home/harsh/ros2_new/install/cashier_system/share/ament_index/resource_index/rosidl_interfaces/cashier_system
[0.278s] -- Up-to-date: /home/harsh/ros2_new/install/cashier_system/include/cashier_system/cashier_system
[0.279s] -- Up-to-date: /home/harsh/ros2_new/install/cashier_system/include/cashier_system/cashier_system/msg
[0.279s] -- Up-to-date: /home/harsh/ros2_new/install/cashier_system/include/cashier_system/cashier_system/msg/rosidl_generator_c__visibility_control.h
[0.279s] -- Up-to-date: /home/harsh/ros2_new/install/cashier_system/include/cashier_system/cashier_system/msg/bill.h
[0.279s] -- Up-to-date: /home/harsh/ros2_new/install/cashier_system/include/cashier_system/cashier_system/msg/detail
[0.279s] -- Up-to-date: /home/harsh/ros2_new/install/cashier_system/include/cashier_system/cashier_system/msg/detail/bill__type_support.h
[0.279s] -- Up-to-date: /home/harsh/ros2_new/install/cashier_system/include/cashier_system/cashier_system/msg/detail/bill__functions.h
[0.279s] -- Up-to-date: /home/harsh/ros2_new/install/cashier_system/include/cashier_system/cashier_system/msg/detail/bill__functions.c
[0.279s] -- Up-to-date: /home/harsh/ros2_new/install/cashier_system/include/cashier_system/cashier_system/msg/detail/bill__struct.h
[0.279s] -- Up-to-date: /home/harsh/ros2_new/install/cashier_system/share/cashier_system/environment/library_path.sh
[0.279s] -- Up-to-date: /home/harsh/ros2_new/install/cashier_system/share/cashier_system/environment/library_path.dsv
[0.279s] -- Up-to-date: /home/harsh/ros2_new/install/cashier_system/lib/libcashier_system__rosidl_generator_c.so
[0.279s] -- Up-to-date: /home/harsh/ros2_new/install/cashier_system/include/cashier_system/cashier_system
[0.279s] -- Up-to-date: /home/harsh/ros2_new/install/cashier_system/include/cashier_system/cashier_system/msg
[0.279s] -- Up-to-date: /home/harsh/ros2_new/install/cashier_system/include/cashier_system/cashier_system/msg/detail
[0.279s] -- Up-to-date: /home/harsh/ros2_new/install/cashier_system/include/cashier_system/cashier_system/msg/detail/bill__rosidl_typesupport_fastrtps_c.h
[0.280s] -- Up-to-date: /home/harsh/ros2_new/install/cashier_system/include/cashier_system/cashier_system/msg/rosidl_typesupport_fastrtps_c__visibility_control.h
[0.280s] -- Up-to-date: /home/harsh/ros2_new/install/cashier_system/lib/libcashier_system__rosidl_typesupport_fastrtps_c.so
[0.280s] -- Up-to-date: /home/harsh/ros2_new/install/cashier_system/include/cashier_system/cashier_system
[0.280s] -- Up-to-date: /home/harsh/ros2_new/install/cashier_system/include/cashier_system/cashier_system/msg
[0.280s] -- Up-to-date: /home/harsh/ros2_new/install/cashier_system/include/cashier_system/cashier_system/msg/detail
[0.280s] -- Up-to-date: /home/harsh/ros2_new/install/cashier_system/include/cashier_system/cashier_system/msg/detail/bill__struct.hpp
[0.280s] -- Up-to-date: /home/harsh/ros2_new/install/cashier_system/include/cashier_system/cashier_system/msg/detail/bill__builder.hpp
[0.280s] -- Up-to-date: /home/harsh/ros2_new/install/cashier_system/include/cashier_system/cashier_system/msg/detail/bill__traits.hpp
[0.280s] -- Up-to-date: /home/harsh/ros2_new/install/cashier_system/include/cashier_system/cashier_system/msg/bill.hpp
[0.280s] -- Up-to-date: /home/harsh/ros2_new/install/cashier_system/include/cashier_system/cashier_system
[0.280s] -- Up-to-date: /home/harsh/ros2_new/install/cashier_system/include/cashier_system/cashier_system/msg
[0.280s] -- Up-to-date: /home/harsh/ros2_new/install/cashier_system/include/cashier_system/cashier_system/msg/rosidl_typesupport_fastrtps_cpp__visibility_control.h
[0.280s] -- Up-to-date: /home/harsh/ros2_new/install/cashier_system/include/cashier_system/cashier_system/msg/detail
[0.280s] -- Up-to-date: /home/harsh/ros2_new/install/cashier_system/include/cashier_system/cashier_system/msg/detail/bill__rosidl_typesupport_fastrtps_cpp.hpp
[0.280s] -- Up-to-date: /home/harsh/ros2_new/install/cashier_system/include/cashier_system/cashier_system/msg/detail/dds_fastrtps
[0.280s] -- Up-to-date: /home/harsh/ros2_new/install/cashier_system/lib/libcashier_system__rosidl_typesupport_fastrtps_cpp.so
[0.280s] -- Up-to-date: /home/harsh/ros2_new/install/cashier_system/include/cashier_system/cashier_system
[0.280s] -- Up-to-date: /home/harsh/ros2_new/install/cashier_system/include/cashier_system/cashier_system/msg
[0.280s] -- Up-to-date: /home/harsh/ros2_new/install/cashier_system/include/cashier_system/cashier_system/msg/detail
[0.280s] -- Up-to-date: /home/harsh/ros2_new/install/cashier_system/include/cashier_system/cashier_system/msg/detail/bill__type_support.c
[0.280s] -- Up-to-date: /home/harsh/ros2_new/install/cashier_system/include/cashier_system/cashier_system/msg/detail/bill__rosidl_typesupport_introspection_c.h
[0.281s] -- Up-to-date: /home/harsh/ros2_new/install/cashier_system/include/cashier_system/cashier_system/msg/rosidl_typesupport_introspection_c__visibility_control.h
[0.281s] -- Up-to-date: /home/harsh/ros2_new/install/cashier_system/lib/libcashier_system__rosidl_typesupport_introspection_c.so
[0.281s] -- Up-to-date: /home/harsh/ros2_new/install/cashier_system/lib/libcashier_system__rosidl_typesupport_c.so
[0.281s] -- Up-to-date: /home/harsh/ros2_new/install/cashier_system/include/cashier_system/cashier_system
[0.281s] -- Up-to-date: /home/harsh/ros2_new/install/cashier_system/include/cashier_system/cashier_system/msg
[0.281s] -- Up-to-date: /home/harsh/ros2_new/install/cashier_system/include/cashier_system/cashier_system/msg/detail
[0.281s] -- Up-to-date: /home/harsh/ros2_new/install/cashier_system/include/cashier_system/cashier_system/msg/detail/bill__rosidl_typesupport_introspection_cpp.hpp
[0.281s] -- Up-to-date: /home/harsh/ros2_new/install/cashier_system/include/cashier_system/cashier_system/msg/detail/bill__type_support.cpp
[0.281s] -- Up-to-date: /home/harsh/ros2_new/install/cashier_system/lib/libcashier_system__rosidl_typesupport_introspection_cpp.so
[0.281s] -- Up-to-date: /home/harsh/ros2_new/install/cashier_system/lib/libcashier_system__rosidl_typesupport_cpp.so
[0.281s] -- Up-to-date: /home/harsh/ros2_new/install/cashier_system/share/cashier_system/environment/pythonpath.sh
[0.281s] -- Up-to-date: /home/harsh/ros2_new/install/cashier_system/share/cashier_system/environment/pythonpath.dsv
[0.281s] -- Up-to-date: /home/harsh/ros2_new/install/cashier_system/local/lib/python3.10/dist-packages/cashier_system-0.0.1-py3.10.egg-info
[0.281s] -- Installing: /home/harsh/ros2_new/install/cashier_system/local/lib/python3.10/dist-packages/cashier_system-0.0.1-py3.10.egg-info/top_level.txt
[0.281s] -- Installing: /home/harsh/ros2_new/install/cashier_system/local/lib/python3.10/dist-packages/cashier_system-0.0.1-py3.10.egg-info/dependency_links.txt
[0.281s] -- Installing: /home/harsh/ros2_new/install/cashier_system/local/lib/python3.10/dist-packages/cashier_system-0.0.1-py3.10.egg-info/PKG-INFO
[0.281s] -- Installing: /home/harsh/ros2_new/install/cashier_system/local/lib/python3.10/dist-packages/cashier_system-0.0.1-py3.10.egg-info/SOURCES.txt
[0.281s] -- Up-to-date: /home/harsh/ros2_new/install/cashier_system/local/lib/python3.10/dist-packages/cashier_system
[0.281s] -- Up-to-date: /home/harsh/ros2_new/install/cashier_system/local/lib/python3.10/dist-packages/cashier_system/_cashier_system_s.ep.rosidl_typesupport_introspection_c.c
[0.282s] -- Up-to-date: /home/harsh/ros2_new/install/cashier_system/local/lib/python3.10/dist-packages/cashier_system/cashier_system_s__rosidl_typesupport_introspection_c.cpython-310-x86_64-linux-gnu.so
[0.282s] -- Up-to-date: /home/harsh/ros2_new/install/cashier_system/local/lib/python3.10/dist-packages/cashier_system/_cashier_system_s.ep.rosidl_typesupport_c.c
[0.282s] -- Up-to-date: /home/harsh/ros2_new/install/cashier_system/local/lib/python3.10/dist-packages/cashier_system/libcashier_system__rosidl_generator_py.so
[0.282s] -- Up-to-date: /home/harsh/ros2_new/install/cashier_system/local/lib/python3.10/dist-packages/cashier_system/cashier_system_s__rosidl_typesupport_fastrtps_c.cpython-310-x86_64-linux-gnu.so
[0.282s] -- Up-to-date: /home/harsh/ros2_new/install/cashier_system/local/lib/python3.10/dist-packages/cashier_system/msg
[0.282s] -- Up-to-date: /home/harsh/ros2_new/install/cashier_system/local/lib/python3.10/dist-packages/cashier_system/msg/_bill.py
[0.282s] -- Up-to-date: /home/harsh/ros2_new/install/cashier_system/local/lib/python3.10/dist-packages/cashier_system/msg/_bill_s.c
[0.282s] -- Up-to-date: /home/harsh/ros2_new/install/cashier_system/local/lib/python3.10/dist-packages/cashier_system/msg/__init__.py
[0.282s] -- Up-to-date: /home/harsh/ros2_new/install/cashier_system/local/lib/python3.10/dist-packages/cashier_system/__init__.py
[0.282s] -- Up-to-date: /home/harsh/ros2_new/install/cashier_system/local/lib/python3.10/dist-packages/cashier_system/_cashier_system_s.ep.rosidl_typesupport_fastrtps_c.c
[0.282s] -- Up-to-date: /home/harsh/ros2_new/install/cashier_system/local/lib/python3.10/dist-packages/cashier_system/cashier_system_s__rosidl_typesupport_c.cpython-310-x86_64-linux-gnu.so
[0.304s] Listing '/home/harsh/ros2_new/install/cashier_system/local/lib/python3.10/dist-packages/cashier_system'...
[0.304s] Listing '/home/harsh/ros2_new/install/cashier_system/local/lib/python3.10/dist-packages/cashier_system/msg'...
[0.308s] -- Up-to-date: /home/harsh/ros2_new/install/cashier_system/local/lib/python3.10/dist-packages/cashier_system/cashier_system_s__rosidl_typesupport_fastrtps_c.cpython-310-x86_64-linux-gnu.so
[0.308s] -- Up-to-date: /home/harsh/ros2_new/install/cashier_system/local/lib/python3.10/dist-packages/cashier_system/cashier_system_s__rosidl_typesupport_introspection_c.cpython-310-x86_64-linux-gnu.so
[0.308s] -- Up-to-date: /home/harsh/ros2_new/install/cashier_system/local/lib/python3.10/dist-packages/cashier_system/cashier_system_s__rosidl_typesupport_c.cpython-310-x86_64-linux-gnu.so
[0.309s] -- Up-to-date: /home/harsh/ros2_new/install/cashier_system/lib/libcashier_system__rosidl_generator_py.so
[0.309s] -- Up-to-date: /home/harsh/ros2_new/install/cashier_system/share/cashier_system/msg/Bill.idl
[0.309s] -- Up-to-date: /home/harsh/ros2_new/install/cashier_system/share/cashier_system/msg/Bill.msg
[0.309s] -- Up-to-date: /home/harsh/ros2_new/install/cashier_system/lib/cashier_system/bill_publisher_node
[0.309s] -- Up-to-date: /home/harsh/ros2_new/install/cashier_system/lib/cashier_system/cashier_node
[0.310s] -- Up-to-date: /home/harsh/ros2_new/install/cashier_system/lib/cashier_system/bill_listener_node
[0.310s] -- Up-to-date: /home/harsh/ros2_new/install/cashier_system/share/ament_index/resource_index/package_run_dependencies/cashier_system
[0.310s] -- Up-to-date: /home/harsh/ros2_new/install/cashier_system/share/ament_index/resource_index/parent_prefix_path/cashier_system
[0.310s] -- Up-to-date: /home/harsh/ros2_new/install/cashier_system/share/cashier_system/environment/ament_prefix_path.sh
[0.310s] -- Up-to-date: /home/harsh/ros2_new/install/cashier_system/share/cashier_system/environment/ament_prefix_path.dsv
[0.310s] -- Up-to-date: /home/harsh/ros2_new/install/cashier_system/share/cashier_system/environment/path.sh
[0.310s] -- Up-to-date: /home/harsh/ros2_new/install/cashier_system/share/cashier_system/environment/path.dsv
[0.310s] -- Up-to-date: /home/harsh/ros2_new/install/cashier_system/share/cashier_system/local_setup.bash
[0.310s] -- Up-to-date: /home/harsh/ros2_new/install/cashier_system/share/cashier_system/local_setup.sh
[0.310s] -- Up-to-date: /home/harsh/ros2_new/install/cashier_system/share/cashier_system/local_setup.zsh
[0.310s] -- Up-to-date: /home/harsh/ros2_new/install/cashier_system/share/cashier_system/local_setup.dsv
[0.310s] -- Installing: /home/harsh/ros2_new/install/cashier_system/share/cashier_system/package.dsv
[0.310s] -- Up-to-date: /home/harsh/ros2_new/install/cashier_system/share/ament_index/resource_index/packages/cashier_system
[0.310s] -- Up-to-date: /home/harsh/ros2_new/install/cashier_system/share/cashier_system/cmake/export_cashier_system__rosidl_generator_cExport.cmake
[0.310s] -- Up-to-date: /home/harsh/ros2_new/install/cashier_system/share/cashier_system/cmake/export_cashier_system__rosidl_generator_cExport-noconfig.cmake
[0.311s] -- Up-to-date: /home/harsh/ros2_new/install/cashier_system/share/cashier_system/cmake/export_cashier_system__rosidl_typesupport_fastrtps_cExport.cmake
[0.311s] -- Up-to-date: /home/harsh/ros2_new/install/cashier_system/share/cashier_system/cmake/export_cashier_system__rosidl_typesupport_fastrtps_cExport-noconfig.cmake
[0.311s] -- Up-to-date: /home/harsh/ros2_new/install/cashier_system/share/cashier_system/cmake/export_cashier_system__rosidl_generator_cppExport.cmake
[0.311s] -- Up-to-date: /home/harsh/ros2_new/install/cashier_system/share/cashier_system/cmake/export_cashier_system__rosidl_typesupport_fastrtps_cppExport.cmake
[0.311s] -- Up-to-date: /home/harsh/ros2_new/install/cashier_system/share/cashier_system/cmake/export_cashier_system__rosidl_typesupport_fastrtps_cppExport-noconfig.cmake
[0.311s] -- Up-to-date: /home/harsh/ros2_new/install/cashier_system/share/cashier_system/cmake/cashier_system__rosidl_typesupport_introspection_cExport.cmake
[0.311s] -- Up-to-date: /home/harsh/ros2_new/install/cashier_system/share/cashier_system/cmake/cashier_system__rosidl_typesupport_introspection_cExport-noconfig.cmake
[0.311s] -- Up-to-date: /home/harsh/ros2_new/install/cashier_system/share/cashier_system/cmake/cashier_system__rosidl_typesupport_cExport.cmake
[0.311s] -- Up-to-date: /home/harsh/ros2_new/install/cashier_system/share/cashier_system/cmake/cashier_system__rosidl_typesupport_cExport-noconfig.cmake
[0.311s] -- Up-to-date: /home/harsh/ros2_new/install/cashier_system/share/cashier_system/cmake/cashier_system__rosidl_typesupport_introspection_cppExport.cmake
[0.311s] -- Up-to-date: /home/harsh/ros2_new/install/cashier_system/share/cashier_system/cmake/cashier_system__rosidl_typesupport_introspection_cppExport-noconfig.cmake
[0.311s] -- Up-to-date: /home/harsh/ros2_new/install/cashier_system/share/cashier_system/cmake/cashier_system__rosidl_typesupport_cppExport.cmake
[0.311s] -- Up-to-date: /home/harsh/ros2_new/install/cashier_system/share/cashier_system/cmake/cashier_system__rosidl_typesupport_cppExport-noconfig.cmake
[0.311s] -- Up-to-date: /home/harsh/ros2_new/install/cashier_system/share/cashier_system/cmake/export_cashier_system__rosidl_generator_pyExport.cmake
[0.311s] -- Up-to-date: /home/harsh/ros2_new/install/cashier_system/share/cashier_system/cmake/export_cashier_system__rosidl_generator_pyExport-noconfig.cmake
[0.311s] -- Up-to-date: /home/harsh/ros2_new/install/cashier_system/share/cashier_system/cmake/rosidl_cmake-extras.cmake
[0.311s] -- Up-to-date: /home/harsh/ros2_new/install/cashier_system/share/cashier_system/cmake/ament_cmake_export_dependencies-extras.cmake
[0.311s] -- Up-to-date: /home/harsh/ros2_new/install/cashier_system/share/cashier_system/cmake/ament_cmake_export_include_directories-extras.cmake
[0.312s] -- Up-to-date: /home/harsh/ros2_new/install/cashier_system/share/cashier_system/cmake/ament_cmake_export_libraries-extras.cmake
[0.312s] -- Up-to-date: /home/harsh/ros2_new/install/cashier_system/share/cashier_system/cmake/ament_cmake_export_targets-extras.cmake
[0.312s] -- Up-to-date: /home/harsh/ros2_new/install/cashier_system/share/cashier_system/cmake/rosidl_cmake_export_typesupport_targets-extras.cmake
[0.312s] -- Up-to-date: /home/harsh/ros2_new/install/cashier_system/share/cashier_system/cmake/rosidl_cmake_export_typesupport_libraries-extras.cmake
[0.312s] -- Up-to-date: /home/harsh/ros2_new/install/cashier_system/share/cashier_system/cmake/cashier_systemConfig.cmake
[0.312s] -- Up-to-date: /home/harsh/ros2_new/install/cashier_system/share/cashier_system/cmake/cashier_systemConfig-version.cmake
[0.312s] -- Up-to-date: /home/harsh/ros2_new/install/cashier_system/share/cashier_system/package.xml
[0.314s] Invoked command in '/home/harsh/ros2_new/build/cashier_system' returned '0': CMAKE_PREFIX_PATH=${CMAKE_PREFIX_PATH}:/opt/ros/humble /usr/bin/cmake --install /home/harsh/ros2_new/build/cashier_system
