[0.007s] Invoking command in '/home/harsh/ros2_new/build/hello_world': CMAKE_PREFIX_PATH=/opt/ros/humble /usr/bin/cmake --build /home/harsh/ros2_new/build/hello_world -- -j16 -l16
[0.042s] [35m[1mConsolidate compiler generated dependencies of target price_subscriber[0m
[0.054s] [ 25%] [32mBuilding CXX object CMakeFiles/hello_node.dir/src/helloworld.cpp.o[0m
[0.054s] [ 75%] Built target price_subscriber
[2.213s] [100%] [32m[1mLinking CXX executable hello_node[0m
[2.301s] [100%] Built target hello_node
[2.312s] Invoked command in '/home/harsh/ros2_new/build/hello_world' returned '0': CMAKE_PREFIX_PATH=/opt/ros/humble /usr/bin/cmake --build /home/harsh/ros2_new/build/hello_world -- -j16 -l16
[2.321s] Invoking command in '/home/harsh/ros2_new/build/hello_world': CMAKE_PREFIX_PATH=/opt/ros/humble /usr/bin/cmake --install /home/harsh/ros2_new/build/hello_world
[2.327s] -- Install configuration: ""
[2.327s] -- Installing: /home/harsh/ros2_new/install/hello_world/lib/hello_world/hello_node
[2.328s] -- Set runtime path of "/home/harsh/ros2_new/install/hello_world/lib/hello_world/hello_node" to ""
[2.328s] -- Up-to-date: /home/harsh/ros2_new/install/hello_world/lib/hello_world/price_subscriber
[2.328s] -- Up-to-date: /home/harsh/ros2_new/install/hello_world/share/ament_index/resource_index/package_run_dependencies/hello_world
[2.328s] -- Up-to-date: /home/harsh/ros2_new/install/hello_world/share/ament_index/resource_index/parent_prefix_path/hello_world
[2.328s] -- Up-to-date: /home/harsh/ros2_new/install/hello_world/share/hello_world/environment/ament_prefix_path.sh
[2.328s] -- Up-to-date: /home/harsh/ros2_new/install/hello_world/share/hello_world/environment/ament_prefix_path.dsv
[2.328s] -- Up-to-date: /home/harsh/ros2_new/install/hello_world/share/hello_world/environment/path.sh
[2.328s] -- Up-to-date: /home/harsh/ros2_new/install/hello_world/share/hello_world/environment/path.dsv
[2.328s] -- Up-to-date: /home/harsh/ros2_new/install/hello_world/share/hello_world/local_setup.bash
[2.329s] -- Up-to-date: /home/harsh/ros2_new/install/hello_world/share/hello_world/local_setup.sh
[2.329s] -- Up-to-date: /home/harsh/ros2_new/install/hello_world/share/hello_world/local_setup.zsh
[2.329s] -- Up-to-date: /home/harsh/ros2_new/install/hello_world/share/hello_world/local_setup.dsv
[2.329s] -- Installing: /home/harsh/ros2_new/install/hello_world/share/hello_world/package.dsv
[2.329s] -- Up-to-date: /home/harsh/ros2_new/install/hello_world/share/ament_index/resource_index/packages/hello_world
[2.329s] -- Up-to-date: /home/harsh/ros2_new/install/hello_world/share/hello_world/cmake/hello_worldConfig.cmake
[2.329s] -- Up-to-date: /home/harsh/ros2_new/install/hello_world/share/hello_world/cmake/hello_worldConfig-version.cmake
[2.329s] -- Up-to-date: /home/harsh/ros2_new/install/hello_world/share/hello_world/package.xml
[2.330s] Invoked command in '/home/harsh/ros2_new/build/hello_world' returned '0': CMAKE_PREFIX_PATH=/opt/ros/humble /usr/bin/cmake --install /home/harsh/ros2_new/build/hello_world
