[0.009s] Invoking command in '/home/harsh/ros2_new/build/hello_world': CMAKE_PREFIX_PATH=/opt/ros/humble /usr/bin/cmake --build /home/harsh/ros2_new/build/hello_world -- -j16 -l16
[0.043s] [35m[1mConsolidate compiler generated dependencies of target hello_node[0m
[0.054s] [ 50%] Built target price_subscriber
[0.056s] [100%] Built target hello_node
[0.066s] Invoked command in '/home/harsh/ros2_new/build/hello_world' returned '0': CMAKE_PREFIX_PATH=/opt/ros/humble /usr/bin/cmake --build /home/harsh/ros2_new/build/hello_world -- -j16 -l16
[0.074s] Invoking command in '/home/harsh/ros2_new/build/hello_world': CMAKE_PREFIX_PATH=/opt/ros/humble /usr/bin/cmake --install /home/harsh/ros2_new/build/hello_world
[0.080s] -- Install configuration: ""
[0.080s] -- Up-to-date: /home/harsh/ros2_new/install/hello_world/lib/hello_world/hello_node
[0.081s] -- Up-to-date: /home/harsh/ros2_new/install/hello_world/lib/hello_world/price_subscriber
[0.081s] -- Up-to-date: /home/harsh/ros2_new/install/hello_world/share/ament_index/resource_index/package_run_dependencies/hello_world
[0.081s] -- Up-to-date: /home/harsh/ros2_new/install/hello_world/share/ament_index/resource_index/parent_prefix_path/hello_world
[0.081s] -- Up-to-date: /home/harsh/ros2_new/install/hello_world/share/hello_world/environment/ament_prefix_path.sh
[0.081s] -- Up-to-date: /home/harsh/ros2_new/install/hello_world/share/hello_world/environment/ament_prefix_path.dsv
[0.081s] -- Up-to-date: /home/harsh/ros2_new/install/hello_world/share/hello_world/environment/path.sh
[0.081s] -- Up-to-date: /home/harsh/ros2_new/install/hello_world/share/hello_world/environment/path.dsv
[0.081s] -- Up-to-date: /home/harsh/ros2_new/install/hello_world/share/hello_world/local_setup.bash
[0.081s] -- Up-to-date: /home/harsh/ros2_new/install/hello_world/share/hello_world/local_setup.sh
[0.081s] -- Up-to-date: /home/harsh/ros2_new/install/hello_world/share/hello_world/local_setup.zsh
[0.081s] -- Up-to-date: /home/harsh/ros2_new/install/hello_world/share/hello_world/local_setup.dsv
[0.081s] -- Installing: /home/harsh/ros2_new/install/hello_world/share/hello_world/package.dsv
[0.082s] -- Up-to-date: /home/harsh/ros2_new/install/hello_world/share/ament_index/resource_index/packages/hello_world
[0.082s] -- Up-to-date: /home/harsh/ros2_new/install/hello_world/share/hello_world/cmake/hello_worldConfig.cmake
[0.082s] -- Up-to-date: /home/harsh/ros2_new/install/hello_world/share/hello_world/cmake/hello_worldConfig-version.cmake
[0.082s] -- Up-to-date: /home/harsh/ros2_new/install/hello_world/share/hello_world/package.xml
[0.083s] Invoked command in '/home/harsh/ros2_new/build/hello_world' returned '0': CMAKE_PREFIX_PATH=/opt/ros/humble /usr/bin/cmake --install /home/harsh/ros2_new/build/hello_world
