[  8%] Built target cashier_system__cpp
[ 10%] Built target cashier_system__rosidl_generator_c
[ 10%] Built target ament_cmake_python_copy_cashier_system
[ 51%] Built target cashier_system__rosidl_typesupport_introspection_c
[ 51%] Built target cashier_system__rosidl_typesupport_c
[ 51%] Built target cashier_system__rosidl_typesupport_fastrtps_c
[ 51%] Built target cashier_system__rosidl_typesupport_cpp
[ 51%] Built target cashier_system__rosidl_typesupport_fastrtps_cpp
[ 59%] Built target cashier_system__rosidl_typesupport_introspection_cpp
[35m[1mConsolidate compiler generated dependencies of target cashier_node[0m
[ 64%] [32mBuilding CXX object CMakeFiles/bill_publisher_node.dir/src/bill_publisher_node.cpp.o[0m
[ 67%] Built target bill_listener_node
[ 72%] Built target cashier_node
[ 72%] Built target cashier_system
[ 75%] Built target cashier_system__py
[ 81%] Built target cashier_system__rosidl_generator_py
[ 97%] Built target cashier_system__rosidl_typesupport_c__pyext
[ 97%] Built target cashier_system__rosidl_typesupport_fastrtps_c__pyext
[ 97%] Built target cashier_system__rosidl_typesupport_introspection_c__pyext
running egg_info
writing cashier_system.egg-info/PKG-INFO
writing dependency_links to cashier_system.egg-info/dependency_links.txt
writing top-level names to cashier_system.egg-info/top_level.txt
reading manifest file 'cashier_system.egg-info/SOURCES.txt'
writing manifest file 'cashier_system.egg-info/SOURCES.txt'
[ 97%] Built target ament_cmake_python_build_cashier_system_egg
