[0.008s] Invoking command in '/home/harsh/ros2_new/build/hello_world': CMAKE_PREFIX_PATH=/opt/ros/humble /usr/bin/cmake --build /home/harsh/ros2_new/build/hello_world -- -j16 -l16
[0.044s] [35m[1mConsolidate compiler generated dependencies of target hello_node[0m
[0.057s] [ 50%] [32mBuilding CXX object CMakeFiles/hello_node.dir/src/helloworld.cpp.o[0m
[1.623s] [01m[K/home/harsh/ros2_new/src/hello_world/src/helloworld.cpp:21:2:[m[K [01;31m[Kerror: [m[Kexpected ‘[01m[K;[m[K’ after class definition
[1.623s]    21 | }
[1.623s]       |  [01;31m[K^[m[K
[1.623s]       |  [32m[K;[m[K
[1.625s] [01m[K/home/harsh/ros2_new/src/hello_world/src/helloworld.cpp:[m[K In constructor ‘[01m[KHelloWorldNode::HelloWorldNode()[m[K’:
[1.626s] [01m[K/home/harsh/ros2_new/src/hello_world/src/helloworld.cpp:12:62:[m[K [01;31m[Kerror: [m[Kexpected ‘[01m[K)[m[K’ before ‘[01m[K;[m[K’ token
[1.626s]    12 |                 std::bind(&HelloWorldNode::print_hello, this)[01;31m[K;[m[K
[1.626s]       |                                                              [01;31m[K^[m[K
[1.626s] [01m[K/home/harsh/ros2_new/src/hello_world/src/helloworld.cpp:10:46:[m[K [01;36m[Knote: [m[Kto match this ‘[01m[K([m[K’
[1.626s]    10 |             timer_t = this->create_wall_timer[01;36m[K([m[K
[1.626s]       |                                              [01;36m[K^[m[K
[1.626s] [01m[K/home/harsh/ros2_new/src/hello_world/src/helloworld.cpp:13:13:[m[K [01;31m[Kerror: [m[Kexpected primary-expression before ‘[01m[K)[m[K’ token
[1.626s]    13 |             [01;31m[K)[m[K
[1.626s]       |             [01;31m[K^[m[K
[1.938s] gmake[2]: *** [CMakeFiles/hello_node.dir/build.make:76: CMakeFiles/hello_node.dir/src/helloworld.cpp.o] Error 1
[1.938s] gmake[1]: *** [CMakeFiles/Makefile2:137: CMakeFiles/hello_node.dir/all] Error 2
[1.939s] gmake: *** [Makefile:146: all] Error 2
[1.942s] Invoked command in '/home/harsh/ros2_new/build/hello_world' returned '2': CMAKE_PREFIX_PATH=/opt/ros/humble /usr/bin/cmake --build /home/harsh/ros2_new/build/hello_world -- -j16 -l16
