[0.022s] Invoking command in '/home/harsh/rover_project/build/mobile_robot': /usr/bin/cmake --build /home/harsh/rover_project/build/mobile_robot -- -j2 -l2
[0.291s] Invoked command in '/home/harsh/rover_project/build/mobile_robot' returned '0': /usr/bin/cmake --build /home/harsh/rover_project/build/mobile_robot -- -j2 -l2
[0.321s] Invoking command in '/home/harsh/rover_project/build/mobile_robot': /usr/bin/cmake --install /home/harsh/rover_project/build/mobile_robot
[0.344s] -- Install configuration: ""
[0.347s] -- Up-to-date: /home/harsh/rover_project/install/mobile_robot/share/ament_index/resource_index/package_run_dependencies/mobile_robot
[0.348s] -- Up-to-date: /home/harsh/rover_project/install/mobile_robot/share/ament_index/resource_index/parent_prefix_path/mobile_robot
[0.350s] -- Up-to-date: /home/harsh/rover_project/install/mobile_robot/share/mobile_robot/environment/ament_prefix_path.sh
[0.350s] -- Up-to-date: /home/harsh/rover_project/install/mobile_robot/share/mobile_robot/environment/ament_prefix_path.dsv
[0.350s] -- Up-to-date: /home/harsh/rover_project/install/mobile_robot/share/mobile_robot/environment/path.sh
[0.350s] -- Up-to-date: /home/harsh/rover_project/install/mobile_robot/share/mobile_robot/environment/path.dsv
[0.351s] -- Up-to-date: /home/harsh/rover_project/install/mobile_robot/share/mobile_robot/local_setup.bash
[0.352s] -- Up-to-date: /home/harsh/rover_project/install/mobile_robot/share/mobile_robot/local_setup.sh
[0.352s] -- Up-to-date: /home/harsh/rover_project/install/mobile_robot/share/mobile_robot/local_setup.zsh
[0.352s] -- Up-to-date: /home/harsh/rover_project/install/mobile_robot/share/mobile_robot/local_setup.dsv
[0.353s] -- Up-to-date: /home/harsh/rover_project/install/mobile_robot/share/mobile_robot/package.dsv
[0.353s] -- Up-to-date: /home/harsh/rover_project/install/mobile_robot/share/ament_index/resource_index/packages/mobile_robot
[0.354s] -- Up-to-date: /home/harsh/rover_project/install/mobile_robot/share/mobile_robot/cmake/mobile_robotConfig.cmake
[0.354s] -- Up-to-date: /home/harsh/rover_project/install/mobile_robot/share/mobile_robot/cmake/mobile_robotConfig-version.cmake
[0.354s] -- Up-to-date: /home/harsh/rover_project/install/mobile_robot/share/mobile_robot/package.xml
[0.360s] Invoked command in '/home/harsh/rover_project/build/mobile_robot' returned '0': /usr/bin/cmake --install /home/harsh/rover_project/build/mobile_robot
