[0.021s] Invoking command in '/home/harsh/rover_project/build/mobile_robot': CMAKE_PREFIX_PATH=${CMAKE_PREFIX_PATH}:/opt/ros/humble /usr/bin/cmake --build /home/harsh/rover_project/build/mobile_robot -- -j8 -l8
[0.101s] Invoked command in '/home/harsh/rover_project/build/mobile_robot' returned '0': CMAKE_PREFIX_PATH=${CMAKE_PREFIX_PATH}:/opt/ros/humble /usr/bin/cmake --build /home/harsh/rover_project/build/mobile_robot -- -j8 -l8
[0.122s] Invoking command in '/home/harsh/rover_project/build/mobile_robot': CMAKE_PREFIX_PATH=${CMAKE_PREFIX_PATH}:/opt/ros/humble /usr/bin/cmake --install /home/harsh/rover_project/build/mobile_robot
[0.141s] -- Install configuration: ""
[0.141s] -- Up-to-date: /home/harsh/rover_project/install/mobile_robot/share/mobile_robot/launch
[0.141s] -- Installing: /home/harsh/rover_project/install/mobile_robot/share/mobile_robot/launch/gazebo_launch.py
[0.141s] -- Up-to-date: /home/harsh/rover_project/install/mobile_robot/share/mobile_robot/model
[0.142s] -- Up-to-date: /home/harsh/rover_project/install/mobile_robot/share/mobile_robot/model/rover.xacro
[0.142s] -- Up-to-date: /home/harsh/rover_project/install/mobile_robot/share/mobile_robot/model/rover.gazebo
[0.142s] -- Installing: /home/harsh/rover_project/install/mobile_robot/share/mobile_robot/model/world.world
[0.142s] -- Up-to-date: /home/harsh/rover_project/install/mobile_robot/install/mobile_robot/launch
[0.142s] -- Installing: /home/harsh/rover_project/install/mobile_robot/install/mobile_robot/launch/gazebo_launch.py
[0.142s] -- Up-to-date: /home/harsh/rover_project/install/mobile_robot/install/mobile_robot/model
[0.142s] -- Up-to-date: /home/harsh/rover_project/install/mobile_robot/install/mobile_robot/model/rover.xacro
[0.142s] -- Up-to-date: /home/harsh/rover_project/install/mobile_robot/install/mobile_robot/model/rover.gazebo
[0.143s] -- Installing: /home/harsh/rover_project/install/mobile_robot/install/mobile_robot/model/world.world
[0.143s] -- Up-to-date: /home/harsh/rover_project/install/mobile_robot/share/ament_index/resource_index/package_run_dependencies/mobile_robot
[0.143s] -- Up-to-date: /home/harsh/rover_project/install/mobile_robot/share/ament_index/resource_index/parent_prefix_path/mobile_robot
[0.143s] -- Up-to-date: /home/harsh/rover_project/install/mobile_robot/share/mobile_robot/environment/ament_prefix_path.sh
[0.144s] -- Up-to-date: /home/harsh/rover_project/install/mobile_robot/share/mobile_robot/environment/ament_prefix_path.dsv
[0.144s] -- Up-to-date: /home/harsh/rover_project/install/mobile_robot/share/mobile_robot/environment/path.sh
[0.144s] -- Up-to-date: /home/harsh/rover_project/install/mobile_robot/share/mobile_robot/environment/path.dsv
[0.144s] -- Up-to-date: /home/harsh/rover_project/install/mobile_robot/share/mobile_robot/local_setup.bash
[0.144s] -- Up-to-date: /home/harsh/rover_project/install/mobile_robot/share/mobile_robot/local_setup.sh
[0.144s] -- Up-to-date: /home/harsh/rover_project/install/mobile_robot/share/mobile_robot/local_setup.zsh
[0.144s] -- Up-to-date: /home/harsh/rover_project/install/mobile_robot/share/mobile_robot/local_setup.dsv
[0.144s] -- Installing: /home/harsh/rover_project/install/mobile_robot/share/mobile_robot/package.dsv
[0.175s] -- Up-to-date: /home/harsh/rover_project/install/mobile_robot/share/ament_index/resource_index/packages/mobile_robot
[0.175s] -- Up-to-date: /home/harsh/rover_project/install/mobile_robot/share/mobile_robot/cmake/mobile_robotConfig.cmake
[0.175s] -- Up-to-date: /home/harsh/rover_project/install/mobile_robot/share/mobile_robot/cmake/mobile_robotConfig-version.cmake
[0.176s] -- Up-to-date: /home/harsh/rover_project/install/mobile_robot/share/mobile_robot/package.xml
[0.180s] Invoked command in '/home/harsh/rover_project/build/mobile_robot' returned '0': CMAKE_PREFIX_PATH=${CMAKE_PREFIX_PATH}:/opt/ros/humble /usr/bin/cmake --install /home/harsh/rover_project/build/mobile_robot
