[0.009s] Invoking command in '/home/harsh/ros2_new/build/cashier_system': CMAKE_PREFIX_PATH=/opt/ros/humble /usr/bin/cmake --build /home/harsh/ros2_new/build/cashier_system -- -j16 -l16
[0.054s] [  2%] Built target cashier_system__cpp
[0.054s] [ 10%] Built target cashier_system__rosidl_generator_c
[0.062s] [ 10%] Built target ament_cmake_python_copy_cashier_system
[0.071s] [ 35%] Built target cashier_system__rosidl_typesupport_introspection_c
[0.071s] [ 35%] Built target cashier_system__rosidl_typesupport_cpp
[0.071s] [ 37%] Built target cashier_system__rosidl_typesupport_c
[0.071s] [ 43%] Built target cashier_system__rosidl_typesupport_fastrtps_c
[0.071s] [ 51%] Built target cashier_system__rosidl_typesupport_fastrtps_cpp
[0.071s] [ 59%] Built target cashier_system__rosidl_typesupport_introspection_cpp
[0.089s] [ 59%] Built target cashier_system
[0.091s] [ 70%] [32mBuilding CXX object CMakeFiles/bill_listener_node.dir/src/bill_listener_node.cpp.o[0m
[0.092s] [ 72%] Built target bill_publisher_node
[0.092s] [ 72%] Built target cashier_node
[0.107s] [ 75%] Built target cashier_system__py
[0.127s] [ 81%] Built target cashier_system__rosidl_generator_py
[0.146s] [ 97%] Built target cashier_system__rosidl_typesupport_introspection_c__pyext
[0.146s] [ 97%] Built target cashier_system__rosidl_typesupport_fastrtps_c__pyext
[0.146s] [ 97%] Built target cashier_system__rosidl_typesupport_c__pyext
[0.237s] running egg_info
[0.237s] writing cashier_system.egg-info/PKG-INFO
[0.238s] writing dependency_links to cashier_system.egg-info/dependency_links.txt
[0.238s] writing top-level names to cashier_system.egg-info/top_level.txt
[0.239s] reading manifest file 'cashier_system.egg-info/SOURCES.txt'
[0.239s] writing manifest file 'cashier_system.egg-info/SOURCES.txt'
[0.266s] [ 97%] Built target ament_cmake_python_build_cashier_system_egg
[1.809s] In file included from [01m[K/opt/ros/humble/include/rclcpp/rclcpp/logging.hpp:24[m[K,
[1.809s]                  from [01m[K/opt/ros/humble/include/rclcpp/rclcpp/client.hpp:40[m[K,
[1.809s]                  from [01m[K/opt/ros/humble/include/rclcpp/rclcpp/callback_group.hpp:24[m[K,
[1.809s]                  from [01m[K/opt/ros/humble/include/rclcpp/rclcpp/any_executable.hpp:20[m[K,
[1.809s]                  from [01m[K/opt/ros/humble/include/rclcpp/rclcpp/memory_strategy.hpp:25[m[K,
[1.809s]                  from [01m[K/opt/ros/humble/include/rclcpp/rclcpp/memory_strategies.hpp:18[m[K,
[1.809s]                  from [01m[K/opt/ros/humble/include/rclcpp/rclcpp/executor_options.hpp:20[m[K,
[1.809s]                  from [01m[K/opt/ros/humble/include/rclcpp/rclcpp/executor.hpp:37[m[K,
[1.809s]                  from [01m[K/opt/ros/humble/include/rclcpp/rclcpp/executors/multi_threaded_executor.hpp:25[m[K,
[1.809s]                  from [01m[K/opt/ros/humble/include/rclcpp/rclcpp/executors.hpp:21[m[K,
[1.809s]                  from [01m[K/opt/ros/humble/include/rclcpp/rclcpp/rclcpp.hpp:155[m[K,
[1.809s]                  from [01m[K/home/harsh/ros2_new/src/cashier_system/src/bill_listener_node.cpp:1[m[K:
[1.809s] [01m[K/home/harsh/ros2_new/src/cashier_system/src/bill_listener_node.cpp:[m[K In member function ‘[01m[Kvoid BillListenerNode::printCurrentStatus()[m[K’:
[1.809s] [01m[K/home/harsh/ros2_new/src/cashier_system/src/bill_listener_node.cpp:38:41:[m[K [01;35m[Kwarning: [m[Kformat ‘[01m[K%s[m[K’ expects argument of type ‘[01m[Kchar*[m[K’, but argument 5 has type ‘[01m[Kbuiltin_interfaces::msg::Time_<std::allocator<void> >::_sec_type[m[K’ {aka ‘[01m[Kint[m[K’} [[01;35m[K]8;;https://gcc.gnu.org/onlinedocs/gcc/Warning-Options.html#index-Wformat=-Wformat=]8;;[m[K]
[1.809s]    38 |         RCLCPP_INFO(this->get_logger(), [01;35m[K"Last Bill Timestamp: %s"[m[K, [32m[Klast_bill_.timestamp.sec[m[K);
[1.810s]       |                                         [01;35m[K^~~~~~~~~~~~~~~~~~~~~~~~~[m[K  [32m[K~~~~~~~~~~~~~~~~~~~~~~~~[m[K
[1.810s]       |                                                                                         [32m[K|[m[K
[1.810s]       |                                                                                         [32m[Kbuiltin_interfaces::msg::Time_<std::allocator<void> >::_sec_type {aka int}[m[K
[1.810s] [01m[K/home/harsh/ros2_new/src/cashier_system/src/bill_listener_node.cpp:38:64:[m[K [01;36m[Knote: [m[Kformat string is defined here
[1.810s]    38 |         RCLCPP_INFO(this->get_logger(), "Last Bill Timestamp: [01;36m[K%s[m[K", last_bill_.timestamp.sec);
[1.810s]       |                                                               [01;36m[K~^[m[K
[1.810s]       |                                                                [01;36m[K|[m[K
[1.810s]       |                                                                [01;36m[Kchar*[m[K
[1.810s]       |                                                               [32m[K%d[m[K
[1.811s] [01m[K/home/harsh/ros2_new/src/cashier_system/src/bill_listener_node.cpp:[m[K In function ‘[01m[Kint main(int, char**)[m[K’:
[1.811s] [01m[K/home/harsh/ros2_new/src/cashier_system/src/bill_listener_node.cpp:59:33:[m[K [01;31m[Kerror: [m[K‘[01m[Kvoid BillListenerNode::printCurrentStatus()[m[K’ is private within this context
[1.811s]    59 |         [01;31m[Knode->printCurrentStatus()[m[K;  // Print the current status
[1.811s]       |         [01;31m[K~~~~~~~~~~~~~~~~~~~~~~~~^~[m[K
[1.811s] [01m[K/home/harsh/ros2_new/src/cashier_system/src/bill_listener_node.cpp:28:10:[m[K [01;36m[Knote: [m[Kdeclared private here
[1.812s]    28 |     void [01;36m[KprintCurrentStatus[m[K() {
[1.812s]       |          [01;36m[K^~~~~~~~~~~~~~~~~~[m[K
[3.609s] gmake[2]: *** [CMakeFiles/bill_listener_node.dir/build.make:76: CMakeFiles/bill_listener_node.dir/src/bill_listener_node.cpp.o] Error 1
[3.609s] gmake[1]: *** [CMakeFiles/Makefile2:651: CMakeFiles/bill_listener_node.dir/all] Error 2
[3.610s] gmake: *** [Makefile:146: all] Error 2
[3.613s] Invoked command in '/home/harsh/ros2_new/build/cashier_system' returned '2': CMAKE_PREFIX_PATH=/opt/ros/humble /usr/bin/cmake --build /home/harsh/ros2_new/build/cashier_system -- -j16 -l16
