[0.016s] Invoking command in '/home/harsh/rover_project/build/mobile_robot': /usr/bin/cmake --build /home/harsh/rover_project/build/mobile_robot -- -j8 -l8
[0.050s] -- Found ament_cmake: 1.3.11 (/opt/ros/humble/share/ament_cmake/cmake)
[0.189s] -- Found rclcpp: 16.0.11 (/opt/ros/humble/share/rclcpp/cmake)
[0.217s] -- Found rosidl_generator_c: 3.1.6 (/opt/ros/humble/share/rosidl_generator_c/cmake)
[0.220s] -- Found rosidl_adapter: 3.1.6 (/opt/ros/humble/share/rosidl_adapter/cmake)
[0.224s] -- Found rosidl_generator_cpp: 3.1.6 (/opt/ros/humble/share/rosidl_generator_cpp/cmake)
[0.235s] -- Using all available rosidl_typesupport_c: rosidl_typesupport_fastrtps_c;rosidl_typesupport_introspection_c
[0.246s] -- Using all available rosidl_typesupport_cpp: rosidl_typesupport_fastrtps_cpp;rosidl_typesupport_introspection_cpp
[0.276s] -- Found rmw_implementation_cmake: 6.1.2 (/opt/ros/humble/share/rmw_implementation_cmake/cmake)
[0.277s] -- Found rmw_fastrtps_cpp: 6.2.7 (/opt/ros/humble/share/rmw_fastrtps_cpp/cmake)
[0.394s] -- Using RMW implementation 'rmw_fastrtps_cpp' as default
[0.440s] -- Found geometry_msgs: 4.2.4 (/opt/ros/humble/share/geometry_msgs/cmake)
[0.461s] [31mCMake Error at CMakeLists.txt:14 (find_package):
[0.462s]   By not providing "Findcatkin.cmake" in CMAKE_MODULE_PATH this project has
[0.462s]   asked CMake to find a package configuration file provided by "catkin", but
[0.462s]   CMake did not find one.
[0.462s] 
[0.462s]   Could not find a package configuration file provided by "catkin" with any
[0.462s]   of the following names:
[0.462s] 
[0.462s]     catkinConfig.cmake
[0.462s]     catkin-config.cmake
[0.462s] 
[0.462s]   Add the installation prefix of "catkin" to CMAKE_PREFIX_PATH or set
[0.462s]   "catkin_DIR" to a directory containing one of the above files.  If "catkin"
[0.462s]   provides a separate development package or SDK, be sure it has been
[0.462s]   installed.
[0.462s] 
[0.462s] [0m
[0.462s] -- Configuring incomplete, errors occurred!
[0.462s] See also "/home/harsh/rover_project/build/mobile_robot/CMakeFiles/CMakeOutput.log".
[0.471s] gmake: *** [Makefile:267: cmake_check_build_system] Error 1
[0.475s] Invoked command in '/home/harsh/rover_project/build/mobile_robot' returned '2': /usr/bin/cmake --build /home/harsh/rover_project/build/mobile_robot -- -j8 -l8
