-- Found ament_cmake: 1.3.11 (/opt/ros/humble/share/ament_cmake/cmake)
-- Found rclcpp: 16.0.11 (/opt/ros/humble/share/rclcpp/cmake)
-- Found rosidl_generator_c: 3.1.6 (/opt/ros/humble/share/rosidl_generator_c/cmake)
-- Found rosidl_adapter: 3.1.6 (/opt/ros/humble/share/rosidl_adapter/cmake)
-- Found rosidl_generator_cpp: 3.1.6 (/opt/ros/humble/share/rosidl_generator_cpp/cmake)
-- Using all available rosidl_typesupport_c: rosidl_typesupport_fastrtps_c;rosidl_typesupport_introspection_c
-- Using all available rosidl_typesupport_cpp: rosidl_typesupport_fastrtps_cpp;rosidl_typesupport_introspection_cpp
-- Found rmw_implementation_cmake: 6.1.2 (/opt/ros/humble/share/rmw_implementation_cmake/cmake)
-- Found rmw_fastrtps_cpp: 6.2.7 (/opt/ros/humble/share/rmw_fastrtps_cpp/cmake)
-- Using RMW implementation 'rmw_fastrtps_cpp' as default
-- Found geometry_msgs: 4.2.4 (/opt/ros/humble/share/geometry_msgs/cmake)
-- Found ament_lint_auto: 0.12.11 (/opt/ros/humble/share/ament_lint_auto/cmake)
-- Added test 'cppcheck' to perform static code analysis on C / C++ code
-- Configured cppcheck include dirs: 
-- Configured cppcheck exclude dirs and/or files: 
-- Added test 'flake8' to check Python code syntax and style conventions
-- Added test 'lint_cmake' to check CMake code style
-- Added test 'pep257' to check Python code against some of the docstring style conventions in PEP 257
-- Added test 'uncrustify' to check C / C++ code style
-- Configured uncrustify additional arguments: 
-- Added test 'xmllint' to check XML markup files
-- Configuring done
-- Generating done
-- Build files have been written to: /home/harsh/rover_project/build/mobile_robot
[35m[1mConsolidate compiler generated dependencies of target coordinate_input_node[0m
[ 50%] [32mBuilding CXX object CMakeFiles/coordinate_input_node.dir/src/coordinate_input_node.cpp.o[0m
[01m[K/home/harsh/rover_project/src/mobile_robot/src/coordinate_input_node.cpp:24:52:[m[K [01;31m[Kerror: [m[K‘[01m[KFloat64MultiArray[m[K’ in namespace ‘[01m[Kstd_msgs::msg[m[K’ does not name a type
   24 |     void coordinates_callback(const std_msgs::msg::[01;31m[KFloat64MultiArray[m[K::SharedPtr msg)
      |                                                    [01;31m[K^~~~~~~~~~~~~~~~~[m[K
[01m[K/home/harsh/rover_project/src/mobile_robot/src/coordinate_input_node.cpp:24:81:[m[K [01;31m[Kerror: [m[Kexpected unqualified-id before ‘[01m[Kmsg[m[K’
   24 |     void coordinates_callback(const std_msgs::msg::Float64MultiArray::SharedPtr [01;31m[Kmsg[m[K)
      |                                                                                 [01;31m[K^~~[m[K
[01m[K/home/harsh/rover_project/src/mobile_robot/src/coordinate_input_node.cpp:24:80:[m[K [01;31m[Kerror: [m[Kexpected ‘[01m[K)[m[K’ before ‘[01m[Kmsg[m[K’
   24 |     void coordinates_callback[34m[K([m[Kconst std_msgs::msg::Float64MultiArray::SharedPtr[01;31m[K [m[K[32m[Kmsg[m[K)
      |                              [34m[K~[m[K                                                 [01;31m[K^[m[K[32m[K~~~[m[K
      |                                                                                [32m[K)[m[K
[01m[K/home/harsh/rover_project/src/mobile_robot/src/coordinate_input_node.cpp:24:71:[m[K [01;31m[Kerror: [m[Kexpected ‘[01m[K;[m[K’ at end of member declaration
   24 |     void coordinates_callback(const std_msgs::msg::Float64MultiArray::[01;31m[KSharedPtr[m[K msg)
      |                                                                       [01;31m[K^~~~~~~~~[m[K
      |                                                                                [32m[K;[m[K
[01m[K/home/harsh/rover_project/src/mobile_robot/src/coordinate_input_node.cpp:24:81:[m[K [01;31m[Kerror: [m[K‘[01m[Kmsg[m[K’ does not name a type
   24 |     void coordinates_callback(const std_msgs::msg::Float64MultiArray::SharedPtr [01;31m[Kmsg[m[K)
      |                                                                                 [01;31m[K^~~[m[K
[01m[K/home/harsh/rover_project/src/mobile_robot/src/coordinate_input_node.cpp:68:41:[m[K [01;31m[Kerror: [m[K‘[01m[KFloat64MultiArray[m[K’ is not a member of ‘[01m[Kstd_msgs::msg[m[K’
   68 |     rclcpp::Subscription<std_msgs::msg::[01;31m[KFloat64MultiArray[m[K>::SharedPtr coordinates_sub_;
      |                                         [01;31m[K^~~~~~~~~~~~~~~~~[m[K
[01m[K/home/harsh/rover_project/src/mobile_robot/src/coordinate_input_node.cpp:68:58:[m[K [01;31m[Kerror: [m[Ktemplate argument 1 is invalid
   68 |     rclcpp::Subscription<std_msgs::msg::Float64MultiArray[01;31m[K>[m[K::SharedPtr coordinates_sub_;
      |                                                          [01;31m[K^[m[K
[01m[K/home/harsh/rover_project/src/mobile_robot/src/coordinate_input_node.cpp:68:58:[m[K [01;31m[Kerror: [m[Ktemplate argument 3 is invalid
[01m[K/home/harsh/rover_project/src/mobile_robot/src/coordinate_input_node.cpp:68:58:[m[K [01;31m[Kerror: [m[Ktemplate argument 4 is invalid
[01m[K/home/harsh/rover_project/src/mobile_robot/src/coordinate_input_node.cpp:68:58:[m[K [01;31m[Kerror: [m[Ktemplate argument 5 is invalid
[01m[K/home/harsh/rover_project/src/mobile_robot/src/coordinate_input_node.cpp:68:61:[m[K [01;31m[Kerror: [m[Kexpected ‘[01m[K;[m[K’ at end of member declaration
   68 |     rclcpp::Subscription<std_msgs::msg::Float64MultiArray>::[01;31m[KSharedPtr[m[K coordinates_sub_;
      |                                                             [01;31m[K^~~~~~~~~[m[K
      |                                                                      [32m[K;[m[K
[01m[K/home/harsh/rover_project/src/mobile_robot/src/coordinate_input_node.cpp:68:71:[m[K [01;31m[Kerror: [m[K‘[01m[Kcoordinates_sub_[m[K’ does not name a type
   68 |     rclcpp::Subscription<std_msgs::msg::Float64MultiArray>::SharedPtr [01;31m[Kcoordinates_sub_[m[K;
      |                                                                       [01;31m[K^~~~~~~~~~~~~~~~[m[K
[01m[K/home/harsh/rover_project/src/mobile_robot/src/coordinate_input_node.cpp:[m[K In constructor ‘[01m[KCoordinateInputNode::CoordinateInputNode()[m[K’:
[01m[K/home/harsh/rover_project/src/mobile_robot/src/coordinate_input_node.cpp:13:9:[m[K [01;31m[Kerror: [m[K‘[01m[Kcoordinates_sub_[m[K’ was not declared in this scope; did you mean ‘[01m[Kcoordinates_callback[m[K’?
   13 |         [01;31m[Kcoordinates_sub_[m[K = this->create_subscription<std_msgs::msg::Float64MultiArray>(
      |         [01;31m[K^~~~~~~~~~~~~~~~[m[K
      |         [32m[Kcoordinates_callback[m[K
[01m[K/home/harsh/rover_project/src/mobile_robot/src/coordinate_input_node.cpp:13:69:[m[K [01;31m[Kerror: [m[K‘[01m[KFloat64MultiArray[m[K’ is not a member of ‘[01m[Kstd_msgs::msg[m[K’
   13 |         coordinates_sub_ = this->create_subscription<std_msgs::msg::[01;31m[KFloat64MultiArray[m[K>(
      |                                                                     [01;31m[K^~~~~~~~~~~~~~~~~[m[K
[01m[K/home/harsh/rover_project/src/mobile_robot/src/coordinate_input_node.cpp:13:87:[m[K [01;31m[Kerror: [m[Kno matching function for call to ‘[01m[KCoordinateInputNode::create_subscription<<expression error> >(const char [19], int, std::_Bind_helper<false, void (CoordinateInputNode::*)(...), CoordinateInputNode*, const std::_Placeholder<1>&>::type)[m[K’
   13 |         coordinates_sub_ = [01;31m[Kthis->create_subscription<std_msgs::msg::Float64MultiArray>([m[K
      |                            [01;31m[K~~~~~~~~~~~~~~~~~~~~~~~~~~~~~~~~~~~~~~~~~~~~~~~~~~~~~~~~~~~^[m[K
   14 | [01;31m[K            "/coordinates_input", 10, std::bind(&CoordinateInputNode::coordinates_callback, this, std::placeholders::_1))[m[K;
      |             [01;31m[K~~~~~~~~~~~~~~~~~~~~~~~~~~~~~~~~~~~~~~~~~~~~~~~~~~~~~~~~~~~~~~~~~~~~~~~~~~~~~~~~~~~~~~~~~~~~~~~~~~~~~~~~~~~~~[m[K
In file included from [01m[K/opt/ros/humble/include/rclcpp/rclcpp/executors/single_threaded_executor.hpp:28[m[K,
                 from [01m[K/opt/ros/humble/include/rclcpp/rclcpp/executors.hpp:22[m[K,
                 from [01m[K/opt/ros/humble/include/rclcpp/rclcpp/rclcpp.hpp:155[m[K,
                 from [01m[K/home/harsh/rover_project/src/mobile_robot/src/coordinate_input_node.cpp:1[m[K:
[01m[K/opt/ros/humble/include/rclcpp/rclcpp/node.hpp:219:3:[m[K [01;36m[Knote: [m[Kcandidate: ‘[01m[Ktemplate<class MessageT, class CallbackT, class AllocatorT, class SubscriptionT, class MessageMemoryStrategyT> std::shared_ptr<ROSMessageT> rclcpp::Node::create_subscription(const string&, const rclcpp::QoS&, CallbackT&&, const rclcpp::SubscriptionOptionsWithAllocator<AllocatorT>&, typename MessageMemoryStrategyT::SharedPtr)[m[K’
  219 |   [01;36m[Kcreate_subscription[m[K(
      |   [01;36m[K^~~~~~~~~~~~~~~~~~~[m[K
[01m[K/opt/ros/humble/include/rclcpp/rclcpp/node.hpp:219:3:[m[K [01;36m[Knote: [m[K  template argument deduction/substitution failed:
[01m[K/home/harsh/rover_project/src/mobile_robot/src/coordinate_input_node.cpp:13:87:[m[K [01;31m[Kerror: [m[Ktemplate argument 1 is invalid
   13 |         coordinates_sub_ = [01;31m[Kthis->create_subscription<std_msgs::msg::Float64MultiArray>([m[K
      |                            [01;31m[K~~~~~~~~~~~~~~~~~~~~~~~~~~~~~~~~~~~~~~~~~~~~~~~~~~~~~~~~~~~^[m[K
   14 | [01;31m[K            "/coordinates_input", 10, std::bind(&CoordinateInputNode::coordinates_callback, this, std::placeholders::_1))[m[K;
      |             [01;31m[K~~~~~~~~~~~~~~~~~~~~~~~~~~~~~~~~~~~~~~~~~~~~~~~~~~~~~~~~~~~~~~~~~~~~~~~~~~~~~~~~~~~~~~~~~~~~~~~~~~~~~~~~~~~~~[m[K
gmake[2]: *** [CMakeFiles/coordinate_input_node.dir/build.make:76: CMakeFiles/coordinate_input_node.dir/src/coordinate_input_node.cpp.o] Error 1
gmake[1]: *** [CMakeFiles/Makefile2:137: CMakeFiles/coordinate_input_node.dir/all] Error 2
gmake: *** [Makefile:146: all] Error 2
