[0.009s] Invoking command in '/home/harsh/ros2_new/build/hello_world': CMAKE_PREFIX_PATH=/opt/ros/humble /usr/bin/cmake --build /home/harsh/ros2_new/build/hello_world -- -j16 -l16
[0.029s] -- Found ament_cmake: 1.3.10 (/opt/ros/humble/share/ament_cmake/cmake)
[0.111s] -- Found rclcpp: 16.0.10 (/opt/ros/humble/share/rclcpp/cmake)
[0.131s] -- Found rosidl_generator_c: 3.1.5 (/opt/ros/humble/share/rosidl_generator_c/cmake)
[0.133s] -- Found rosidl_adapter: 3.1.5 (/opt/ros/humble/share/rosidl_adapter/cmake)
[0.136s] -- Found rosidl_generator_cpp: 3.1.5 (/opt/ros/humble/share/rosidl_generator_cpp/cmake)
[0.142s] -- Using all available rosidl_typesupport_c: rosidl_typesupport_fastrtps_c;rosidl_typesupport_introspection_c
[0.150s] -- Using all available rosidl_typesupport_cpp: rosidl_typesupport_fastrtps_cpp;rosidl_typesupport_introspection_cpp
[0.171s] -- Found rmw_implementation_cmake: 6.1.2 (/opt/ros/humble/share/rmw_implementation_cmake/cmake)
[0.171s] -- Found rmw_fastrtps_cpp: 6.2.7 (/opt/ros/humble/share/rmw_fastrtps_cpp/cmake)
[0.247s] -- Using RMW implementation 'rmw_fastrtps_cpp' as default
[0.280s] -- Found ament_lint_auto: 0.12.11 (/opt/ros/humble/share/ament_lint_auto/cmake)
[0.325s] -- Added test 'cppcheck' to perform static code analysis on C / C++ code
[0.326s] -- Configured cppcheck include dirs: /home/harsh/ros2_new/src/hello_world/include
[0.326s] -- Configured cppcheck exclude dirs and/or files: 
[0.326s] -- Added test 'lint_cmake' to check CMake code style
[0.327s] -- Added test 'uncrustify' to check C / C++ code style
[0.327s] -- Configured uncrustify additional arguments: 
[0.327s] -- Added test 'xmllint' to check XML markup files
[0.327s] -- Configuring done
[0.385s] -- Generating done
[0.390s] -- Build files have been written to: /home/harsh/ros2_new/build/hello_world
[0.414s] [35m[1mConsolidate compiler generated dependencies of target price_subscriber[0m
[0.414s] [35m[1mConsolidate compiler generated dependencies of target hello_node[0m
[0.428s] [ 25%] [32mBuilding CXX object CMakeFiles/price_subscriber.dir/src/price_subscriber.cpp.o[0m
[0.428s] [ 50%] [32mBuilding CXX object CMakeFiles/hello_node.dir/src/helloworld.cpp.o[0m
[3.542s] [ 75%] [32m[1mLinking CXX executable hello_node[0m
[3.931s] [ 75%] Built target hello_node
[6.052s] [100%] [32m[1mLinking CXX executable price_subscriber[0m
[6.283s] [100%] Built target price_subscriber
[6.293s] Invoked command in '/home/harsh/ros2_new/build/hello_world' returned '0': CMAKE_PREFIX_PATH=/opt/ros/humble /usr/bin/cmake --build /home/harsh/ros2_new/build/hello_world -- -j16 -l16
[6.302s] Invoking command in '/home/harsh/ros2_new/build/hello_world': CMAKE_PREFIX_PATH=/opt/ros/humble /usr/bin/cmake --install /home/harsh/ros2_new/build/hello_world
[6.307s] -- Install configuration: ""
[6.307s] -- Installing: /home/harsh/ros2_new/install/hello_world/lib/hello_world/hello_node
[6.308s] -- Set runtime path of "/home/harsh/ros2_new/install/hello_world/lib/hello_world/hello_node" to ""
[6.308s] -- Installing: /home/harsh/ros2_new/install/hello_world/lib/hello_world/price_subscriber
[6.311s] -- Set runtime path of "/home/harsh/ros2_new/install/hello_world/lib/hello_world/price_subscriber" to ""
[6.312s] -- Up-to-date: /home/harsh/ros2_new/install/hello_world/share/ament_index/resource_index/package_run_dependencies/hello_world
[6.312s] -- Up-to-date: /home/harsh/ros2_new/install/hello_world/share/ament_index/resource_index/parent_prefix_path/hello_world
[6.312s] -- Up-to-date: /home/harsh/ros2_new/install/hello_world/share/hello_world/environment/ament_prefix_path.sh
[6.312s] -- Installing: /home/harsh/ros2_new/install/hello_world/share/hello_world/environment/ament_prefix_path.dsv
[6.312s] -- Up-to-date: /home/harsh/ros2_new/install/hello_world/share/hello_world/environment/path.sh
[6.312s] -- Installing: /home/harsh/ros2_new/install/hello_world/share/hello_world/environment/path.dsv
[6.312s] -- Up-to-date: /home/harsh/ros2_new/install/hello_world/share/hello_world/local_setup.bash
[6.312s] -- Up-to-date: /home/harsh/ros2_new/install/hello_world/share/hello_world/local_setup.sh
[6.312s] -- Up-to-date: /home/harsh/ros2_new/install/hello_world/share/hello_world/local_setup.zsh
[6.313s] -- Installing: /home/harsh/ros2_new/install/hello_world/share/hello_world/local_setup.dsv
[6.313s] -- Installing: /home/harsh/ros2_new/install/hello_world/share/hello_world/package.dsv
[6.313s] -- Up-to-date: /home/harsh/ros2_new/install/hello_world/share/ament_index/resource_index/packages/hello_world
[6.313s] -- Up-to-date: /home/harsh/ros2_new/install/hello_world/share/hello_world/cmake/hello_worldConfig.cmake
[6.313s] -- Up-to-date: /home/harsh/ros2_new/install/hello_world/share/hello_world/cmake/hello_worldConfig-version.cmake
[6.313s] -- Up-to-date: /home/harsh/ros2_new/install/hello_world/share/hello_world/package.xml
[6.314s] Invoked command in '/home/harsh/ros2_new/build/hello_world' returned '0': CMAKE_PREFIX_PATH=/opt/ros/humble /usr/bin/cmake --install /home/harsh/ros2_new/build/hello_world
