[  2%] Built target cashier_system__cpp
[ 10%] Built target cashier_system__rosidl_generator_c
[ 10%] Built target ament_cmake_python_copy_cashier_system
[ 51%] Built target cashier_system__rosidl_typesupport_introspection_cpp
[ 51%] Built target cashier_system__rosidl_typesupport_fastrtps_c
[ 51%] Built target cashier_system__rosidl_typesupport_fastrtps_cpp
[ 51%] Built target cashier_system__rosidl_typesupport_introspection_c
[ 54%] Built target cashier_system__rosidl_typesupport_cpp
[ 59%] Built target cashier_system__rosidl_typesupport_c
[35m[1mConsolidate compiler generated dependencies of target cashier_node[0m
[ 59%] Built target cashier_system
[ 64%] Built target bill_listener_node
[ 70%] Built target bill_publisher_node
[ 72%] [32mBuilding CXX object CMakeFiles/cashier_node.dir/src/cashier_node.cpp.o[0m
[ 75%] Built target cashier_system__py
[ 81%] Built target cashier_system__rosidl_generator_py
[ 97%] Built target cashier_system__rosidl_typesupport_fastrtps_c__pyext
[ 97%] Built target cashier_system__rosidl_typesupport_introspection_c__pyext
[ 97%] Built target cashier_system__rosidl_typesupport_c__pyext
running egg_info
writing cashier_system.egg-info/PKG-INFO
writing dependency_links to cashier_system.egg-info/dependency_links.txt
writing top-level names to cashier_system.egg-info/top_level.txt
reading manifest file 'cashier_system.egg-info/SOURCES.txt'
writing manifest file 'cashier_system.egg-info/SOURCES.txt'
[ 97%] Built target ament_cmake_python_build_cashier_system_egg
[100%] [32m[1mLinking CXX executable cashier_node[0m
[100%] Built target cashier_node
-- Install configuration: ""
-- Up-to-date: /home/harsh/ros2_new/install/cashier_system/share/ament_index/resource_index/rosidl_interfaces/cashier_system
-- Up-to-date: /home/harsh/ros2_new/install/cashier_system/include/cashier_system/cashier_system
-- Up-to-date: /home/harsh/ros2_new/install/cashier_system/include/cashier_system/cashier_system/msg
-- Up-to-date: /home/harsh/ros2_new/install/cashier_system/include/cashier_system/cashier_system/msg/rosidl_generator_c__visibility_control.h
-- Up-to-date: /home/harsh/ros2_new/install/cashier_system/include/cashier_system/cashier_system/msg/bill.h
-- Up-to-date: /home/harsh/ros2_new/install/cashier_system/include/cashier_system/cashier_system/msg/detail
-- Up-to-date: /home/harsh/ros2_new/install/cashier_system/include/cashier_system/cashier_system/msg/detail/bill__type_support.h
-- Up-to-date: /home/harsh/ros2_new/install/cashier_system/include/cashier_system/cashier_system/msg/detail/bill__functions.h
-- Up-to-date: /home/harsh/ros2_new/install/cashier_system/include/cashier_system/cashier_system/msg/detail/bill__functions.c
-- Up-to-date: /home/harsh/ros2_new/install/cashier_system/include/cashier_system/cashier_system/msg/detail/bill__struct.h
-- Up-to-date: /home/harsh/ros2_new/install/cashier_system/share/cashier_system/environment/library_path.sh
-- Up-to-date: /home/harsh/ros2_new/install/cashier_system/share/cashier_system/environment/library_path.dsv
-- Up-to-date: /home/harsh/ros2_new/install/cashier_system/lib/libcashier_system__rosidl_generator_c.so
-- Up-to-date: /home/harsh/ros2_new/install/cashier_system/include/cashier_system/cashier_system
-- Up-to-date: /home/harsh/ros2_new/install/cashier_system/include/cashier_system/cashier_system/msg
-- Up-to-date: /home/harsh/ros2_new/install/cashier_system/include/cashier_system/cashier_system/msg/detail
-- Up-to-date: /home/harsh/ros2_new/install/cashier_system/include/cashier_system/cashier_system/msg/detail/bill__rosidl_typesupport_fastrtps_c.h
-- Up-to-date: /home/harsh/ros2_new/install/cashier_system/include/cashier_system/cashier_system/msg/rosidl_typesupport_fastrtps_c__visibility_control.h
-- Up-to-date: /home/harsh/ros2_new/install/cashier_system/lib/libcashier_system__rosidl_typesupport_fastrtps_c.so
-- Up-to-date: /home/harsh/ros2_new/install/cashier_system/include/cashier_system/cashier_system
-- Up-to-date: /home/harsh/ros2_new/install/cashier_system/include/cashier_system/cashier_system/msg
-- Up-to-date: /home/harsh/ros2_new/install/cashier_system/include/cashier_system/cashier_system/msg/detail
-- Up-to-date: /home/harsh/ros2_new/install/cashier_system/include/cashier_system/cashier_system/msg/detail/bill__struct.hpp
-- Up-to-date: /home/harsh/ros2_new/install/cashier_system/include/cashier_system/cashier_system/msg/detail/bill__builder.hpp
-- Up-to-date: /home/harsh/ros2_new/install/cashier_system/include/cashier_system/cashier_system/msg/detail/bill__traits.hpp
-- Up-to-date: /home/harsh/ros2_new/install/cashier_system/include/cashier_system/cashier_system/msg/bill.hpp
-- Up-to-date: /home/harsh/ros2_new/install/cashier_system/include/cashier_system/cashier_system
-- Up-to-date: /home/harsh/ros2_new/install/cashier_system/include/cashier_system/cashier_system/msg
-- Up-to-date: /home/harsh/ros2_new/install/cashier_system/include/cashier_system/cashier_system/msg/rosidl_typesupport_fastrtps_cpp__visibility_control.h
-- Up-to-date: /home/harsh/ros2_new/install/cashier_system/include/cashier_system/cashier_system/msg/detail
-- Up-to-date: /home/harsh/ros2_new/install/cashier_system/include/cashier_system/cashier_system/msg/detail/bill__rosidl_typesupport_fastrtps_cpp.hpp
-- Up-to-date: /home/harsh/ros2_new/install/cashier_system/include/cashier_system/cashier_system/msg/detail/dds_fastrtps
-- Up-to-date: /home/harsh/ros2_new/install/cashier_system/lib/libcashier_system__rosidl_typesupport_fastrtps_cpp.so
-- Up-to-date: /home/harsh/ros2_new/install/cashier_system/include/cashier_system/cashier_system
-- Up-to-date: /home/harsh/ros2_new/install/cashier_system/include/cashier_system/cashier_system/msg
-- Up-to-date: /home/harsh/ros2_new/install/cashier_system/include/cashier_system/cashier_system/msg/detail
-- Up-to-date: /home/harsh/ros2_new/install/cashier_system/include/cashier_system/cashier_system/msg/detail/bill__type_support.c
-- Up-to-date: /home/harsh/ros2_new/install/cashier_system/include/cashier_system/cashier_system/msg/detail/bill__rosidl_typesupport_introspection_c.h
-- Up-to-date: /home/harsh/ros2_new/install/cashier_system/include/cashier_system/cashier_system/msg/rosidl_typesupport_introspection_c__visibility_control.h
-- Up-to-date: /home/harsh/ros2_new/install/cashier_system/lib/libcashier_system__rosidl_typesupport_introspection_c.so
-- Up-to-date: /home/harsh/ros2_new/install/cashier_system/lib/libcashier_system__rosidl_typesupport_c.so
-- Up-to-date: /home/harsh/ros2_new/install/cashier_system/include/cashier_system/cashier_system
-- Up-to-date: /home/harsh/ros2_new/install/cashier_system/include/cashier_system/cashier_system/msg
-- Up-to-date: /home/harsh/ros2_new/install/cashier_system/include/cashier_system/cashier_system/msg/detail
-- Up-to-date: /home/harsh/ros2_new/install/cashier_system/include/cashier_system/cashier_system/msg/detail/bill__rosidl_typesupport_introspection_cpp.hpp
-- Up-to-date: /home/harsh/ros2_new/install/cashier_system/include/cashier_system/cashier_system/msg/detail/bill__type_support.cpp
-- Up-to-date: /home/harsh/ros2_new/install/cashier_system/lib/libcashier_system__rosidl_typesupport_introspection_cpp.so
-- Up-to-date: /home/harsh/ros2_new/install/cashier_system/lib/libcashier_system__rosidl_typesupport_cpp.so
-- Up-to-date: /home/harsh/ros2_new/install/cashier_system/share/cashier_system/environment/pythonpath.sh
-- Up-to-date: /home/harsh/ros2_new/install/cashier_system/share/cashier_system/environment/pythonpath.dsv
-- Up-to-date: /home/harsh/ros2_new/install/cashier_system/local/lib/python3.10/dist-packages/cashier_system-0.0.1-py3.10.egg-info
-- Installing: /home/harsh/ros2_new/install/cashier_system/local/lib/python3.10/dist-packages/cashier_system-0.0.1-py3.10.egg-info/top_level.txt
-- Installing: /home/harsh/ros2_new/install/cashier_system/local/lib/python3.10/dist-packages/cashier_system-0.0.1-py3.10.egg-info/dependency_links.txt
-- Installing: /home/harsh/ros2_new/install/cashier_system/local/lib/python3.10/dist-packages/cashier_system-0.0.1-py3.10.egg-info/PKG-INFO
-- Installing: /home/harsh/ros2_new/install/cashier_system/local/lib/python3.10/dist-packages/cashier_system-0.0.1-py3.10.egg-info/SOURCES.txt
-- Up-to-date: /home/harsh/ros2_new/install/cashier_system/local/lib/python3.10/dist-packages/cashier_system
-- Up-to-date: /home/harsh/ros2_new/install/cashier_system/local/lib/python3.10/dist-packages/cashier_system/_cashier_system_s.ep.rosidl_typesupport_introspection_c.c
-- Up-to-date: /home/harsh/ros2_new/install/cashier_system/local/lib/python3.10/dist-packages/cashier_system/cashier_system_s__rosidl_typesupport_introspection_c.cpython-310-x86_64-linux-gnu.so
-- Up-to-date: /home/harsh/ros2_new/install/cashier_system/local/lib/python3.10/dist-packages/cashier_system/_cashier_system_s.ep.rosidl_typesupport_c.c
-- Up-to-date: /home/harsh/ros2_new/install/cashier_system/local/lib/python3.10/dist-packages/cashier_system/libcashier_system__rosidl_generator_py.so
-- Up-to-date: /home/harsh/ros2_new/install/cashier_system/local/lib/python3.10/dist-packages/cashier_system/cashier_system_s__rosidl_typesupport_fastrtps_c.cpython-310-x86_64-linux-gnu.so
-- Up-to-date: /home/harsh/ros2_new/install/cashier_system/local/lib/python3.10/dist-packages/cashier_system/msg
-- Up-to-date: /home/harsh/ros2_new/install/cashier_system/local/lib/python3.10/dist-packages/cashier_system/msg/_bill.py
-- Up-to-date: /home/harsh/ros2_new/install/cashier_system/local/lib/python3.10/dist-packages/cashier_system/msg/_bill_s.c
-- Up-to-date: /home/harsh/ros2_new/install/cashier_system/local/lib/python3.10/dist-packages/cashier_system/msg/__init__.py
-- Up-to-date: /home/harsh/ros2_new/install/cashier_system/local/lib/python3.10/dist-packages/cashier_system/__init__.py
-- Up-to-date: /home/harsh/ros2_new/install/cashier_system/local/lib/python3.10/dist-packages/cashier_system/_cashier_system_s.ep.rosidl_typesupport_fastrtps_c.c
-- Up-to-date: /home/harsh/ros2_new/install/cashier_system/local/lib/python3.10/dist-packages/cashier_system/cashier_system_s__rosidl_typesupport_c.cpython-310-x86_64-linux-gnu.so
Listing '/home/harsh/ros2_new/install/cashier_system/local/lib/python3.10/dist-packages/cashier_system'...
Listing '/home/harsh/ros2_new/install/cashier_system/local/lib/python3.10/dist-packages/cashier_system/msg'...
-- Up-to-date: /home/harsh/ros2_new/install/cashier_system/local/lib/python3.10/dist-packages/cashier_system/cashier_system_s__rosidl_typesupport_fastrtps_c.cpython-310-x86_64-linux-gnu.so
-- Up-to-date: /home/harsh/ros2_new/install/cashier_system/local/lib/python3.10/dist-packages/cashier_system/cashier_system_s__rosidl_typesupport_introspection_c.cpython-310-x86_64-linux-gnu.so
-- Up-to-date: /home/harsh/ros2_new/install/cashier_system/local/lib/python3.10/dist-packages/cashier_system/cashier_system_s__rosidl_typesupport_c.cpython-310-x86_64-linux-gnu.so
-- Up-to-date: /home/harsh/ros2_new/install/cashier_system/lib/libcashier_system__rosidl_generator_py.so
-- Up-to-date: /home/harsh/ros2_new/install/cashier_system/share/cashier_system/msg/Bill.idl
-- Up-to-date: /home/harsh/ros2_new/install/cashier_system/share/cashier_system/msg/Bill.msg
-- Up-to-date: /home/harsh/ros2_new/install/cashier_system/lib/cashier_system/bill_publisher_node
-- Installing: /home/harsh/ros2_new/install/cashier_system/lib/cashier_system/cashier_node
-- Set runtime path of "/home/harsh/ros2_new/install/cashier_system/lib/cashier_system/cashier_node" to ""
-- Up-to-date: /home/harsh/ros2_new/install/cashier_system/lib/cashier_system/bill_listener_node
-- Up-to-date: /home/harsh/ros2_new/install/cashier_system/share/ament_index/resource_index/package_run_dependencies/cashier_system
-- Up-to-date: /home/harsh/ros2_new/install/cashier_system/share/ament_index/resource_index/parent_prefix_path/cashier_system
-- Up-to-date: /home/harsh/ros2_new/install/cashier_system/share/cashier_system/environment/ament_prefix_path.sh
-- Up-to-date: /home/harsh/ros2_new/install/cashier_system/share/cashier_system/environment/ament_prefix_path.dsv
-- Up-to-date: /home/harsh/ros2_new/install/cashier_system/share/cashier_system/environment/path.sh
-- Up-to-date: /home/harsh/ros2_new/install/cashier_system/share/cashier_system/environment/path.dsv
-- Up-to-date: /home/harsh/ros2_new/install/cashier_system/share/cashier_system/local_setup.bash
-- Up-to-date: /home/harsh/ros2_new/install/cashier_system/share/cashier_system/local_setup.sh
-- Up-to-date: /home/harsh/ros2_new/install/cashier_system/share/cashier_system/local_setup.zsh
-- Up-to-date: /home/harsh/ros2_new/install/cashier_system/share/cashier_system/local_setup.dsv
-- Installing: /home/harsh/ros2_new/install/cashier_system/share/cashier_system/package.dsv
-- Up-to-date: /home/harsh/ros2_new/install/cashier_system/share/ament_index/resource_index/packages/cashier_system
-- Up-to-date: /home/harsh/ros2_new/install/cashier_system/share/cashier_system/cmake/export_cashier_system__rosidl_generator_cExport.cmake
-- Up-to-date: /home/harsh/ros2_new/install/cashier_system/share/cashier_system/cmake/export_cashier_system__rosidl_generator_cExport-noconfig.cmake
-- Up-to-date: /home/harsh/ros2_new/install/cashier_system/share/cashier_system/cmake/export_cashier_system__rosidl_typesupport_fastrtps_cExport.cmake
-- Up-to-date: /home/harsh/ros2_new/install/cashier_system/share/cashier_system/cmake/export_cashier_system__rosidl_typesupport_fastrtps_cExport-noconfig.cmake
-- Up-to-date: /home/harsh/ros2_new/install/cashier_system/share/cashier_system/cmake/export_cashier_system__rosidl_generator_cppExport.cmake
-- Up-to-date: /home/harsh/ros2_new/install/cashier_system/share/cashier_system/cmake/export_cashier_system__rosidl_typesupport_fastrtps_cppExport.cmake
-- Up-to-date: /home/harsh/ros2_new/install/cashier_system/share/cashier_system/cmake/export_cashier_system__rosidl_typesupport_fastrtps_cppExport-noconfig.cmake
-- Up-to-date: /home/harsh/ros2_new/install/cashier_system/share/cashier_system/cmake/cashier_system__rosidl_typesupport_introspection_cExport.cmake
-- Up-to-date: /home/harsh/ros2_new/install/cashier_system/share/cashier_system/cmake/cashier_system__rosidl_typesupport_introspection_cExport-noconfig.cmake
-- Up-to-date: /home/harsh/ros2_new/install/cashier_system/share/cashier_system/cmake/cashier_system__rosidl_typesupport_cExport.cmake
-- Up-to-date: /home/harsh/ros2_new/install/cashier_system/share/cashier_system/cmake/cashier_system__rosidl_typesupport_cExport-noconfig.cmake
-- Up-to-date: /home/harsh/ros2_new/install/cashier_system/share/cashier_system/cmake/cashier_system__rosidl_typesupport_introspection_cppExport.cmake
-- Up-to-date: /home/harsh/ros2_new/install/cashier_system/share/cashier_system/cmake/cashier_system__rosidl_typesupport_introspection_cppExport-noconfig.cmake
-- Up-to-date: /home/harsh/ros2_new/install/cashier_system/share/cashier_system/cmake/cashier_system__rosidl_typesupport_cppExport.cmake
-- Up-to-date: /home/harsh/ros2_new/install/cashier_system/share/cashier_system/cmake/cashier_system__rosidl_typesupport_cppExport-noconfig.cmake
-- Up-to-date: /home/harsh/ros2_new/install/cashier_system/share/cashier_system/cmake/export_cashier_system__rosidl_generator_pyExport.cmake
-- Up-to-date: /home/harsh/ros2_new/install/cashier_system/share/cashier_system/cmake/export_cashier_system__rosidl_generator_pyExport-noconfig.cmake
-- Up-to-date: /home/harsh/ros2_new/install/cashier_system/share/cashier_system/cmake/rosidl_cmake-extras.cmake
-- Up-to-date: /home/harsh/ros2_new/install/cashier_system/share/cashier_system/cmake/ament_cmake_export_dependencies-extras.cmake
-- Up-to-date: /home/harsh/ros2_new/install/cashier_system/share/cashier_system/cmake/ament_cmake_export_include_directories-extras.cmake
-- Up-to-date: /home/harsh/ros2_new/install/cashier_system/share/cashier_system/cmake/ament_cmake_export_libraries-extras.cmake
-- Up-to-date: /home/harsh/ros2_new/install/cashier_system/share/cashier_system/cmake/ament_cmake_export_targets-extras.cmake
-- Up-to-date: /home/harsh/ros2_new/install/cashier_system/share/cashier_system/cmake/rosidl_cmake_export_typesupport_targets-extras.cmake
-- Up-to-date: /home/harsh/ros2_new/install/cashier_system/share/cashier_system/cmake/rosidl_cmake_export_typesupport_libraries-extras.cmake
-- Up-to-date: /home/harsh/ros2_new/install/cashier_system/share/cashier_system/cmake/cashier_systemConfig.cmake
-- Up-to-date: /home/harsh/ros2_new/install/cashier_system/share/cashier_system/cmake/cashier_systemConfig-version.cmake
-- Up-to-date: /home/harsh/ros2_new/install/cashier_system/share/cashier_system/package.xml
