[0.158s] DEBUG:colcon:Command line arguments: ['/usr/bin/colcon', 'build']
[0.158s] DEBUG:colcon:Parsed command line arguments: Namespace(log_base=None, log_level=None, verb_name='build', build_base='build', install_base='install', merge_install=False, symlink_install=False, test_result_base=None, continue_on_error=False, executor='parallel', parallel_workers=8, event_handlers=None, ignore_user_meta=False, metas=['./colcon.meta'], base_paths=['.'], packages_ignore=None, packages_ignore_regex=None, paths=None, packages_up_to=None, packages_up_to_regex=None, packages_above=None, packages_above_and_dependencies=None, packages_above_depth=None, packages_select_by_dep=None, packages_skip_by_dep=None, packages_skip_up_to=None, packages_select_build_failed=False, packages_skip_build_finished=False, packages_select_test_failures=False, packages_skip_test_passed=False, packages_select=None, packages_skip=None, packages_select_regex=None, packages_skip_regex=None, packages_start=None, packages_end=None, allow_overriding=[], cmake_args=None, cmake_target=None, cmake_target_skip_unavailable=False, cmake_clean_cache=False, cmake_clean_first=False, cmake_force_configure=False, ament_cmake_args=None, catkin_cmake_args=None, catkin_skip_building_tests=False, mixin_files=None, mixin=None, verb_parser=<colcon_mixin.mixin.mixin_argument.MixinArgumentDecorator object at 0x7f57778165c0>, verb_extension=<colcon_core.verb.build.BuildVerb object at 0x7f577793f4f0>, main=<bound method BuildVerb.main of <colcon_core.verb.build.BuildVerb object at 0x7f577793f4f0>>, mixin_verb=('build',))
[0.411s] Level 1:colcon.colcon_core.package_discovery:discover_packages(colcon_meta) check parameters
[0.411s] Level 1:colcon.colcon_core.package_discovery:discover_packages(recursive) check parameters
[0.411s] Level 1:colcon.colcon_core.package_discovery:discover_packages(ignore) check parameters
[0.411s] Level 1:colcon.colcon_core.package_discovery:discover_packages(path) check parameters
[0.411s] Level 1:colcon.colcon_core.package_discovery:discover_packages(colcon_meta) discover
[0.411s] Level 1:colcon.colcon_core.package_discovery:discover_packages(recursive) discover
[0.411s] INFO:colcon.colcon_core.package_discovery:Crawling recursively for packages in '/home/harsh/rover_project'
[0.411s] Level 1:colcon.colcon_core.package_identification:_identify(.) by extensions ['ignore', 'ignore_ament_install']
[0.412s] Level 1:colcon.colcon_core.package_identification:_identify(.) by extension 'ignore'
[0.412s] Level 1:colcon.colcon_core.package_identification:_identify(.) by extension 'ignore_ament_install'
[0.412s] Level 1:colcon.colcon_core.package_identification:_identify(.) by extensions ['colcon_pkg']
[0.412s] Level 1:colcon.colcon_core.package_identification:_identify(.) by extension 'colcon_pkg'
[0.412s] Level 1:colcon.colcon_core.package_identification:_identify(.) by extensions ['colcon_meta']
[0.412s] Level 1:colcon.colcon_core.package_identification:_identify(.) by extension 'colcon_meta'
[0.412s] Level 1:colcon.colcon_core.package_identification:_identify(.) by extensions ['ros']
[0.412s] Level 1:colcon.colcon_core.package_identification:_identify(.) by extension 'ros'
[0.428s] Level 1:colcon.colcon_core.package_identification:_identify(.) by extensions ['cmake', 'python']
[0.429s] Level 1:colcon.colcon_core.package_identification:_identify(.) by extension 'cmake'
[0.429s] Level 1:colcon.colcon_core.package_identification:_identify(.) by extension 'python'
[0.429s] Level 1:colcon.colcon_core.package_identification:_identify(.) by extensions ['python_setup_py']
[0.429s] Level 1:colcon.colcon_core.package_identification:_identify(.) by extension 'python_setup_py'
[0.429s] Level 1:colcon.colcon_core.package_identification:_identify(build) by extensions ['ignore', 'ignore_ament_install']
[0.429s] Level 1:colcon.colcon_core.package_identification:_identify(build) by extension 'ignore'
[0.429s] Level 1:colcon.colcon_core.package_identification:_identify(build) ignored
[0.430s] Level 1:colcon.colcon_core.package_identification:_identify(install) by extensions ['ignore', 'ignore_ament_install']
[0.430s] Level 1:colcon.colcon_core.package_identification:_identify(install) by extension 'ignore'
[0.430s] Level 1:colcon.colcon_core.package_identification:_identify(install) ignored
[0.430s] Level 1:colcon.colcon_core.package_identification:_identify(log) by extensions ['ignore', 'ignore_ament_install']
[0.430s] Level 1:colcon.colcon_core.package_identification:_identify(log) by extension 'ignore'
[0.430s] Level 1:colcon.colcon_core.package_identification:_identify(log) ignored
[0.430s] Level 1:colcon.colcon_core.package_identification:_identify(src) by extensions ['ignore', 'ignore_ament_install']
[0.430s] Level 1:colcon.colcon_core.package_identification:_identify(src) by extension 'ignore'
[0.430s] Level 1:colcon.colcon_core.package_identification:_identify(src) by extension 'ignore_ament_install'
[0.430s] Level 1:colcon.colcon_core.package_identification:_identify(src) by extensions ['colcon_pkg']
[0.430s] Level 1:colcon.colcon_core.package_identification:_identify(src) by extension 'colcon_pkg'
[0.430s] Level 1:colcon.colcon_core.package_identification:_identify(src) by extensions ['colcon_meta']
[0.430s] Level 1:colcon.colcon_core.package_identification:_identify(src) by extension 'colcon_meta'
[0.430s] Level 1:colcon.colcon_core.package_identification:_identify(src) by extensions ['ros']
[0.430s] Level 1:colcon.colcon_core.package_identification:_identify(src) by extension 'ros'
[0.431s] Level 1:colcon.colcon_core.package_identification:_identify(src) by extensions ['cmake', 'python']
[0.431s] Level 1:colcon.colcon_core.package_identification:_identify(src) by extension 'cmake'
[0.431s] Level 1:colcon.colcon_core.package_identification:_identify(src) by extension 'python'
[0.431s] Level 1:colcon.colcon_core.package_identification:_identify(src) by extensions ['python_setup_py']
[0.431s] Level 1:colcon.colcon_core.package_identification:_identify(src) by extension 'python_setup_py'
[0.431s] Level 1:colcon.colcon_core.package_identification:_identify(src/mobile_robot) by extensions ['ignore', 'ignore_ament_install']
[0.431s] Level 1:colcon.colcon_core.package_identification:_identify(src/mobile_robot) by extension 'ignore'
[0.431s] Level 1:colcon.colcon_core.package_identification:_identify(src/mobile_robot) by extension 'ignore_ament_install'
[0.431s] Level 1:colcon.colcon_core.package_identification:_identify(src/mobile_robot) by extensions ['colcon_pkg']
[0.431s] Level 1:colcon.colcon_core.package_identification:_identify(src/mobile_robot) by extension 'colcon_pkg'
[0.431s] Level 1:colcon.colcon_core.package_identification:_identify(src/mobile_robot) by extensions ['colcon_meta']
[0.431s] Level 1:colcon.colcon_core.package_identification:_identify(src/mobile_robot) by extension 'colcon_meta'
[0.431s] Level 1:colcon.colcon_core.package_identification:_identify(src/mobile_robot) by extensions ['ros']
[0.431s] Level 1:colcon.colcon_core.package_identification:_identify(src/mobile_robot) by extension 'ros'
[0.436s] DEBUG:colcon.colcon_core.package_identification:Package 'src/mobile_robot' with type 'ros.ament_cmake' and name 'mobile_robot'
[0.436s] Level 1:colcon.colcon_core.package_discovery:discover_packages(recursive) using defaults
[0.436s] Level 1:colcon.colcon_core.package_discovery:discover_packages(ignore) discover
[0.436s] Level 1:colcon.colcon_core.package_discovery:discover_packages(ignore) using defaults
[0.436s] Level 1:colcon.colcon_core.package_discovery:discover_packages(path) discover
[0.436s] Level 1:colcon.colcon_core.package_discovery:discover_packages(path) using defaults
[0.506s] Level 1:colcon.colcon_core.package_discovery:discover_packages(prefix_path) check parameters
[0.506s] Level 1:colcon.colcon_core.package_discovery:discover_packages(prefix_path) discover
[0.509s] DEBUG:colcon.colcon_installed_package_information.package_discovery:Found 1 installed packages in /home/harsh/rover_project/install
[0.511s] DEBUG:colcon.colcon_installed_package_information.package_discovery:Found 288 installed packages in /opt/ros/humble
[0.513s] Level 1:colcon.colcon_core.package_discovery:discover_packages(prefix_path) using defaults
[0.568s] Level 5:colcon.colcon_core.verb:set package 'mobile_robot' build argument 'cmake_args' from command line to 'None'
[0.568s] Level 5:colcon.colcon_core.verb:set package 'mobile_robot' build argument 'cmake_target' from command line to 'None'
[0.568s] Level 5:colcon.colcon_core.verb:set package 'mobile_robot' build argument 'cmake_target_skip_unavailable' from command line to 'False'
[0.568s] Level 5:colcon.colcon_core.verb:set package 'mobile_robot' build argument 'cmake_clean_cache' from command line to 'False'
[0.568s] Level 5:colcon.colcon_core.verb:set package 'mobile_robot' build argument 'cmake_clean_first' from command line to 'False'
[0.568s] Level 5:colcon.colcon_core.verb:set package 'mobile_robot' build argument 'cmake_force_configure' from command line to 'False'
[0.568s] Level 5:colcon.colcon_core.verb:set package 'mobile_robot' build argument 'ament_cmake_args' from command line to 'None'
[0.568s] Level 5:colcon.colcon_core.verb:set package 'mobile_robot' build argument 'catkin_cmake_args' from command line to 'None'
[0.568s] Level 5:colcon.colcon_core.verb:set package 'mobile_robot' build argument 'catkin_skip_building_tests' from command line to 'False'
[0.568s] DEBUG:colcon.colcon_core.verb:Building package 'mobile_robot' with the following arguments: {'ament_cmake_args': None, 'build_base': '/home/harsh/rover_project/build/mobile_robot', 'catkin_cmake_args': None, 'catkin_skip_building_tests': False, 'cmake_args': None, 'cmake_clean_cache': False, 'cmake_clean_first': False, 'cmake_force_configure': False, 'cmake_target': None, 'cmake_target_skip_unavailable': False, 'install_base': '/home/harsh/rover_project/install/mobile_robot', 'merge_install': False, 'path': '/home/harsh/rover_project/src/mobile_robot', 'symlink_install': False, 'test_result_base': None}
[0.569s] INFO:colcon.colcon_core.executor:Executing jobs using 'parallel' executor
[0.571s] DEBUG:colcon.colcon_parallel_executor.executor.parallel:run_until_complete
[0.571s] INFO:colcon.colcon_ros.task.ament_cmake.build:Building ROS package in '/home/harsh/rover_project/src/mobile_robot' with build type 'ament_cmake'
[0.572s] INFO:colcon.colcon_cmake.task.cmake.build:Building CMake package in '/home/harsh/rover_project/src/mobile_robot'
[0.575s] INFO:colcon.colcon_core.plugin_system:Skipping extension 'colcon_core.shell.bat': Not used on non-Windows systems
[0.575s] INFO:colcon.colcon_core.shell:Skip shell extension 'powershell' for command environment: Not usable outside of PowerShell
[0.575s] DEBUG:colcon.colcon_core.shell:Skip shell extension 'dsv' for command environment
[0.594s] DEBUG:colcon.colcon_core.event_handler.log_command:Invoking command in '/home/harsh/rover_project/build/mobile_robot': CMAKE_PREFIX_PATH=${CMAKE_PREFIX_PATH}:/opt/ros/humble /usr/bin/cmake --build /home/harsh/rover_project/build/mobile_robot -- -j8 -l8
[10.048s] DEBUG:colcon.colcon_core.event_handler.log_command:Invoked command in '/home/harsh/rover_project/build/mobile_robot' returned '0': CMAKE_PREFIX_PATH=${CMAKE_PREFIX_PATH}:/opt/ros/humble /usr/bin/cmake --build /home/harsh/rover_project/build/mobile_robot -- -j8 -l8
[10.084s] DEBUG:colcon.colcon_core.event_handler.log_command:Invoking command in '/home/harsh/rover_project/build/mobile_robot': CMAKE_PREFIX_PATH=${CMAKE_PREFIX_PATH}:/opt/ros/humble /usr/bin/cmake --install /home/harsh/rover_project/build/mobile_robot
[10.116s] Level 1:colcon.colcon_core.environment:create_environment_scripts_only(mobile_robot)
[10.120s] DEBUG:colcon.colcon_core.event_handler.log_command:Invoked command in '/home/harsh/rover_project/build/mobile_robot' returned '0': CMAKE_PREFIX_PATH=${CMAKE_PREFIX_PATH}:/opt/ros/humble /usr/bin/cmake --install /home/harsh/rover_project/build/mobile_robot
[10.124s] Level 1:colcon.colcon_core.environment:checking '/home/harsh/rover_project/install/mobile_robot' for CMake module files
[10.125s] Level 1:colcon.colcon_core.environment:checking '/home/harsh/rover_project/install/mobile_robot' for CMake config files
[10.126s] Level 1:colcon.colcon_core.shell:create_environment_hook('mobile_robot', 'cmake_prefix_path')
[10.127s] INFO:colcon.colcon_core.shell:Creating environment hook '/home/harsh/rover_project/install/mobile_robot/share/mobile_robot/hook/cmake_prefix_path.ps1'
[10.128s] INFO:colcon.colcon_core.shell:Creating environment descriptor '/home/harsh/rover_project/install/mobile_robot/share/mobile_robot/hook/cmake_prefix_path.dsv'
[10.129s] INFO:colcon.colcon_core.shell:Creating environment hook '/home/harsh/rover_project/install/mobile_robot/share/mobile_robot/hook/cmake_prefix_path.sh'
[10.132s] Level 1:colcon.colcon_core.environment:checking '/home/harsh/rover_project/install/mobile_robot/lib'
[10.132s] Level 1:colcon.colcon_core.environment:checking '/home/harsh/rover_project/install/mobile_robot/bin'
[10.132s] Level 1:colcon.colcon_core.environment:checking '/home/harsh/rover_project/install/mobile_robot/lib/pkgconfig/mobile_robot.pc'
[10.133s] Level 1:colcon.colcon_core.environment:checking '/home/harsh/rover_project/install/mobile_robot/lib/python3.10/site-packages'
[10.133s] Level 1:colcon.colcon_core.environment:checking '/home/harsh/rover_project/install/mobile_robot/bin'
[10.134s] INFO:colcon.colcon_core.shell:Creating package script '/home/harsh/rover_project/install/mobile_robot/share/mobile_robot/package.ps1'
[10.136s] INFO:colcon.colcon_core.shell:Creating package descriptor '/home/harsh/rover_project/install/mobile_robot/share/mobile_robot/package.dsv'
[10.138s] INFO:colcon.colcon_core.shell:Creating package script '/home/harsh/rover_project/install/mobile_robot/share/mobile_robot/package.sh'
[10.141s] INFO:colcon.colcon_core.shell:Creating package script '/home/harsh/rover_project/install/mobile_robot/share/mobile_robot/package.bash'
[10.144s] INFO:colcon.colcon_core.shell:Creating package script '/home/harsh/rover_project/install/mobile_robot/share/mobile_robot/package.zsh'
[10.146s] Level 1:colcon.colcon_core.environment:create_file_with_runtime_dependencies(/home/harsh/rover_project/install/mobile_robot/share/colcon-core/packages/mobile_robot)
[10.149s] Level 1:colcon.colcon_core.environment:create_environment_scripts_only(mobile_robot)
[10.150s] Level 1:colcon.colcon_core.environment:checking '/home/harsh/rover_project/install/mobile_robot' for CMake module files
[10.151s] Level 1:colcon.colcon_core.environment:checking '/home/harsh/rover_project/install/mobile_robot' for CMake config files
[10.152s] Level 1:colcon.colcon_core.shell:create_environment_hook('mobile_robot', 'cmake_prefix_path')
[10.152s] INFO:colcon.colcon_core.shell:Creating environment hook '/home/harsh/rover_project/install/mobile_robot/share/mobile_robot/hook/cmake_prefix_path.ps1'
[10.153s] INFO:colcon.colcon_core.shell:Creating environment descriptor '/home/harsh/rover_project/install/mobile_robot/share/mobile_robot/hook/cmake_prefix_path.dsv'
[10.155s] INFO:colcon.colcon_core.shell:Creating environment hook '/home/harsh/rover_project/install/mobile_robot/share/mobile_robot/hook/cmake_prefix_path.sh'
[10.157s] Level 1:colcon.colcon_core.environment:checking '/home/harsh/rover_project/install/mobile_robot/lib'
[10.157s] Level 1:colcon.colcon_core.environment:checking '/home/harsh/rover_project/install/mobile_robot/bin'
[10.157s] Level 1:colcon.colcon_core.environment:checking '/home/harsh/rover_project/install/mobile_robot/lib/pkgconfig/mobile_robot.pc'
[10.158s] Level 1:colcon.colcon_core.environment:checking '/home/harsh/rover_project/install/mobile_robot/lib/python3.10/site-packages'
[10.159s] Level 1:colcon.colcon_core.environment:checking '/home/harsh/rover_project/install/mobile_robot/bin'
[10.160s] INFO:colcon.colcon_core.shell:Creating package script '/home/harsh/rover_project/install/mobile_robot/share/mobile_robot/package.ps1'
[10.161s] INFO:colcon.colcon_core.shell:Creating package descriptor '/home/harsh/rover_project/install/mobile_robot/share/mobile_robot/package.dsv'
[10.163s] INFO:colcon.colcon_core.shell:Creating package script '/home/harsh/rover_project/install/mobile_robot/share/mobile_robot/package.sh'
[10.164s] INFO:colcon.colcon_core.shell:Creating package script '/home/harsh/rover_project/install/mobile_robot/share/mobile_robot/package.bash'
[10.166s] INFO:colcon.colcon_core.shell:Creating package script '/home/harsh/rover_project/install/mobile_robot/share/mobile_robot/package.zsh'
[10.167s] Level 1:colcon.colcon_core.environment:create_file_with_runtime_dependencies(/home/harsh/rover_project/install/mobile_robot/share/colcon-core/packages/mobile_robot)
[10.168s] DEBUG:colcon.colcon_parallel_executor.executor.parallel:closing loop
[10.169s] DEBUG:colcon.colcon_parallel_executor.executor.parallel:loop closed
[10.169s] DEBUG:colcon.colcon_parallel_executor.executor.parallel:run_until_complete finished with '0'
[10.169s] DEBUG:colcon.colcon_core.event_reactor:joining thread
[10.183s] INFO:colcon.colcon_core.plugin_system:Skipping extension 'colcon_notification.desktop_notification.terminal_notifier': Not used on non-Darwin systems
[10.184s] INFO:colcon.colcon_core.plugin_system:Skipping extension 'colcon_notification.desktop_notification.win32': Not used on non-Windows systems
[10.184s] INFO:colcon.colcon_notification.desktop_notification:Sending desktop notification using 'notify2'
[10.236s] DEBUG:colcon.colcon_core.event_reactor:joined thread
[10.237s] INFO:colcon.colcon_core.shell:Creating prefix script '/home/harsh/rover_project/install/local_setup.ps1'
[10.241s] INFO:colcon.colcon_core.shell:Creating prefix util module '/home/harsh/rover_project/install/_local_setup_util_ps1.py'
[10.244s] INFO:colcon.colcon_core.shell:Creating prefix chain script '/home/harsh/rover_project/install/setup.ps1'
[10.249s] INFO:colcon.colcon_core.shell:Creating prefix script '/home/harsh/rover_project/install/local_setup.sh'
[10.251s] INFO:colcon.colcon_core.shell:Creating prefix util module '/home/harsh/rover_project/install/_local_setup_util_sh.py'
[10.254s] INFO:colcon.colcon_core.shell:Creating prefix chain script '/home/harsh/rover_project/install/setup.sh'
[10.258s] INFO:colcon.colcon_core.shell:Creating prefix script '/home/harsh/rover_project/install/local_setup.bash'
[10.260s] INFO:colcon.colcon_core.shell:Creating prefix chain script '/home/harsh/rover_project/install/setup.bash'
[10.262s] INFO:colcon.colcon_core.shell:Creating prefix script '/home/harsh/rover_project/install/local_setup.zsh'
[10.263s] INFO:colcon.colcon_core.shell:Creating prefix chain script '/home/harsh/rover_project/install/setup.zsh'
