[0.007s] Invoking command in '/home/harsh/ros2_new/build/tutorial_interfaces': CMAKE_PREFIX_PATH=/opt/ros/humble /usr/bin/cmake /home/harsh/ros2_new/src/tutorial_interfaces -DCMAKE_INSTALL_PREFIX=/home/harsh/ros2_new/install/tutorial_interfaces
[0.052s] -- The C compiler identification is GNU 11.4.0
[0.096s] -- The CXX compiler identification is GNU 11.4.0
[0.102s] -- Detecting C compiler ABI info
[0.160s] -- Detecting C compiler ABI info - done
[0.164s] -- Check for working C compiler: /usr/bin/cc - skipped
[0.165s] -- Detecting C compile features
[0.165s] -- Detecting C compile features - done
[0.167s] -- Detecting CXX compiler ABI info
[0.235s] -- Detecting CXX compiler ABI info - done
[0.239s] -- Check for working CXX compiler: /usr/bin/c++ - skipped
[0.240s] -- Detecting CXX compile features
[0.240s] -- Detecting CXX compile features - done
[0.241s] -- Found ament_cmake: 1.3.10 (/opt/ros/humble/share/ament_cmake/cmake)
[0.345s] -- Found Python3: /usr/bin/python3 (found version "3.10.12") found components: Interpreter 
[0.406s] -- Found geometry_msgs: 4.2.4 (/opt/ros/humble/share/geometry_msgs/cmake)
[0.430s] -- Found rosidl_generator_c: 3.1.5 (/opt/ros/humble/share/rosidl_generator_c/cmake)
[0.433s] -- Found rosidl_adapter: 3.1.5 (/opt/ros/humble/share/rosidl_adapter/cmake)
[0.438s] -- Found rosidl_generator_cpp: 3.1.5 (/opt/ros/humble/share/rosidl_generator_cpp/cmake)
[0.446s] -- Using all available rosidl_typesupport_c: rosidl_typesupport_fastrtps_c;rosidl_typesupport_introspection_c
[0.456s] -- Using all available rosidl_typesupport_cpp: rosidl_typesupport_fastrtps_cpp;rosidl_typesupport_introspection_cpp
[0.483s] -- Found rosidl_default_generators: 1.2.0 (/opt/ros/humble/share/rosidl_default_generators/cmake)
[0.687s] -- Found ament_cmake_ros: 0.10.0 (/opt/ros/humble/share/ament_cmake_ros/cmake)
[0.977s] -- Using all available rosidl_typesupport_c: rosidl_typesupport_fastrtps_c;rosidl_typesupport_introspection_c
[1.088s] -- Using all available rosidl_typesupport_cpp: rosidl_typesupport_fastrtps_cpp;rosidl_typesupport_introspection_cpp
[1.105s] -- Found PythonInterp: /usr/bin/python3 (found suitable version "3.10.12", minimum required is "3.6") 
[1.106s] -- Found python_cmake_module: 0.10.0 (/opt/ros/humble/share/python_cmake_module/cmake)
[1.124s] -- Found PythonLibs: /usr/lib/x86_64-linux-gnu/libpython3.10.so (found suitable version "3.10.12", minimum required is "3.5") 
[1.124s] -- Using PYTHON_EXECUTABLE: /usr/bin/python3
[1.125s] -- Using PYTHON_INCLUDE_DIRS: /usr/include/python3.10
[1.125s] -- Using PYTHON_LIBRARIES: /usr/lib/x86_64-linux-gnu/libpython3.10.so
[1.140s] -- Found PythonExtra: .so  
[1.179s] -- Found ament_lint_auto: 0.12.11 (/opt/ros/humble/share/ament_lint_auto/cmake)
[1.191s] -- Added test 'lint_cmake' to check CMake code style
[1.192s] -- Added test 'xmllint' to check XML markup files
[1.194s] -- Configuring done
[1.221s] -- Generating done
[1.230s] -- Build files have been written to: /home/harsh/ros2_new/build/tutorial_interfaces
[1.237s] Invoked command in '/home/harsh/ros2_new/build/tutorial_interfaces' returned '0': CMAKE_PREFIX_PATH=/opt/ros/humble /usr/bin/cmake /home/harsh/ros2_new/src/tutorial_interfaces -DCMAKE_INSTALL_PREFIX=/home/harsh/ros2_new/install/tutorial_interfaces
[1.239s] Invoking command in '/home/harsh/ros2_new/build/tutorial_interfaces': CMAKE_PREFIX_PATH=/opt/ros/humble /usr/bin/cmake --build /home/harsh/ros2_new/build/tutorial_interfaces -- -j16 -l16
[1.273s] [  2%] [34m[1mGenerating C code for ROS interfaces[0m
[1.281s] [  4%] [34m[1mGenerating C++ code for ROS interfaces[0m
[1.288s] [  4%] Built target ament_cmake_python_copy_tutorial_interfaces
[1.454s] running egg_info
[1.455s] creating tutorial_interfaces.egg-info
[1.455s] writing tutorial_interfaces.egg-info/PKG-INFO
[1.455s] writing dependency_links to tutorial_interfaces.egg-info/dependency_links.txt
[1.455s] writing top-level names to tutorial_interfaces.egg-info/top_level.txt
[1.455s] writing manifest file 'tutorial_interfaces.egg-info/SOURCES.txt'
[1.457s] reading manifest file 'tutorial_interfaces.egg-info/SOURCES.txt'
[1.457s] writing manifest file 'tutorial_interfaces.egg-info/SOURCES.txt'
[1.478s] [  4%] Built target ament_cmake_python_build_tutorial_interfaces_egg
[1.512s] [  4%] Built target tutorial_interfaces__cpp
[1.522s] [ 10%] [34m[1mGenerating C++ type support dispatch for ROS interfaces[0m
[1.522s] [ 10%] [34m[1mGenerating C++ introspection for ROS interfaces[0m
[1.522s] [ 10%] [34m[1mGenerating C++ type support for eProsima Fast-RTPS[0m
[1.531s] [ 17%] [32mBuilding C object CMakeFiles/tutorial_interfaces__rosidl_generator_c.dir/rosidl_generator_c/tutorial_interfaces/msg/detail/num__functions.c.o[0m
[1.531s] [ 17%] [32mBuilding C object CMakeFiles/tutorial_interfaces__rosidl_generator_c.dir/rosidl_generator_c/tutorial_interfaces/msg/detail/sphere__functions.c.o[0m
[1.531s] [ 17%] [32mBuilding C object CMakeFiles/tutorial_interfaces__rosidl_generator_c.dir/rosidl_generator_c/tutorial_interfaces/srv/detail/add_three_ints__functions.c.o[0m
[1.577s] [ 19%] [32m[1mLinking C shared library libtutorial_interfaces__rosidl_generator_c.so[0m
[1.612s] [ 19%] Built target tutorial_interfaces__rosidl_generator_c
[1.621s] [ 25%] [34m[1mGenerating C type support for eProsima Fast-RTPS[0m
[1.621s] [ 25%] [34m[1mGenerating C type support dispatch for ROS interfaces[0m
[1.621s] [ 25%] [34m[1mGenerating C introspection for ROS interfaces[0m
[1.711s] [ 29%] [32mBuilding CXX object CMakeFiles/tutorial_interfaces__rosidl_typesupport_cpp.dir/rosidl_typesupport_cpp/tutorial_interfaces/srv/add_three_ints__type_support.cpp.o[0m
[1.711s] [ 29%] [32mBuilding CXX object CMakeFiles/tutorial_interfaces__rosidl_typesupport_cpp.dir/rosidl_typesupport_cpp/tutorial_interfaces/msg/sphere__type_support.cpp.o[0m
[1.711s] [ 31%] [32mBuilding CXX object CMakeFiles/tutorial_interfaces__rosidl_typesupport_cpp.dir/rosidl_typesupport_cpp/tutorial_interfaces/msg/num__type_support.cpp.o[0m
[1.735s] [ 34%] [32mBuilding CXX object CMakeFiles/tutorial_interfaces__rosidl_typesupport_introspection_cpp.dir/rosidl_typesupport_introspection_cpp/tutorial_interfaces/msg/detail/num__type_support.cpp.o[0m
[1.736s] [ 38%] [32mBuilding CXX object CMakeFiles/tutorial_interfaces__rosidl_typesupport_introspection_cpp.dir/rosidl_typesupport_introspection_cpp/tutorial_interfaces/msg/detail/sphere__type_support.cpp.o[0m
[1.736s] [ 38%] [32mBuilding CXX object CMakeFiles/tutorial_interfaces__rosidl_typesupport_introspection_cpp.dir/rosidl_typesupport_introspection_cpp/tutorial_interfaces/srv/detail/add_three_ints__type_support.cpp.o[0m
[1.773s] [ 40%] [32mBuilding CXX object CMakeFiles/tutorial_interfaces__rosidl_typesupport_fastrtps_cpp.dir/rosidl_typesupport_fastrtps_cpp/tutorial_interfaces/msg/detail/dds_fastrtps/num__type_support.cpp.o[0m
[1.776s] [ 42%] [32mBuilding CXX object CMakeFiles/tutorial_interfaces__rosidl_typesupport_fastrtps_cpp.dir/rosidl_typesupport_fastrtps_cpp/tutorial_interfaces/srv/detail/dds_fastrtps/add_three_ints__type_support.cpp.o[0m
[1.776s] [ 44%] [32mBuilding CXX object CMakeFiles/tutorial_interfaces__rosidl_typesupport_fastrtps_cpp.dir/rosidl_typesupport_fastrtps_cpp/tutorial_interfaces/msg/detail/dds_fastrtps/sphere__type_support.cpp.o[0m
[1.839s] [ 46%] [32mBuilding CXX object CMakeFiles/tutorial_interfaces__rosidl_typesupport_c.dir/rosidl_typesupport_c/tutorial_interfaces/msg/sphere__type_support.cpp.o[0m
[1.839s] [ 48%] [32mBuilding CXX object CMakeFiles/tutorial_interfaces__rosidl_typesupport_c.dir/rosidl_typesupport_c/tutorial_interfaces/srv/add_three_ints__type_support.cpp.o[0m
[1.839s] [ 51%] [32mBuilding CXX object CMakeFiles/tutorial_interfaces__rosidl_typesupport_c.dir/rosidl_typesupport_c/tutorial_interfaces/msg/num__type_support.cpp.o[0m
[1.877s] [ 53%] [32m[1mLinking CXX shared library libtutorial_interfaces__rosidl_typesupport_c.so[0m
[1.920s] [ 53%] Built target tutorial_interfaces__rosidl_typesupport_c
[1.933s] [ 55%] [32mBuilding C object CMakeFiles/tutorial_interfaces__rosidl_typesupport_introspection_c.dir/rosidl_typesupport_introspection_c/tutorial_interfaces/msg/detail/num__type_support.c.o[0m
[1.933s] [ 57%] [32mBuilding C object CMakeFiles/tutorial_interfaces__rosidl_typesupport_introspection_c.dir/rosidl_typesupport_introspection_c/tutorial_interfaces/srv/detail/add_three_ints__type_support.c.o[0m
[1.936s] [ 59%] [32mBuilding C object CMakeFiles/tutorial_interfaces__rosidl_typesupport_introspection_c.dir/rosidl_typesupport_introspection_c/tutorial_interfaces/msg/detail/sphere__type_support.c.o[0m
[1.947s] [ 65%] [32mBuilding CXX object CMakeFiles/tutorial_interfaces__rosidl_typesupport_fastrtps_c.dir/rosidl_typesupport_fastrtps_c/tutorial_interfaces/srv/detail/add_three_ints__type_support_c.cpp.o[0m
[1.947s] [ 65%] [32mBuilding CXX object CMakeFiles/tutorial_interfaces__rosidl_typesupport_fastrtps_c.dir/rosidl_typesupport_fastrtps_c/tutorial_interfaces/msg/detail/sphere__type_support_c.cpp.o[0m
[1.947s] [ 65%] [32mBuilding CXX object CMakeFiles/tutorial_interfaces__rosidl_typesupport_fastrtps_c.dir/rosidl_typesupport_fastrtps_c/tutorial_interfaces/msg/detail/num__type_support_c.cpp.o[0m
[1.963s] [ 68%] [32m[1mLinking CXX shared library libtutorial_interfaces__rosidl_typesupport_cpp.so[0m
[1.976s] [ 70%] [32m[1mLinking C shared library libtutorial_interfaces__rosidl_typesupport_introspection_c.so[0m
[2.004s] [ 70%] Built target tutorial_interfaces__rosidl_typesupport_cpp
[2.006s] [ 70%] Built target tutorial_interfaces__rosidl_typesupport_introspection_c
[2.167s] [ 72%] [32m[1mLinking CXX shared library libtutorial_interfaces__rosidl_typesupport_introspection_cpp.so[0m
[2.225s] [ 72%] Built target tutorial_interfaces__rosidl_typesupport_introspection_cpp
[2.225s] [ 74%] [32m[1mLinking CXX shared library libtutorial_interfaces__rosidl_typesupport_fastrtps_cpp.so[0m
[2.238s] [ 76%] [32m[1mLinking CXX shared library libtutorial_interfaces__rosidl_typesupport_fastrtps_c.so[0m
[2.293s] [ 76%] Built target tutorial_interfaces__rosidl_typesupport_fastrtps_cpp
[2.303s] [ 76%] Built target tutorial_interfaces__rosidl_typesupport_fastrtps_c
[2.321s] [ 76%] Built target tutorial_interfaces
[2.341s] [ 78%] [34m[1mGenerating Python code for ROS interfaces[0m
[2.659s] [ 78%] Built target tutorial_interfaces__py
[2.676s] [ 80%] [32mBuilding C object CMakeFiles/tutorial_interfaces__rosidl_generator_py.dir/rosidl_generator_py/tutorial_interfaces/msg/_num_s.c.o[0m
[2.677s] [ 85%] [32mBuilding C object CMakeFiles/tutorial_interfaces__rosidl_generator_py.dir/rosidl_generator_py/tutorial_interfaces/srv/_add_three_ints_s.c.o[0m
[2.677s] [ 85%] [32mBuilding C object CMakeFiles/tutorial_interfaces__rosidl_generator_py.dir/rosidl_generator_py/tutorial_interfaces/msg/_sphere_s.c.o[0m
[2.786s] [ 87%] [32m[1mLinking C shared library rosidl_generator_py/tutorial_interfaces/libtutorial_interfaces__rosidl_generator_py.so[0m
[2.822s] [ 87%] Built target tutorial_interfaces__rosidl_generator_py
[2.840s] [ 93%] [32mBuilding C object CMakeFiles/tutorial_interfaces__rosidl_typesupport_introspection_c__pyext.dir/rosidl_generator_py/tutorial_interfaces/_tutorial_interfaces_s.ep.rosidl_typesupport_introspection_c.c.o[0m
[2.840s] [ 93%] [32mBuilding C object CMakeFiles/tutorial_interfaces__rosidl_typesupport_c__pyext.dir/rosidl_generator_py/tutorial_interfaces/_tutorial_interfaces_s.ep.rosidl_typesupport_c.c.o[0m
[2.840s] [ 93%] [32mBuilding C object CMakeFiles/tutorial_interfaces__rosidl_typesupport_fastrtps_c__pyext.dir/rosidl_generator_py/tutorial_interfaces/_tutorial_interfaces_s.ep.rosidl_typesupport_fastrtps_c.c.o[0m
[2.919s] [100%] [32m[1mLinking C shared library rosidl_generator_py/tutorial_interfaces/tutorial_interfaces_s__rosidl_typesupport_fastrtps_c.cpython-310-x86_64-linux-gnu.so[0m
[2.919s] [100%] [32m[1mLinking C shared library rosidl_generator_py/tutorial_interfaces/tutorial_interfaces_s__rosidl_typesupport_introspection_c.cpython-310-x86_64-linux-gnu.so[0m
[2.920s] [100%] [32m[1mLinking C shared library rosidl_generator_py/tutorial_interfaces/tutorial_interfaces_s__rosidl_typesupport_c.cpython-310-x86_64-linux-gnu.so[0m
[2.954s] [100%] Built target tutorial_interfaces__rosidl_typesupport_introspection_c__pyext
[2.954s] [100%] Built target tutorial_interfaces__rosidl_typesupport_c__pyext
[2.954s] [100%] Built target tutorial_interfaces__rosidl_typesupport_fastrtps_c__pyext
[2.965s] Invoked command in '/home/harsh/ros2_new/build/tutorial_interfaces' returned '0': CMAKE_PREFIX_PATH=/opt/ros/humble /usr/bin/cmake --build /home/harsh/ros2_new/build/tutorial_interfaces -- -j16 -l16
[2.972s] Invoking command in '/home/harsh/ros2_new/build/tutorial_interfaces': CMAKE_PREFIX_PATH=/opt/ros/humble /usr/bin/cmake --install /home/harsh/ros2_new/build/tutorial_interfaces
[2.978s] -- Install configuration: ""
[2.979s] -- Installing: /home/harsh/ros2_new/install/tutorial_interfaces/share/ament_index/resource_index/rosidl_interfaces/tutorial_interfaces
[2.979s] -- Installing: /home/harsh/ros2_new/install/tutorial_interfaces/include/tutorial_interfaces/tutorial_interfaces
[2.979s] -- Installing: /home/harsh/ros2_new/install/tutorial_interfaces/include/tutorial_interfaces/tutorial_interfaces/msg
[2.979s] -- Installing: /home/harsh/ros2_new/install/tutorial_interfaces/include/tutorial_interfaces/tutorial_interfaces/msg/rosidl_generator_c__visibility_control.h
[2.979s] -- Installing: /home/harsh/ros2_new/install/tutorial_interfaces/include/tutorial_interfaces/tutorial_interfaces/msg/detail
[2.979s] -- Installing: /home/harsh/ros2_new/install/tutorial_interfaces/include/tutorial_interfaces/tutorial_interfaces/msg/detail/sphere__type_support.h
[2.979s] -- Installing: /home/harsh/ros2_new/install/tutorial_interfaces/include/tutorial_interfaces/tutorial_interfaces/msg/detail/sphere__functions.c
[2.979s] -- Installing: /home/harsh/ros2_new/install/tutorial_interfaces/include/tutorial_interfaces/tutorial_interfaces/msg/detail/num__functions.h
[2.979s] -- Installing: /home/harsh/ros2_new/install/tutorial_interfaces/include/tutorial_interfaces/tutorial_interfaces/msg/detail/sphere__struct.h
[2.979s] -- Installing: /home/harsh/ros2_new/install/tutorial_interfaces/include/tutorial_interfaces/tutorial_interfaces/msg/detail/sphere__functions.h
[2.980s] -- Installing: /home/harsh/ros2_new/install/tutorial_interfaces/include/tutorial_interfaces/tutorial_interfaces/msg/detail/num__struct.h
[2.980s] -- Installing: /home/harsh/ros2_new/install/tutorial_interfaces/include/tutorial_interfaces/tutorial_interfaces/msg/detail/num__type_support.h
[2.980s] -- Installing: /home/harsh/ros2_new/install/tutorial_interfaces/include/tutorial_interfaces/tutorial_interfaces/msg/detail/num__functions.c
[2.980s] -- Installing: /home/harsh/ros2_new/install/tutorial_interfaces/include/tutorial_interfaces/tutorial_interfaces/msg/num.h
[2.980s] -- Installing: /home/harsh/ros2_new/install/tutorial_interfaces/include/tutorial_interfaces/tutorial_interfaces/msg/sphere.h
[2.980s] -- Installing: /home/harsh/ros2_new/install/tutorial_interfaces/include/tutorial_interfaces/tutorial_interfaces/srv
[2.980s] -- Installing: /home/harsh/ros2_new/install/tutorial_interfaces/include/tutorial_interfaces/tutorial_interfaces/srv/detail
[2.980s] -- Installing: /home/harsh/ros2_new/install/tutorial_interfaces/include/tutorial_interfaces/tutorial_interfaces/srv/detail/add_three_ints__functions.c
[2.980s] -- Installing: /home/harsh/ros2_new/install/tutorial_interfaces/include/tutorial_interfaces/tutorial_interfaces/srv/detail/add_three_ints__type_support.h
[2.980s] -- Installing: /home/harsh/ros2_new/install/tutorial_interfaces/include/tutorial_interfaces/tutorial_interfaces/srv/detail/add_three_ints__struct.h
[2.980s] -- Installing: /home/harsh/ros2_new/install/tutorial_interfaces/include/tutorial_interfaces/tutorial_interfaces/srv/detail/add_three_ints__functions.h
[2.980s] -- Installing: /home/harsh/ros2_new/install/tutorial_interfaces/include/tutorial_interfaces/tutorial_interfaces/srv/add_three_ints.h
[2.981s] -- Installing: /home/harsh/ros2_new/install/tutorial_interfaces/share/tutorial_interfaces/environment/library_path.sh
[2.981s] -- Installing: /home/harsh/ros2_new/install/tutorial_interfaces/share/tutorial_interfaces/environment/library_path.dsv
[2.981s] -- Installing: /home/harsh/ros2_new/install/tutorial_interfaces/lib/libtutorial_interfaces__rosidl_generator_c.so
[2.981s] -- Set runtime path of "/home/harsh/ros2_new/install/tutorial_interfaces/lib/libtutorial_interfaces__rosidl_generator_c.so" to ""
[2.981s] -- Up-to-date: /home/harsh/ros2_new/install/tutorial_interfaces/include/tutorial_interfaces/tutorial_interfaces
[2.981s] -- Up-to-date: /home/harsh/ros2_new/install/tutorial_interfaces/include/tutorial_interfaces/tutorial_interfaces/msg
[2.981s] -- Up-to-date: /home/harsh/ros2_new/install/tutorial_interfaces/include/tutorial_interfaces/tutorial_interfaces/msg/detail
[2.981s] -- Installing: /home/harsh/ros2_new/install/tutorial_interfaces/include/tutorial_interfaces/tutorial_interfaces/msg/detail/sphere__rosidl_typesupport_fastrtps_c.h
[2.981s] -- Installing: /home/harsh/ros2_new/install/tutorial_interfaces/include/tutorial_interfaces/tutorial_interfaces/msg/detail/num__rosidl_typesupport_fastrtps_c.h
[2.981s] -- Installing: /home/harsh/ros2_new/install/tutorial_interfaces/include/tutorial_interfaces/tutorial_interfaces/msg/rosidl_typesupport_fastrtps_c__visibility_control.h
[2.982s] -- Up-to-date: /home/harsh/ros2_new/install/tutorial_interfaces/include/tutorial_interfaces/tutorial_interfaces/srv
[2.982s] -- Up-to-date: /home/harsh/ros2_new/install/tutorial_interfaces/include/tutorial_interfaces/tutorial_interfaces/srv/detail
[2.982s] -- Installing: /home/harsh/ros2_new/install/tutorial_interfaces/include/tutorial_interfaces/tutorial_interfaces/srv/detail/add_three_ints__rosidl_typesupport_fastrtps_c.h
[2.982s] -- Installing: /home/harsh/ros2_new/install/tutorial_interfaces/lib/libtutorial_interfaces__rosidl_typesupport_fastrtps_c.so
[2.982s] -- Set runtime path of "/home/harsh/ros2_new/install/tutorial_interfaces/lib/libtutorial_interfaces__rosidl_typesupport_fastrtps_c.so" to ""
[2.982s] -- Up-to-date: /home/harsh/ros2_new/install/tutorial_interfaces/include/tutorial_interfaces/tutorial_interfaces
[2.982s] -- Up-to-date: /home/harsh/ros2_new/install/tutorial_interfaces/include/tutorial_interfaces/tutorial_interfaces/msg
[2.982s] -- Installing: /home/harsh/ros2_new/install/tutorial_interfaces/include/tutorial_interfaces/tutorial_interfaces/msg/num.hpp
[2.982s] -- Up-to-date: /home/harsh/ros2_new/install/tutorial_interfaces/include/tutorial_interfaces/tutorial_interfaces/msg/detail
[2.982s] -- Installing: /home/harsh/ros2_new/install/tutorial_interfaces/include/tutorial_interfaces/tutorial_interfaces/msg/detail/sphere__builder.hpp
[2.982s] -- Installing: /home/harsh/ros2_new/install/tutorial_interfaces/include/tutorial_interfaces/tutorial_interfaces/msg/detail/num__struct.hpp
[2.982s] -- Installing: /home/harsh/ros2_new/install/tutorial_interfaces/include/tutorial_interfaces/tutorial_interfaces/msg/detail/num__traits.hpp
[2.982s] -- Installing: /home/harsh/ros2_new/install/tutorial_interfaces/include/tutorial_interfaces/tutorial_interfaces/msg/detail/num__builder.hpp
[2.983s] -- Installing: /home/harsh/ros2_new/install/tutorial_interfaces/include/tutorial_interfaces/tutorial_interfaces/msg/detail/sphere__traits.hpp
[2.983s] -- Installing: /home/harsh/ros2_new/install/tutorial_interfaces/include/tutorial_interfaces/tutorial_interfaces/msg/detail/sphere__struct.hpp
[2.983s] -- Installing: /home/harsh/ros2_new/install/tutorial_interfaces/include/tutorial_interfaces/tutorial_interfaces/msg/sphere.hpp
[2.983s] -- Up-to-date: /home/harsh/ros2_new/install/tutorial_interfaces/include/tutorial_interfaces/tutorial_interfaces/srv
[2.983s] -- Installing: /home/harsh/ros2_new/install/tutorial_interfaces/include/tutorial_interfaces/tutorial_interfaces/srv/add_three_ints.hpp
[2.983s] -- Up-to-date: /home/harsh/ros2_new/install/tutorial_interfaces/include/tutorial_interfaces/tutorial_interfaces/srv/detail
[2.983s] -- Installing: /home/harsh/ros2_new/install/tutorial_interfaces/include/tutorial_interfaces/tutorial_interfaces/srv/detail/add_three_ints__struct.hpp
[2.983s] -- Installing: /home/harsh/ros2_new/install/tutorial_interfaces/include/tutorial_interfaces/tutorial_interfaces/srv/detail/add_three_ints__builder.hpp
[2.983s] -- Installing: /home/harsh/ros2_new/install/tutorial_interfaces/include/tutorial_interfaces/tutorial_interfaces/srv/detail/add_three_ints__traits.hpp
[2.983s] -- Up-to-date: /home/harsh/ros2_new/install/tutorial_interfaces/include/tutorial_interfaces/tutorial_interfaces
[2.983s] -- Up-to-date: /home/harsh/ros2_new/install/tutorial_interfaces/include/tutorial_interfaces/tutorial_interfaces/msg
[2.983s] -- Installing: /home/harsh/ros2_new/install/tutorial_interfaces/include/tutorial_interfaces/tutorial_interfaces/msg/rosidl_typesupport_fastrtps_cpp__visibility_control.h
[2.983s] -- Up-to-date: /home/harsh/ros2_new/install/tutorial_interfaces/include/tutorial_interfaces/tutorial_interfaces/msg/detail
[2.984s] -- Installing: /home/harsh/ros2_new/install/tutorial_interfaces/include/tutorial_interfaces/tutorial_interfaces/msg/detail/num__rosidl_typesupport_fastrtps_cpp.hpp
[2.984s] -- Installing: /home/harsh/ros2_new/install/tutorial_interfaces/include/tutorial_interfaces/tutorial_interfaces/msg/detail/sphere__rosidl_typesupport_fastrtps_cpp.hpp
[2.984s] -- Installing: /home/harsh/ros2_new/install/tutorial_interfaces/include/tutorial_interfaces/tutorial_interfaces/msg/detail/dds_fastrtps
[2.984s] -- Up-to-date: /home/harsh/ros2_new/install/tutorial_interfaces/include/tutorial_interfaces/tutorial_interfaces/srv
[2.984s] -- Up-to-date: /home/harsh/ros2_new/install/tutorial_interfaces/include/tutorial_interfaces/tutorial_interfaces/srv/detail
[2.984s] -- Installing: /home/harsh/ros2_new/install/tutorial_interfaces/include/tutorial_interfaces/tutorial_interfaces/srv/detail/add_three_ints__rosidl_typesupport_fastrtps_cpp.hpp
[2.984s] -- Installing: /home/harsh/ros2_new/install/tutorial_interfaces/include/tutorial_interfaces/tutorial_interfaces/srv/detail/dds_fastrtps
[2.984s] -- Installing: /home/harsh/ros2_new/install/tutorial_interfaces/lib/libtutorial_interfaces__rosidl_typesupport_fastrtps_cpp.so
[2.984s] -- Set runtime path of "/home/harsh/ros2_new/install/tutorial_interfaces/lib/libtutorial_interfaces__rosidl_typesupport_fastrtps_cpp.so" to ""
[2.984s] -- Up-to-date: /home/harsh/ros2_new/install/tutorial_interfaces/include/tutorial_interfaces/tutorial_interfaces
[2.984s] -- Up-to-date: /home/harsh/ros2_new/install/tutorial_interfaces/include/tutorial_interfaces/tutorial_interfaces/msg
[2.984s] -- Up-to-date: /home/harsh/ros2_new/install/tutorial_interfaces/include/tutorial_interfaces/tutorial_interfaces/msg/detail
[2.984s] -- Installing: /home/harsh/ros2_new/install/tutorial_interfaces/include/tutorial_interfaces/tutorial_interfaces/msg/detail/sphere__rosidl_typesupport_introspection_c.h
[2.985s] -- Installing: /home/harsh/ros2_new/install/tutorial_interfaces/include/tutorial_interfaces/tutorial_interfaces/msg/detail/num__type_support.c
[2.985s] -- Installing: /home/harsh/ros2_new/install/tutorial_interfaces/include/tutorial_interfaces/tutorial_interfaces/msg/detail/num__rosidl_typesupport_introspection_c.h
[2.985s] -- Installing: /home/harsh/ros2_new/install/tutorial_interfaces/include/tutorial_interfaces/tutorial_interfaces/msg/detail/sphere__type_support.c
[2.985s] -- Installing: /home/harsh/ros2_new/install/tutorial_interfaces/include/tutorial_interfaces/tutorial_interfaces/msg/rosidl_typesupport_introspection_c__visibility_control.h
[2.985s] -- Up-to-date: /home/harsh/ros2_new/install/tutorial_interfaces/include/tutorial_interfaces/tutorial_interfaces/srv
[2.985s] -- Up-to-date: /home/harsh/ros2_new/install/tutorial_interfaces/include/tutorial_interfaces/tutorial_interfaces/srv/detail
[2.985s] -- Installing: /home/harsh/ros2_new/install/tutorial_interfaces/include/tutorial_interfaces/tutorial_interfaces/srv/detail/add_three_ints__rosidl_typesupport_introspection_c.h
[2.985s] -- Installing: /home/harsh/ros2_new/install/tutorial_interfaces/include/tutorial_interfaces/tutorial_interfaces/srv/detail/add_three_ints__type_support.c
[2.985s] -- Installing: /home/harsh/ros2_new/install/tutorial_interfaces/lib/libtutorial_interfaces__rosidl_typesupport_introspection_c.so
[2.986s] -- Set runtime path of "/home/harsh/ros2_new/install/tutorial_interfaces/lib/libtutorial_interfaces__rosidl_typesupport_introspection_c.so" to ""
[2.986s] -- Installing: /home/harsh/ros2_new/install/tutorial_interfaces/lib/libtutorial_interfaces__rosidl_typesupport_c.so
[2.986s] -- Set runtime path of "/home/harsh/ros2_new/install/tutorial_interfaces/lib/libtutorial_interfaces__rosidl_typesupport_c.so" to ""
[2.986s] -- Up-to-date: /home/harsh/ros2_new/install/tutorial_interfaces/include/tutorial_interfaces/tutorial_interfaces
[2.986s] -- Up-to-date: /home/harsh/ros2_new/install/tutorial_interfaces/include/tutorial_interfaces/tutorial_interfaces/msg
[2.986s] -- Up-to-date: /home/harsh/ros2_new/install/tutorial_interfaces/include/tutorial_interfaces/tutorial_interfaces/msg/detail
[2.986s] -- Installing: /home/harsh/ros2_new/install/tutorial_interfaces/include/tutorial_interfaces/tutorial_interfaces/msg/detail/num__rosidl_typesupport_introspection_cpp.hpp
[2.986s] -- Installing: /home/harsh/ros2_new/install/tutorial_interfaces/include/tutorial_interfaces/tutorial_interfaces/msg/detail/sphere__rosidl_typesupport_introspection_cpp.hpp
[2.986s] -- Installing: /home/harsh/ros2_new/install/tutorial_interfaces/include/tutorial_interfaces/tutorial_interfaces/msg/detail/sphere__type_support.cpp
[2.986s] -- Installing: /home/harsh/ros2_new/install/tutorial_interfaces/include/tutorial_interfaces/tutorial_interfaces/msg/detail/num__type_support.cpp
[2.986s] -- Up-to-date: /home/harsh/ros2_new/install/tutorial_interfaces/include/tutorial_interfaces/tutorial_interfaces/srv
[2.986s] -- Up-to-date: /home/harsh/ros2_new/install/tutorial_interfaces/include/tutorial_interfaces/tutorial_interfaces/srv/detail
[2.986s] -- Installing: /home/harsh/ros2_new/install/tutorial_interfaces/include/tutorial_interfaces/tutorial_interfaces/srv/detail/add_three_ints__rosidl_typesupport_introspection_cpp.hpp
[2.986s] -- Installing: /home/harsh/ros2_new/install/tutorial_interfaces/include/tutorial_interfaces/tutorial_interfaces/srv/detail/add_three_ints__type_support.cpp
[2.987s] -- Installing: /home/harsh/ros2_new/install/tutorial_interfaces/lib/libtutorial_interfaces__rosidl_typesupport_introspection_cpp.so
[2.987s] -- Set runtime path of "/home/harsh/ros2_new/install/tutorial_interfaces/lib/libtutorial_interfaces__rosidl_typesupport_introspection_cpp.so" to ""
[2.987s] -- Installing: /home/harsh/ros2_new/install/tutorial_interfaces/lib/libtutorial_interfaces__rosidl_typesupport_cpp.so
[2.987s] -- Set runtime path of "/home/harsh/ros2_new/install/tutorial_interfaces/lib/libtutorial_interfaces__rosidl_typesupport_cpp.so" to ""
[2.987s] -- Installing: /home/harsh/ros2_new/install/tutorial_interfaces/share/tutorial_interfaces/environment/pythonpath.sh
[2.987s] -- Installing: /home/harsh/ros2_new/install/tutorial_interfaces/share/tutorial_interfaces/environment/pythonpath.dsv
[2.987s] -- Installing: /home/harsh/ros2_new/install/tutorial_interfaces/local/lib/python3.10/dist-packages/tutorial_interfaces-0.0.0-py3.10.egg-info
[2.987s] -- Installing: /home/harsh/ros2_new/install/tutorial_interfaces/local/lib/python3.10/dist-packages/tutorial_interfaces-0.0.0-py3.10.egg-info/top_level.txt
[2.988s] -- Installing: /home/harsh/ros2_new/install/tutorial_interfaces/local/lib/python3.10/dist-packages/tutorial_interfaces-0.0.0-py3.10.egg-info/dependency_links.txt
[2.988s] -- Installing: /home/harsh/ros2_new/install/tutorial_interfaces/local/lib/python3.10/dist-packages/tutorial_interfaces-0.0.0-py3.10.egg-info/PKG-INFO
[2.988s] -- Installing: /home/harsh/ros2_new/install/tutorial_interfaces/local/lib/python3.10/dist-packages/tutorial_interfaces-0.0.0-py3.10.egg-info/SOURCES.txt
[2.988s] -- Installing: /home/harsh/ros2_new/install/tutorial_interfaces/local/lib/python3.10/dist-packages/tutorial_interfaces
[2.988s] -- Installing: /home/harsh/ros2_new/install/tutorial_interfaces/local/lib/python3.10/dist-packages/tutorial_interfaces/_tutorial_interfaces_s.ep.rosidl_typesupport_c.c
[2.988s] -- Installing: /home/harsh/ros2_new/install/tutorial_interfaces/local/lib/python3.10/dist-packages/tutorial_interfaces/tutorial_interfaces_s__rosidl_typesupport_introspection_c.cpython-310-x86_64-linux-gnu.so
[2.988s] -- Installing: /home/harsh/ros2_new/install/tutorial_interfaces/local/lib/python3.10/dist-packages/tutorial_interfaces/_tutorial_interfaces_s.ep.rosidl_typesupport_fastrtps_c.c
[2.988s] -- Installing: /home/harsh/ros2_new/install/tutorial_interfaces/local/lib/python3.10/dist-packages/tutorial_interfaces/msg
[2.988s] -- Installing: /home/harsh/ros2_new/install/tutorial_interfaces/local/lib/python3.10/dist-packages/tutorial_interfaces/msg/_sphere_s.c
[2.988s] -- Installing: /home/harsh/ros2_new/install/tutorial_interfaces/local/lib/python3.10/dist-packages/tutorial_interfaces/msg/_num.py
[2.989s] -- Installing: /home/harsh/ros2_new/install/tutorial_interfaces/local/lib/python3.10/dist-packages/tutorial_interfaces/msg/_num_s.c
[2.989s] -- Installing: /home/harsh/ros2_new/install/tutorial_interfaces/local/lib/python3.10/dist-packages/tutorial_interfaces/msg/_sphere.py
[2.989s] -- Installing: /home/harsh/ros2_new/install/tutorial_interfaces/local/lib/python3.10/dist-packages/tutorial_interfaces/msg/__init__.py
[2.989s] -- Installing: /home/harsh/ros2_new/install/tutorial_interfaces/local/lib/python3.10/dist-packages/tutorial_interfaces/tutorial_interfaces_s__rosidl_typesupport_fastrtps_c.cpython-310-x86_64-linux-gnu.so
[2.989s] -- Installing: /home/harsh/ros2_new/install/tutorial_interfaces/local/lib/python3.10/dist-packages/tutorial_interfaces/libtutorial_interfaces__rosidl_generator_py.so
[2.989s] -- Installing: /home/harsh/ros2_new/install/tutorial_interfaces/local/lib/python3.10/dist-packages/tutorial_interfaces/tutorial_interfaces_s__rosidl_typesupport_c.cpython-310-x86_64-linux-gnu.so
[2.989s] -- Installing: /home/harsh/ros2_new/install/tutorial_interfaces/local/lib/python3.10/dist-packages/tutorial_interfaces/_tutorial_interfaces_s.ep.rosidl_typesupport_introspection_c.c
[2.989s] -- Installing: /home/harsh/ros2_new/install/tutorial_interfaces/local/lib/python3.10/dist-packages/tutorial_interfaces/srv
[2.989s] -- Installing: /home/harsh/ros2_new/install/tutorial_interfaces/local/lib/python3.10/dist-packages/tutorial_interfaces/srv/_add_three_ints_s.c
[2.989s] -- Installing: /home/harsh/ros2_new/install/tutorial_interfaces/local/lib/python3.10/dist-packages/tutorial_interfaces/srv/_add_three_ints.py
[2.990s] -- Installing: /home/harsh/ros2_new/install/tutorial_interfaces/local/lib/python3.10/dist-packages/tutorial_interfaces/srv/__init__.py
[2.990s] -- Installing: /home/harsh/ros2_new/install/tutorial_interfaces/local/lib/python3.10/dist-packages/tutorial_interfaces/__init__.py
[3.015s] Listing '/home/harsh/ros2_new/install/tutorial_interfaces/local/lib/python3.10/dist-packages/tutorial_interfaces'...
[3.015s] Compiling '/home/harsh/ros2_new/install/tutorial_interfaces/local/lib/python3.10/dist-packages/tutorial_interfaces/__init__.py'...
[3.016s] Listing '/home/harsh/ros2_new/install/tutorial_interfaces/local/lib/python3.10/dist-packages/tutorial_interfaces/msg'...
[3.016s] Compiling '/home/harsh/ros2_new/install/tutorial_interfaces/local/lib/python3.10/dist-packages/tutorial_interfaces/msg/__init__.py'...
[3.016s] Compiling '/home/harsh/ros2_new/install/tutorial_interfaces/local/lib/python3.10/dist-packages/tutorial_interfaces/msg/_num.py'...
[3.016s] Compiling '/home/harsh/ros2_new/install/tutorial_interfaces/local/lib/python3.10/dist-packages/tutorial_interfaces/msg/_sphere.py'...
[3.016s] Listing '/home/harsh/ros2_new/install/tutorial_interfaces/local/lib/python3.10/dist-packages/tutorial_interfaces/srv'...
[3.016s] Compiling '/home/harsh/ros2_new/install/tutorial_interfaces/local/lib/python3.10/dist-packages/tutorial_interfaces/srv/__init__.py'...
[3.016s] Compiling '/home/harsh/ros2_new/install/tutorial_interfaces/local/lib/python3.10/dist-packages/tutorial_interfaces/srv/_add_three_ints.py'...
[3.019s] -- Installing: /home/harsh/ros2_new/install/tutorial_interfaces/local/lib/python3.10/dist-packages/tutorial_interfaces/tutorial_interfaces_s__rosidl_typesupport_fastrtps_c.cpython-310-x86_64-linux-gnu.so
[3.019s] -- Set runtime path of "/home/harsh/ros2_new/install/tutorial_interfaces/local/lib/python3.10/dist-packages/tutorial_interfaces/tutorial_interfaces_s__rosidl_typesupport_fastrtps_c.cpython-310-x86_64-linux-gnu.so" to ""
[3.019s] -- Installing: /home/harsh/ros2_new/install/tutorial_interfaces/local/lib/python3.10/dist-packages/tutorial_interfaces/tutorial_interfaces_s__rosidl_typesupport_introspection_c.cpython-310-x86_64-linux-gnu.so
[3.020s] -- Set runtime path of "/home/harsh/ros2_new/install/tutorial_interfaces/local/lib/python3.10/dist-packages/tutorial_interfaces/tutorial_interfaces_s__rosidl_typesupport_introspection_c.cpython-310-x86_64-linux-gnu.so" to ""
[3.020s] -- Installing: /home/harsh/ros2_new/install/tutorial_interfaces/local/lib/python3.10/dist-packages/tutorial_interfaces/tutorial_interfaces_s__rosidl_typesupport_c.cpython-310-x86_64-linux-gnu.so
[3.020s] -- Set runtime path of "/home/harsh/ros2_new/install/tutorial_interfaces/local/lib/python3.10/dist-packages/tutorial_interfaces/tutorial_interfaces_s__rosidl_typesupport_c.cpython-310-x86_64-linux-gnu.so" to ""
[3.020s] -- Installing: /home/harsh/ros2_new/install/tutorial_interfaces/lib/libtutorial_interfaces__rosidl_generator_py.so
[3.020s] -- Set runtime path of "/home/harsh/ros2_new/install/tutorial_interfaces/lib/libtutorial_interfaces__rosidl_generator_py.so" to ""
[3.021s] -- Installing: /home/harsh/ros2_new/install/tutorial_interfaces/share/tutorial_interfaces/msg/Num.idl
[3.021s] -- Installing: /home/harsh/ros2_new/install/tutorial_interfaces/share/tutorial_interfaces/msg/Sphere.idl
[3.021s] -- Installing: /home/harsh/ros2_new/install/tutorial_interfaces/share/tutorial_interfaces/srv/AddThreeInts.idl
[3.021s] -- Installing: /home/harsh/ros2_new/install/tutorial_interfaces/share/tutorial_interfaces/msg/Num.msg
[3.021s] -- Installing: /home/harsh/ros2_new/install/tutorial_interfaces/share/tutorial_interfaces/msg/Sphere.msg
[3.021s] -- Installing: /home/harsh/ros2_new/install/tutorial_interfaces/share/tutorial_interfaces/srv/AddThreeInts.srv
[3.021s] -- Installing: /home/harsh/ros2_new/install/tutorial_interfaces/share/tutorial_interfaces/srv/AddThreeInts_Request.msg
[3.021s] -- Installing: /home/harsh/ros2_new/install/tutorial_interfaces/share/tutorial_interfaces/srv/AddThreeInts_Response.msg
[3.021s] -- Installing: /home/harsh/ros2_new/install/tutorial_interfaces/share/ament_index/resource_index/package_run_dependencies/tutorial_interfaces
[3.022s] -- Installing: /home/harsh/ros2_new/install/tutorial_interfaces/share/ament_index/resource_index/parent_prefix_path/tutorial_interfaces
[3.022s] -- Installing: /home/harsh/ros2_new/install/tutorial_interfaces/share/tutorial_interfaces/environment/ament_prefix_path.sh
[3.022s] -- Installing: /home/harsh/ros2_new/install/tutorial_interfaces/share/tutorial_interfaces/environment/ament_prefix_path.dsv
[3.022s] -- Installing: /home/harsh/ros2_new/install/tutorial_interfaces/share/tutorial_interfaces/environment/path.sh
[3.022s] -- Installing: /home/harsh/ros2_new/install/tutorial_interfaces/share/tutorial_interfaces/environment/path.dsv
[3.022s] -- Installing: /home/harsh/ros2_new/install/tutorial_interfaces/share/tutorial_interfaces/local_setup.bash
[3.022s] -- Installing: /home/harsh/ros2_new/install/tutorial_interfaces/share/tutorial_interfaces/local_setup.sh
[3.022s] -- Installing: /home/harsh/ros2_new/install/tutorial_interfaces/share/tutorial_interfaces/local_setup.zsh
[3.022s] -- Installing: /home/harsh/ros2_new/install/tutorial_interfaces/share/tutorial_interfaces/local_setup.dsv
[3.023s] -- Installing: /home/harsh/ros2_new/install/tutorial_interfaces/share/tutorial_interfaces/package.dsv
[3.023s] -- Installing: /home/harsh/ros2_new/install/tutorial_interfaces/share/ament_index/resource_index/packages/tutorial_interfaces
[3.023s] -- Installing: /home/harsh/ros2_new/install/tutorial_interfaces/share/tutorial_interfaces/cmake/export_tutorial_interfaces__rosidl_generator_cExport.cmake
[3.023s] -- Installing: /home/harsh/ros2_new/install/tutorial_interfaces/share/tutorial_interfaces/cmake/export_tutorial_interfaces__rosidl_generator_cExport-noconfig.cmake
[3.023s] -- Installing: /home/harsh/ros2_new/install/tutorial_interfaces/share/tutorial_interfaces/cmake/export_tutorial_interfaces__rosidl_typesupport_fastrtps_cExport.cmake
[3.023s] -- Installing: /home/harsh/ros2_new/install/tutorial_interfaces/share/tutorial_interfaces/cmake/export_tutorial_interfaces__rosidl_typesupport_fastrtps_cExport-noconfig.cmake
[3.023s] -- Installing: /home/harsh/ros2_new/install/tutorial_interfaces/share/tutorial_interfaces/cmake/export_tutorial_interfaces__rosidl_generator_cppExport.cmake
[3.023s] -- Installing: /home/harsh/ros2_new/install/tutorial_interfaces/share/tutorial_interfaces/cmake/export_tutorial_interfaces__rosidl_typesupport_fastrtps_cppExport.cmake
[3.024s] -- Installing: /home/harsh/ros2_new/install/tutorial_interfaces/share/tutorial_interfaces/cmake/export_tutorial_interfaces__rosidl_typesupport_fastrtps_cppExport-noconfig.cmake
[3.024s] -- Installing: /home/harsh/ros2_new/install/tutorial_interfaces/share/tutorial_interfaces/cmake/tutorial_interfaces__rosidl_typesupport_introspection_cExport.cmake
[3.024s] -- Installing: /home/harsh/ros2_new/install/tutorial_interfaces/share/tutorial_interfaces/cmake/tutorial_interfaces__rosidl_typesupport_introspection_cExport-noconfig.cmake
[3.024s] -- Installing: /home/harsh/ros2_new/install/tutorial_interfaces/share/tutorial_interfaces/cmake/tutorial_interfaces__rosidl_typesupport_cExport.cmake
[3.024s] -- Installing: /home/harsh/ros2_new/install/tutorial_interfaces/share/tutorial_interfaces/cmake/tutorial_interfaces__rosidl_typesupport_cExport-noconfig.cmake
[3.024s] -- Installing: /home/harsh/ros2_new/install/tutorial_interfaces/share/tutorial_interfaces/cmake/tutorial_interfaces__rosidl_typesupport_introspection_cppExport.cmake
[3.024s] -- Installing: /home/harsh/ros2_new/install/tutorial_interfaces/share/tutorial_interfaces/cmake/tutorial_interfaces__rosidl_typesupport_introspection_cppExport-noconfig.cmake
[3.024s] -- Installing: /home/harsh/ros2_new/install/tutorial_interfaces/share/tutorial_interfaces/cmake/tutorial_interfaces__rosidl_typesupport_cppExport.cmake
[3.025s] -- Installing: /home/harsh/ros2_new/install/tutorial_interfaces/share/tutorial_interfaces/cmake/tutorial_interfaces__rosidl_typesupport_cppExport-noconfig.cmake
[3.025s] -- Installing: /home/harsh/ros2_new/install/tutorial_interfaces/share/tutorial_interfaces/cmake/export_tutorial_interfaces__rosidl_generator_pyExport.cmake
[3.025s] -- Installing: /home/harsh/ros2_new/install/tutorial_interfaces/share/tutorial_interfaces/cmake/export_tutorial_interfaces__rosidl_generator_pyExport-noconfig.cmake
[3.025s] -- Installing: /home/harsh/ros2_new/install/tutorial_interfaces/share/tutorial_interfaces/cmake/rosidl_cmake-extras.cmake
[3.025s] -- Installing: /home/harsh/ros2_new/install/tutorial_interfaces/share/tutorial_interfaces/cmake/ament_cmake_export_dependencies-extras.cmake
[3.025s] -- Installing: /home/harsh/ros2_new/install/tutorial_interfaces/share/tutorial_interfaces/cmake/ament_cmake_export_include_directories-extras.cmake
[3.025s] -- Installing: /home/harsh/ros2_new/install/tutorial_interfaces/share/tutorial_interfaces/cmake/ament_cmake_export_libraries-extras.cmake
[3.025s] -- Installing: /home/harsh/ros2_new/install/tutorial_interfaces/share/tutorial_interfaces/cmake/ament_cmake_export_targets-extras.cmake
[3.026s] -- Installing: /home/harsh/ros2_new/install/tutorial_interfaces/share/tutorial_interfaces/cmake/rosidl_cmake_export_typesupport_targets-extras.cmake
[3.026s] -- Installing: /home/harsh/ros2_new/install/tutorial_interfaces/share/tutorial_interfaces/cmake/rosidl_cmake_export_typesupport_libraries-extras.cmake
[3.026s] -- Installing: /home/harsh/ros2_new/install/tutorial_interfaces/share/tutorial_interfaces/cmake/tutorial_interfacesConfig.cmake
[3.026s] -- Installing: /home/harsh/ros2_new/install/tutorial_interfaces/share/tutorial_interfaces/cmake/tutorial_interfacesConfig-version.cmake
[3.026s] -- Installing: /home/harsh/ros2_new/install/tutorial_interfaces/share/tutorial_interfaces/package.xml
[3.028s] Invoked command in '/home/harsh/ros2_new/build/tutorial_interfaces' returned '0': CMAKE_PREFIX_PATH=/opt/ros/humble /usr/bin/cmake --install /home/harsh/ros2_new/build/tutorial_interfaces
