[0.009s] Invoking command in '/home/harsh/ros2_new/build/cashier_system': CMAKE_PREFIX_PATH=/opt/ros/humble /usr/bin/cmake --build /home/harsh/ros2_new/build/cashier_system -- -j16 -l16
[0.054s] [  5%] Built target cashier_system__cpp
[0.055s] [ 10%] Built target cashier_system__rosidl_generator_c
[0.062s] [ 10%] Built target ament_cmake_python_copy_cashier_system
[0.071s] [ 35%] Built target cashier_system__rosidl_typesupport_fastrtps_cpp
[0.071s] [ 35%] Built target cashier_system__rosidl_typesupport_c
[0.071s] [ 37%] Built target cashier_system__rosidl_typesupport_cpp
[0.071s] [ 43%] Built target cashier_system__rosidl_typesupport_introspection_c
[0.071s] [ 51%] Built target cashier_system__rosidl_typesupport_fastrtps_c
[0.072s] [ 59%] Built target cashier_system__rosidl_typesupport_introspection_cpp
[0.080s] [35m[1mConsolidate compiler generated dependencies of target bill_listener_node[0m
[0.088s] [ 59%] Built target cashier_system
[0.091s] [ 70%] Built target bill_publisher_node
[0.091s] [ 70%] Built target cashier_node
[0.093s] [ 72%] [32mBuilding CXX object CMakeFiles/bill_listener_node.dir/src/bill_listener_node.cpp.o[0m
[0.108s] [ 75%] Built target cashier_system__py
[0.130s] [ 81%] Built target cashier_system__rosidl_generator_py
[0.149s] [ 97%] Built target cashier_system__rosidl_typesupport_fastrtps_c__pyext
[0.150s] [ 97%] Built target cashier_system__rosidl_typesupport_c__pyext
[0.150s] [ 97%] Built target cashier_system__rosidl_typesupport_introspection_c__pyext
[0.232s] running egg_info
[0.232s] writing cashier_system.egg-info/PKG-INFO
[0.232s] writing dependency_links to cashier_system.egg-info/dependency_links.txt
[0.232s] writing top-level names to cashier_system.egg-info/top_level.txt
[0.233s] reading manifest file 'cashier_system.egg-info/SOURCES.txt'
[0.234s] writing manifest file 'cashier_system.egg-info/SOURCES.txt'
[0.258s] [ 97%] Built target ament_cmake_python_build_cashier_system_egg
[5.617s] [100%] [32m[1mLinking CXX executable bill_listener_node[0m
[5.853s] [100%] Built target bill_listener_node
[5.865s] Invoked command in '/home/harsh/ros2_new/build/cashier_system' returned '0': CMAKE_PREFIX_PATH=/opt/ros/humble /usr/bin/cmake --build /home/harsh/ros2_new/build/cashier_system -- -j16 -l16
[5.874s] Invoking command in '/home/harsh/ros2_new/build/cashier_system': CMAKE_PREFIX_PATH=/opt/ros/humble /usr/bin/cmake --install /home/harsh/ros2_new/build/cashier_system
[5.880s] -- Install configuration: ""
[5.880s] -- Up-to-date: /home/harsh/ros2_new/install/cashier_system/share/ament_index/resource_index/rosidl_interfaces/cashier_system
[5.880s] -- Up-to-date: /home/harsh/ros2_new/install/cashier_system/include/cashier_system/cashier_system
[5.880s] -- Up-to-date: /home/harsh/ros2_new/install/cashier_system/include/cashier_system/cashier_system/msg
[5.880s] -- Up-to-date: /home/harsh/ros2_new/install/cashier_system/include/cashier_system/cashier_system/msg/rosidl_generator_c__visibility_control.h
[5.880s] -- Up-to-date: /home/harsh/ros2_new/install/cashier_system/include/cashier_system/cashier_system/msg/bill.h
[5.881s] -- Up-to-date: /home/harsh/ros2_new/install/cashier_system/include/cashier_system/cashier_system/msg/detail
[5.881s] -- Up-to-date: /home/harsh/ros2_new/install/cashier_system/include/cashier_system/cashier_system/msg/detail/bill__type_support.h
[5.881s] -- Up-to-date: /home/harsh/ros2_new/install/cashier_system/include/cashier_system/cashier_system/msg/detail/bill__functions.h
[5.881s] -- Up-to-date: /home/harsh/ros2_new/install/cashier_system/include/cashier_system/cashier_system/msg/detail/bill__functions.c
[5.881s] -- Up-to-date: /home/harsh/ros2_new/install/cashier_system/include/cashier_system/cashier_system/msg/detail/bill__struct.h
[5.881s] -- Up-to-date: /home/harsh/ros2_new/install/cashier_system/share/cashier_system/environment/library_path.sh
[5.881s] -- Up-to-date: /home/harsh/ros2_new/install/cashier_system/share/cashier_system/environment/library_path.dsv
[5.881s] -- Up-to-date: /home/harsh/ros2_new/install/cashier_system/lib/libcashier_system__rosidl_generator_c.so
[5.881s] -- Up-to-date: /home/harsh/ros2_new/install/cashier_system/include/cashier_system/cashier_system
[5.881s] -- Up-to-date: /home/harsh/ros2_new/install/cashier_system/include/cashier_system/cashier_system/msg
[5.881s] -- Up-to-date: /home/harsh/ros2_new/install/cashier_system/include/cashier_system/cashier_system/msg/detail
[5.881s] -- Up-to-date: /home/harsh/ros2_new/install/cashier_system/include/cashier_system/cashier_system/msg/detail/bill__rosidl_typesupport_fastrtps_c.h
[5.881s] -- Up-to-date: /home/harsh/ros2_new/install/cashier_system/include/cashier_system/cashier_system/msg/rosidl_typesupport_fastrtps_c__visibility_control.h
[5.882s] -- Up-to-date: /home/harsh/ros2_new/install/cashier_system/lib/libcashier_system__rosidl_typesupport_fastrtps_c.so
[5.882s] -- Up-to-date: /home/harsh/ros2_new/install/cashier_system/include/cashier_system/cashier_system
[5.882s] -- Up-to-date: /home/harsh/ros2_new/install/cashier_system/include/cashier_system/cashier_system/msg
[5.882s] -- Up-to-date: /home/harsh/ros2_new/install/cashier_system/include/cashier_system/cashier_system/msg/detail
[5.882s] -- Up-to-date: /home/harsh/ros2_new/install/cashier_system/include/cashier_system/cashier_system/msg/detail/bill__struct.hpp
[5.882s] -- Up-to-date: /home/harsh/ros2_new/install/cashier_system/include/cashier_system/cashier_system/msg/detail/bill__builder.hpp
[5.882s] -- Up-to-date: /home/harsh/ros2_new/install/cashier_system/include/cashier_system/cashier_system/msg/detail/bill__traits.hpp
[5.882s] -- Up-to-date: /home/harsh/ros2_new/install/cashier_system/include/cashier_system/cashier_system/msg/bill.hpp
[5.882s] -- Up-to-date: /home/harsh/ros2_new/install/cashier_system/include/cashier_system/cashier_system
[5.882s] -- Up-to-date: /home/harsh/ros2_new/install/cashier_system/include/cashier_system/cashier_system/msg
[5.882s] -- Up-to-date: /home/harsh/ros2_new/install/cashier_system/include/cashier_system/cashier_system/msg/rosidl_typesupport_fastrtps_cpp__visibility_control.h
[5.882s] -- Up-to-date: /home/harsh/ros2_new/install/cashier_system/include/cashier_system/cashier_system/msg/detail
[5.882s] -- Up-to-date: /home/harsh/ros2_new/install/cashier_system/include/cashier_system/cashier_system/msg/detail/bill__rosidl_typesupport_fastrtps_cpp.hpp
[5.882s] -- Up-to-date: /home/harsh/ros2_new/install/cashier_system/include/cashier_system/cashier_system/msg/detail/dds_fastrtps
[5.882s] -- Up-to-date: /home/harsh/ros2_new/install/cashier_system/lib/libcashier_system__rosidl_typesupport_fastrtps_cpp.so
[5.882s] -- Up-to-date: /home/harsh/ros2_new/install/cashier_system/include/cashier_system/cashier_system
[5.882s] -- Up-to-date: /home/harsh/ros2_new/install/cashier_system/include/cashier_system/cashier_system/msg
[5.882s] -- Up-to-date: /home/harsh/ros2_new/install/cashier_system/include/cashier_system/cashier_system/msg/detail
[5.882s] -- Up-to-date: /home/harsh/ros2_new/install/cashier_system/include/cashier_system/cashier_system/msg/detail/bill__type_support.c
[5.882s] -- Up-to-date: /home/harsh/ros2_new/install/cashier_system/include/cashier_system/cashier_system/msg/detail/bill__rosidl_typesupport_introspection_c.h
[5.882s] -- Up-to-date: /home/harsh/ros2_new/install/cashier_system/include/cashier_system/cashier_system/msg/rosidl_typesupport_introspection_c__visibility_control.h
[5.882s] -- Up-to-date: /home/harsh/ros2_new/install/cashier_system/lib/libcashier_system__rosidl_typesupport_introspection_c.so
[5.882s] -- Up-to-date: /home/harsh/ros2_new/install/cashier_system/lib/libcashier_system__rosidl_typesupport_c.so
[5.882s] -- Up-to-date: /home/harsh/ros2_new/install/cashier_system/include/cashier_system/cashier_system
[5.882s] -- Up-to-date: /home/harsh/ros2_new/install/cashier_system/include/cashier_system/cashier_system/msg
[5.882s] -- Up-to-date: /home/harsh/ros2_new/install/cashier_system/include/cashier_system/cashier_system/msg/detail
[5.883s] -- Up-to-date: /home/harsh/ros2_new/install/cashier_system/include/cashier_system/cashier_system/msg/detail/bill__rosidl_typesupport_introspection_cpp.hpp
[5.883s] -- Up-to-date: /home/harsh/ros2_new/install/cashier_system/include/cashier_system/cashier_system/msg/detail/bill__type_support.cpp
[5.883s] -- Up-to-date: /home/harsh/ros2_new/install/cashier_system/lib/libcashier_system__rosidl_typesupport_introspection_cpp.so
[5.883s] -- Up-to-date: /home/harsh/ros2_new/install/cashier_system/lib/libcashier_system__rosidl_typesupport_cpp.so
[5.883s] -- Up-to-date: /home/harsh/ros2_new/install/cashier_system/share/cashier_system/environment/pythonpath.sh
[5.883s] -- Up-to-date: /home/harsh/ros2_new/install/cashier_system/share/cashier_system/environment/pythonpath.dsv
[5.883s] -- Up-to-date: /home/harsh/ros2_new/install/cashier_system/local/lib/python3.10/dist-packages/cashier_system-0.0.1-py3.10.egg-info
[5.883s] -- Installing: /home/harsh/ros2_new/install/cashier_system/local/lib/python3.10/dist-packages/cashier_system-0.0.1-py3.10.egg-info/top_level.txt
[5.883s] -- Installing: /home/harsh/ros2_new/install/cashier_system/local/lib/python3.10/dist-packages/cashier_system-0.0.1-py3.10.egg-info/dependency_links.txt
[5.883s] -- Installing: /home/harsh/ros2_new/install/cashier_system/local/lib/python3.10/dist-packages/cashier_system-0.0.1-py3.10.egg-info/PKG-INFO
[5.883s] -- Installing: /home/harsh/ros2_new/install/cashier_system/local/lib/python3.10/dist-packages/cashier_system-0.0.1-py3.10.egg-info/SOURCES.txt
[5.883s] -- Up-to-date: /home/harsh/ros2_new/install/cashier_system/local/lib/python3.10/dist-packages/cashier_system
[5.883s] -- Up-to-date: /home/harsh/ros2_new/install/cashier_system/local/lib/python3.10/dist-packages/cashier_system/_cashier_system_s.ep.rosidl_typesupport_introspection_c.c
[5.883s] -- Up-to-date: /home/harsh/ros2_new/install/cashier_system/local/lib/python3.10/dist-packages/cashier_system/cashier_system_s__rosidl_typesupport_introspection_c.cpython-310-x86_64-linux-gnu.so
[5.883s] -- Up-to-date: /home/harsh/ros2_new/install/cashier_system/local/lib/python3.10/dist-packages/cashier_system/_cashier_system_s.ep.rosidl_typesupport_c.c
[5.883s] -- Up-to-date: /home/harsh/ros2_new/install/cashier_system/local/lib/python3.10/dist-packages/cashier_system/libcashier_system__rosidl_generator_py.so
[5.883s] -- Up-to-date: /home/harsh/ros2_new/install/cashier_system/local/lib/python3.10/dist-packages/cashier_system/cashier_system_s__rosidl_typesupport_fastrtps_c.cpython-310-x86_64-linux-gnu.so
[5.883s] -- Up-to-date: /home/harsh/ros2_new/install/cashier_system/local/lib/python3.10/dist-packages/cashier_system/msg
[5.883s] -- Up-to-date: /home/harsh/ros2_new/install/cashier_system/local/lib/python3.10/dist-packages/cashier_system/msg/_bill.py
[5.883s] -- Up-to-date: /home/harsh/ros2_new/install/cashier_system/local/lib/python3.10/dist-packages/cashier_system/msg/_bill_s.c
[5.883s] -- Up-to-date: /home/harsh/ros2_new/install/cashier_system/local/lib/python3.10/dist-packages/cashier_system/msg/__init__.py
[5.883s] -- Up-to-date: /home/harsh/ros2_new/install/cashier_system/local/lib/python3.10/dist-packages/cashier_system/__init__.py
[5.884s] -- Up-to-date: /home/harsh/ros2_new/install/cashier_system/local/lib/python3.10/dist-packages/cashier_system/_cashier_system_s.ep.rosidl_typesupport_fastrtps_c.c
[5.884s] -- Up-to-date: /home/harsh/ros2_new/install/cashier_system/local/lib/python3.10/dist-packages/cashier_system/cashier_system_s__rosidl_typesupport_c.cpython-310-x86_64-linux-gnu.so
[5.904s] Listing '/home/harsh/ros2_new/install/cashier_system/local/lib/python3.10/dist-packages/cashier_system'...
[5.904s] Listing '/home/harsh/ros2_new/install/cashier_system/local/lib/python3.10/dist-packages/cashier_system/msg'...
[5.906s] -- Up-to-date: /home/harsh/ros2_new/install/cashier_system/local/lib/python3.10/dist-packages/cashier_system/cashier_system_s__rosidl_typesupport_fastrtps_c.cpython-310-x86_64-linux-gnu.so
[5.907s] -- Up-to-date: /home/harsh/ros2_new/install/cashier_system/local/lib/python3.10/dist-packages/cashier_system/cashier_system_s__rosidl_typesupport_introspection_c.cpython-310-x86_64-linux-gnu.so
[5.907s] -- Up-to-date: /home/harsh/ros2_new/install/cashier_system/local/lib/python3.10/dist-packages/cashier_system/cashier_system_s__rosidl_typesupport_c.cpython-310-x86_64-linux-gnu.so
[5.908s] -- Up-to-date: /home/harsh/ros2_new/install/cashier_system/lib/libcashier_system__rosidl_generator_py.so
[5.908s] -- Up-to-date: /home/harsh/ros2_new/install/cashier_system/share/cashier_system/msg/Bill.idl
[5.908s] -- Up-to-date: /home/harsh/ros2_new/install/cashier_system/share/cashier_system/msg/Bill.msg
[5.908s] -- Up-to-date: /home/harsh/ros2_new/install/cashier_system/lib/cashier_system/bill_publisher_node
[5.908s] -- Up-to-date: /home/harsh/ros2_new/install/cashier_system/lib/cashier_system/cashier_node
[5.908s] -- Installing: /home/harsh/ros2_new/install/cashier_system/lib/cashier_system/bill_listener_node
[5.912s] -- Set runtime path of "/home/harsh/ros2_new/install/cashier_system/lib/cashier_system/bill_listener_node" to ""
[5.912s] -- Up-to-date: /home/harsh/ros2_new/install/cashier_system/share/ament_index/resource_index/package_run_dependencies/cashier_system
[5.912s] -- Up-to-date: /home/harsh/ros2_new/install/cashier_system/share/ament_index/resource_index/parent_prefix_path/cashier_system
[5.912s] -- Up-to-date: /home/harsh/ros2_new/install/cashier_system/share/cashier_system/environment/ament_prefix_path.sh
[5.912s] -- Up-to-date: /home/harsh/ros2_new/install/cashier_system/share/cashier_system/environment/ament_prefix_path.dsv
[5.912s] -- Up-to-date: /home/harsh/ros2_new/install/cashier_system/share/cashier_system/environment/path.sh
[5.912s] -- Up-to-date: /home/harsh/ros2_new/install/cashier_system/share/cashier_system/environment/path.dsv
[5.912s] -- Up-to-date: /home/harsh/ros2_new/install/cashier_system/share/cashier_system/local_setup.bash
[5.912s] -- Up-to-date: /home/harsh/ros2_new/install/cashier_system/share/cashier_system/local_setup.sh
[5.913s] -- Up-to-date: /home/harsh/ros2_new/install/cashier_system/share/cashier_system/local_setup.zsh
[5.913s] -- Up-to-date: /home/harsh/ros2_new/install/cashier_system/share/cashier_system/local_setup.dsv
[5.913s] -- Installing: /home/harsh/ros2_new/install/cashier_system/share/cashier_system/package.dsv
[5.913s] -- Up-to-date: /home/harsh/ros2_new/install/cashier_system/share/ament_index/resource_index/packages/cashier_system
[5.913s] -- Up-to-date: /home/harsh/ros2_new/install/cashier_system/share/cashier_system/cmake/export_cashier_system__rosidl_generator_cExport.cmake
[5.913s] -- Up-to-date: /home/harsh/ros2_new/install/cashier_system/share/cashier_system/cmake/export_cashier_system__rosidl_generator_cExport-noconfig.cmake
[5.913s] -- Up-to-date: /home/harsh/ros2_new/install/cashier_system/share/cashier_system/cmake/export_cashier_system__rosidl_typesupport_fastrtps_cExport.cmake
[5.913s] -- Up-to-date: /home/harsh/ros2_new/install/cashier_system/share/cashier_system/cmake/export_cashier_system__rosidl_typesupport_fastrtps_cExport-noconfig.cmake
[5.913s] -- Up-to-date: /home/harsh/ros2_new/install/cashier_system/share/cashier_system/cmake/export_cashier_system__rosidl_generator_cppExport.cmake
[5.913s] -- Up-to-date: /home/harsh/ros2_new/install/cashier_system/share/cashier_system/cmake/export_cashier_system__rosidl_typesupport_fastrtps_cppExport.cmake
[5.913s] -- Up-to-date: /home/harsh/ros2_new/install/cashier_system/share/cashier_system/cmake/export_cashier_system__rosidl_typesupport_fastrtps_cppExport-noconfig.cmake
[5.913s] -- Up-to-date: /home/harsh/ros2_new/install/cashier_system/share/cashier_system/cmake/cashier_system__rosidl_typesupport_introspection_cExport.cmake
[5.913s] -- Up-to-date: /home/harsh/ros2_new/install/cashier_system/share/cashier_system/cmake/cashier_system__rosidl_typesupport_introspection_cExport-noconfig.cmake
[5.913s] -- Up-to-date: /home/harsh/ros2_new/install/cashier_system/share/cashier_system/cmake/cashier_system__rosidl_typesupport_cExport.cmake
[5.913s] -- Up-to-date: /home/harsh/ros2_new/install/cashier_system/share/cashier_system/cmake/cashier_system__rosidl_typesupport_cExport-noconfig.cmake
[5.914s] -- Up-to-date: /home/harsh/ros2_new/install/cashier_system/share/cashier_system/cmake/cashier_system__rosidl_typesupport_introspection_cppExport.cmake
[5.914s] -- Up-to-date: /home/harsh/ros2_new/install/cashier_system/share/cashier_system/cmake/cashier_system__rosidl_typesupport_introspection_cppExport-noconfig.cmake
[5.914s] -- Up-to-date: /home/harsh/ros2_new/install/cashier_system/share/cashier_system/cmake/cashier_system__rosidl_typesupport_cppExport.cmake
[5.914s] -- Up-to-date: /home/harsh/ros2_new/install/cashier_system/share/cashier_system/cmake/cashier_system__rosidl_typesupport_cppExport-noconfig.cmake
[5.914s] -- Up-to-date: /home/harsh/ros2_new/install/cashier_system/share/cashier_system/cmake/export_cashier_system__rosidl_generator_pyExport.cmake
[5.914s] -- Up-to-date: /home/harsh/ros2_new/install/cashier_system/share/cashier_system/cmake/export_cashier_system__rosidl_generator_pyExport-noconfig.cmake
[5.914s] -- Up-to-date: /home/harsh/ros2_new/install/cashier_system/share/cashier_system/cmake/rosidl_cmake-extras.cmake
[5.914s] -- Up-to-date: /home/harsh/ros2_new/install/cashier_system/share/cashier_system/cmake/ament_cmake_export_dependencies-extras.cmake
[5.914s] -- Up-to-date: /home/harsh/ros2_new/install/cashier_system/share/cashier_system/cmake/ament_cmake_export_include_directories-extras.cmake
[5.914s] -- Up-to-date: /home/harsh/ros2_new/install/cashier_system/share/cashier_system/cmake/ament_cmake_export_libraries-extras.cmake
[5.914s] -- Up-to-date: /home/harsh/ros2_new/install/cashier_system/share/cashier_system/cmake/ament_cmake_export_targets-extras.cmake
[5.914s] -- Up-to-date: /home/harsh/ros2_new/install/cashier_system/share/cashier_system/cmake/rosidl_cmake_export_typesupport_targets-extras.cmake
[5.914s] -- Up-to-date: /home/harsh/ros2_new/install/cashier_system/share/cashier_system/cmake/rosidl_cmake_export_typesupport_libraries-extras.cmake
[5.914s] -- Up-to-date: /home/harsh/ros2_new/install/cashier_system/share/cashier_system/cmake/cashier_systemConfig.cmake
[5.914s] -- Up-to-date: /home/harsh/ros2_new/install/cashier_system/share/cashier_system/cmake/cashier_systemConfig-version.cmake
[5.914s] -- Up-to-date: /home/harsh/ros2_new/install/cashier_system/share/cashier_system/package.xml
[5.916s] Invoked command in '/home/harsh/ros2_new/build/cashier_system' returned '0': CMAKE_PREFIX_PATH=/opt/ros/humble /usr/bin/cmake --install /home/harsh/ros2_new/build/cashier_system
