[0.011s] Invoking command in '/home/harsh/rover_project/build/mobile_robot': CMAKE_PREFIX_PATH=${CMAKE_PREFIX_PATH}:/opt/ros/humble /usr/bin/cmake --build /home/harsh/rover_project/build/mobile_robot -- -j8 -l8
[0.044s] -- Found ament_cmake: 1.3.11 (/opt/ros/humble/share/ament_cmake/cmake)
[0.172s] [31mCMake Error at CMakeLists.txt:10 (find_package):
[0.173s]   By not providing "FindGeographicLib.cmake" in CMAKE_MODULE_PATH this
[0.173s]   project has asked CMake to find a package configuration file provided by
[0.173s]   "GeographicLib", but CMake did not find one.
[0.173s] 
[0.173s]   Could not find a package configuration file provided by "GeographicLib"
[0.173s]   with any of the following names:
[0.173s] 
[0.173s]     GeographicLibConfig.cmake
[0.173s]     geographiclib-config.cmake
[0.174s] 
[0.174s]   Add the installation prefix of "GeographicLib" to CMAKE_PREFIX_PATH or set
[0.174s]   "GeographicLib_DIR" to a directory containing one of the above files.  If
[0.174s]   "GeographicLib" provides a separate development package or SDK, be sure it
[0.174s]   has been installed.
[0.174s] 
[0.174s] [0m
[0.174s] -- Configuring incomplete, errors occurred!
[0.174s] See also "/home/harsh/rover_project/build/mobile_robot/CMakeFiles/CMakeOutput.log".
[0.176s] gmake: *** [Makefile:267: cmake_check_build_system] Error 1
[0.179s] Invoked command in '/home/harsh/rover_project/build/mobile_robot' returned '2': CMAKE_PREFIX_PATH=${CMAKE_PREFIX_PATH}:/opt/ros/humble /usr/bin/cmake --build /home/harsh/rover_project/build/mobile_robot -- -j8 -l8
