[0.015s] Invoking command in '/home/harsh/rover_project/build/mobile_robot': CMAKE_PREFIX_PATH=${CMAKE_PREFIX_PATH}:/opt/ros/humble /usr/bin/cmake --build /home/harsh/rover_project/build/mobile_robot -- -j8 -l8
[0.053s] -- Found ament_cmake: 1.3.11 (/opt/ros/humble/share/ament_cmake/cmake)
[0.180s] -- Found rclcpp: 16.0.11 (/opt/ros/humble/share/rclcpp/cmake)
[0.207s] -- Found rosidl_generator_c: 3.1.6 (/opt/ros/humble/share/rosidl_generator_c/cmake)
[0.209s] -- Found rosidl_adapter: 3.1.6 (/opt/ros/humble/share/rosidl_adapter/cmake)
[0.214s] -- Found rosidl_generator_cpp: 3.1.6 (/opt/ros/humble/share/rosidl_generator_cpp/cmake)
[0.222s] -- Using all available rosidl_typesupport_c: rosidl_typesupport_fastrtps_c;rosidl_typesupport_introspection_c
[0.235s] -- Using all available rosidl_typesupport_cpp: rosidl_typesupport_fastrtps_cpp;rosidl_typesupport_introspection_cpp
[0.263s] -- Found rmw_implementation_cmake: 6.1.2 (/opt/ros/humble/share/rmw_implementation_cmake/cmake)
[0.264s] -- Found rmw_fastrtps_cpp: 6.2.7 (/opt/ros/humble/share/rmw_fastrtps_cpp/cmake)
[0.384s] -- Using RMW implementation 'rmw_fastrtps_cpp' as default
[0.428s] -- Found geometry_msgs: 4.2.4 (/opt/ros/humble/share/geometry_msgs/cmake)
[0.439s] -- Found ament_lint_auto: 0.12.11 (/opt/ros/humble/share/ament_lint_auto/cmake)
[0.515s] -- Added test 'cppcheck' to perform static code analysis on C / C++ code
[0.515s] -- Configured cppcheck include dirs: 
[0.515s] -- Configured cppcheck exclude dirs and/or files: 
[0.515s] -- Added test 'flake8' to check Python code syntax and style conventions
[0.516s] -- Added test 'lint_cmake' to check CMake code style
[0.516s] -- Added test 'pep257' to check Python code against some of the docstring style conventions in PEP 257
[0.517s] -- Added test 'uncrustify' to check C / C++ code style
[0.517s] -- Configured uncrustify additional arguments: 
[0.518s] -- Added test 'xmllint' to check XML markup files
[0.519s] -- Configuring done
[0.533s] -- Generating done
[0.538s] -- Build files have been written to: /home/harsh/rover_project/build/mobile_robot
[0.582s] [35m[1mConsolidate compiler generated dependencies of target coordinate_input_node[0m
[0.606s] [ 50%] [32mBuilding CXX object CMakeFiles/coordinate_input_node.dir/src/coordinate_input_node.cpp.o[0m
[5.504s] [100%] [32m[1mLinking CXX executable coordinate_input_node[0m
[5.743s] [100%] Built target coordinate_input_node
[5.761s] Invoked command in '/home/harsh/rover_project/build/mobile_robot' returned '0': CMAKE_PREFIX_PATH=${CMAKE_PREFIX_PATH}:/opt/ros/humble /usr/bin/cmake --build /home/harsh/rover_project/build/mobile_robot -- -j8 -l8
[5.777s] Invoking command in '/home/harsh/rover_project/build/mobile_robot': CMAKE_PREFIX_PATH=${CMAKE_PREFIX_PATH}:/opt/ros/humble /usr/bin/cmake --install /home/harsh/rover_project/build/mobile_robot
[5.790s] -- Install configuration: ""
[5.790s] -- Up-to-date: /home/harsh/rover_project/install/mobile_robot/share/mobile_robot/launch
[5.790s] -- Up-to-date: /home/harsh/rover_project/install/mobile_robot/share/mobile_robot/launch/gazebo_launch.py
[5.790s] -- Installing: /home/harsh/rover_project/install/mobile_robot/share/mobile_robot/launch/coordinate_input_launch.py
[5.790s] -- Up-to-date: /home/harsh/rover_project/install/mobile_robot/share/mobile_robot/model
[5.790s] -- Up-to-date: /home/harsh/rover_project/install/mobile_robot/share/mobile_robot/model/rover.xacro
[5.790s] -- Up-to-date: /home/harsh/rover_project/install/mobile_robot/share/mobile_robot/model/rover.gazebo
[5.790s] -- Up-to-date: /home/harsh/rover_project/install/mobile_robot/share/mobile_robot/model/world.world
[5.790s] -- Installing: /home/harsh/rover_project/install/mobile_robot/lib/mobile_robot/coordinate_input_node
[5.794s] -- Set runtime path of "/home/harsh/rover_project/install/mobile_robot/lib/mobile_robot/coordinate_input_node" to ""
[5.794s] -- Up-to-date: /home/harsh/rover_project/install/mobile_robot/lib/mobile_robot/coordinate_input_node
[5.794s] -- Up-to-date: /home/harsh/rover_project/install/mobile_robot/share/ament_index/resource_index/package_run_dependencies/mobile_robot
[5.794s] -- Up-to-date: /home/harsh/rover_project/install/mobile_robot/share/ament_index/resource_index/parent_prefix_path/mobile_robot
[5.794s] -- Up-to-date: /home/harsh/rover_project/install/mobile_robot/share/mobile_robot/environment/ament_prefix_path.sh
[5.794s] -- Installing: /home/harsh/rover_project/install/mobile_robot/share/mobile_robot/environment/ament_prefix_path.dsv
[5.794s] -- Up-to-date: /home/harsh/rover_project/install/mobile_robot/share/mobile_robot/environment/path.sh
[5.794s] -- Installing: /home/harsh/rover_project/install/mobile_robot/share/mobile_robot/environment/path.dsv
[5.794s] -- Up-to-date: /home/harsh/rover_project/install/mobile_robot/share/mobile_robot/local_setup.bash
[5.794s] -- Up-to-date: /home/harsh/rover_project/install/mobile_robot/share/mobile_robot/local_setup.sh
[5.794s] -- Up-to-date: /home/harsh/rover_project/install/mobile_robot/share/mobile_robot/local_setup.zsh
[5.795s] -- Installing: /home/harsh/rover_project/install/mobile_robot/share/mobile_robot/local_setup.dsv
[5.795s] -- Installing: /home/harsh/rover_project/install/mobile_robot/share/mobile_robot/package.dsv
[5.795s] -- Up-to-date: /home/harsh/rover_project/install/mobile_robot/share/ament_index/resource_index/packages/mobile_robot
[5.795s] -- Up-to-date: /home/harsh/rover_project/install/mobile_robot/share/mobile_robot/cmake/mobile_robotConfig.cmake
[5.795s] -- Up-to-date: /home/harsh/rover_project/install/mobile_robot/share/mobile_robot/cmake/mobile_robotConfig-version.cmake
[5.795s] -- Up-to-date: /home/harsh/rover_project/install/mobile_robot/share/mobile_robot/package.xml
[5.799s] Invoked command in '/home/harsh/rover_project/build/mobile_robot' returned '0': CMAKE_PREFIX_PATH=${CMAKE_PREFIX_PATH}:/opt/ros/humble /usr/bin/cmake --install /home/harsh/rover_project/build/mobile_robot
