[0.015s] Invoking command in '/home/harsh/rover_project/build/mobile_robot': CMAKE_PREFIX_PATH=${CMAKE_PREFIX_PATH}:/opt/ros/humble /usr/bin/cmake /home/harsh/rover_project/src/mobile_robot -DCMAKE_INSTALL_PREFIX=/home/harsh/rover_project/install/mobile_robot
[0.287s] -- The C compiler identification is GNU 11.4.0
[0.439s] -- The CXX compiler identification is GNU 11.4.0
[0.456s] -- Detecting C compiler ABI info
[0.617s] -- Detecting C compiler ABI info - done
[0.626s] -- Check for working C compiler: /usr/bin/cc - skipped
[0.658s] -- Detecting C compile features
[0.660s] -- Detecting C compile features - done
[0.665s] -- Detecting CXX compiler ABI info
[0.816s] -- Detecting CXX compiler ABI info - done
[0.828s] -- Check for working CXX compiler: /usr/bin/c++ - skipped
[0.829s] -- Detecting CXX compile features
[0.829s] -- Detecting CXX compile features - done
[0.897s] -- Found ament_cmake: 1.3.11 (/opt/ros/humble/share/ament_cmake/cmake)
[1.159s] -- Found Python3: /usr/bin/python3 (found version "3.10.12") found components: Interpreter 
[1.323s] -- Found rclcpp: 16.0.11 (/opt/ros/humble/share/rclcpp/cmake)
[1.398s] -- Found rosidl_generator_c: 3.1.6 (/opt/ros/humble/share/rosidl_generator_c/cmake)
[1.408s] -- Found rosidl_adapter: 3.1.6 (/opt/ros/humble/share/rosidl_adapter/cmake)
[1.421s] -- Found rosidl_generator_cpp: 3.1.6 (/opt/ros/humble/share/rosidl_generator_cpp/cmake)
[1.445s] -- Using all available rosidl_typesupport_c: rosidl_typesupport_fastrtps_c;rosidl_typesupport_introspection_c
[1.471s] -- Using all available rosidl_typesupport_cpp: rosidl_typesupport_fastrtps_cpp;rosidl_typesupport_introspection_cpp
[1.540s] -- Found rmw_implementation_cmake: 6.1.2 (/opt/ros/humble/share/rmw_implementation_cmake/cmake)
[1.544s] -- Found rmw_fastrtps_cpp: 6.2.7 (/opt/ros/humble/share/rmw_fastrtps_cpp/cmake)
[1.755s] -- Found OpenSSL: /usr/lib/x86_64-linux-gnu/libcrypto.so (found version "3.0.2")  
[1.799s] -- Found FastRTPS: /opt/ros/humble/include  
[1.873s] -- Using RMW implementation 'rmw_fastrtps_cpp' as default
[1.918s] -- Looking for pthread.h
[2.082s] -- Looking for pthread.h - found
[2.083s] -- Performing Test CMAKE_HAVE_LIBC_PTHREAD
[2.246s] -- Performing Test CMAKE_HAVE_LIBC_PTHREAD - Success
[2.250s] -- Found Threads: TRUE  
[2.357s] -- Found sensor_msgs: 4.2.4 (/opt/ros/humble/share/sensor_msgs/cmake)
[2.431s] [31mCMake Error at CMakeLists.txt:22 (add_executable):
[2.431s]   add_executable cannot create target "gps_subscriber" because another target
[2.431s]   with the same name already exists.  The existing target is an executable
[2.431s]   created in source directory "/home/harsh/rover_project/src/mobile_robot".
[2.431s]   See documentation for policy CMP0002 for more details.
[2.431s] 
[2.431s] [0m
[2.435s] -- Found ament_lint_auto: 0.12.11 (/opt/ros/humble/share/ament_lint_auto/cmake)
[2.580s] -- Added test 'cppcheck' to perform static code analysis on C / C++ code
[2.580s] -- Configured cppcheck include dirs: 
[2.580s] -- Configured cppcheck exclude dirs and/or files: 
[2.581s] -- Added test 'flake8' to check Python code syntax and style conventions
[2.582s] -- Added test 'lint_cmake' to check CMake code style
[2.582s] -- Added test 'pep257' to check Python code against some of the docstring style conventions in PEP 257
[2.585s] -- Added test 'uncrustify' to check C / C++ code style
[2.585s] -- Configured uncrustify additional arguments: 
[2.586s] -- Added test 'xmllint' to check XML markup files
[2.589s] -- Configuring incomplete, errors occurred!
[2.590s] See also "/home/harsh/rover_project/build/mobile_robot/CMakeFiles/CMakeOutput.log".
[2.605s] Invoked command in '/home/harsh/rover_project/build/mobile_robot' returned '1': CMAKE_PREFIX_PATH=${CMAKE_PREFIX_PATH}:/opt/ros/humble /usr/bin/cmake /home/harsh/rover_project/src/mobile_robot -DCMAKE_INSTALL_PREFIX=/home/harsh/rover_project/install/mobile_robot
