[0.209s] DEBUG:colcon:Command line arguments: ['/usr/bin/colcon', 'build']
[0.209s] DEBUG:colcon:Parsed command line arguments: Namespace(log_base=None, log_level=None, verb_name='build', build_base='build', install_base='install', merge_install=False, symlink_install=False, test_result_base=None, continue_on_error=False, executor='parallel', parallel_workers=16, event_handlers=None, ignore_user_meta=False, metas=['./colcon.meta'], base_paths=['.'], packages_ignore=None, packages_ignore_regex=None, paths=None, packages_up_to=None, packages_up_to_regex=None, packages_above=None, packages_above_and_dependencies=None, packages_above_depth=None, packages_select_by_dep=None, packages_skip_by_dep=None, packages_skip_up_to=None, packages_select_build_failed=False, packages_skip_build_finished=False, packages_select_test_failures=False, packages_skip_test_passed=False, packages_select=None, packages_skip=None, packages_select_regex=None, packages_skip_regex=None, packages_start=None, packages_end=None, allow_overriding=[], cmake_args=None, cmake_target=None, cmake_target_skip_unavailable=False, cmake_clean_cache=False, cmake_clean_first=False, cmake_force_configure=False, ament_cmake_args=None, catkin_cmake_args=None, catkin_skip_building_tests=False, mixin_files=None, mixin=None, verb_parser=<colcon_mixin.mixin.mixin_argument.MixinArgumentDecorator object at 0x7c4b3d50dbd0>, verb_extension=<colcon_core.verb.build.BuildVerb object at 0x7c4b3d652b00>, main=<bound method BuildVerb.main of <colcon_core.verb.build.BuildVerb object at 0x7c4b3d652b00>>, mixin_verb=('build',))
[0.399s] Level 1:colcon.colcon_core.package_discovery:discover_packages(colcon_meta) check parameters
[0.400s] Level 1:colcon.colcon_core.package_discovery:discover_packages(recursive) check parameters
[0.400s] Level 1:colcon.colcon_core.package_discovery:discover_packages(ignore) check parameters
[0.400s] Level 1:colcon.colcon_core.package_discovery:discover_packages(path) check parameters
[0.400s] Level 1:colcon.colcon_core.package_discovery:discover_packages(colcon_meta) discover
[0.400s] Level 1:colcon.colcon_core.package_discovery:discover_packages(recursive) discover
[0.400s] INFO:colcon.colcon_core.package_discovery:Crawling recursively for packages in '/home/harsh/ros2_new'
[0.400s] Level 1:colcon.colcon_core.package_identification:_identify(.) by extensions ['ignore', 'ignore_ament_install']
[0.400s] Level 1:colcon.colcon_core.package_identification:_identify(.) by extension 'ignore'
[0.400s] Level 1:colcon.colcon_core.package_identification:_identify(.) by extension 'ignore_ament_install'
[0.400s] Level 1:colcon.colcon_core.package_identification:_identify(.) by extensions ['colcon_pkg']
[0.400s] Level 1:colcon.colcon_core.package_identification:_identify(.) by extension 'colcon_pkg'
[0.400s] Level 1:colcon.colcon_core.package_identification:_identify(.) by extensions ['colcon_meta']
[0.400s] Level 1:colcon.colcon_core.package_identification:_identify(.) by extension 'colcon_meta'
[0.400s] Level 1:colcon.colcon_core.package_identification:_identify(.) by extensions ['ros']
[0.400s] Level 1:colcon.colcon_core.package_identification:_identify(.) by extension 'ros'
[0.409s] Level 1:colcon.colcon_core.package_identification:_identify(.) by extensions ['cmake', 'python']
[0.409s] Level 1:colcon.colcon_core.package_identification:_identify(.) by extension 'cmake'
[0.409s] Level 1:colcon.colcon_core.package_identification:_identify(.) by extension 'python'
[0.409s] Level 1:colcon.colcon_core.package_identification:_identify(.) by extensions ['python_setup_py']
[0.409s] Level 1:colcon.colcon_core.package_identification:_identify(.) by extension 'python_setup_py'
[0.410s] Level 1:colcon.colcon_core.package_identification:_identify(build) by extensions ['ignore', 'ignore_ament_install']
[0.410s] Level 1:colcon.colcon_core.package_identification:_identify(build) by extension 'ignore'
[0.410s] Level 1:colcon.colcon_core.package_identification:_identify(build) ignored
[0.410s] Level 1:colcon.colcon_core.package_identification:_identify(install) by extensions ['ignore', 'ignore_ament_install']
[0.410s] Level 1:colcon.colcon_core.package_identification:_identify(install) by extension 'ignore'
[0.410s] Level 1:colcon.colcon_core.package_identification:_identify(install) ignored
[0.410s] Level 1:colcon.colcon_core.package_identification:_identify(log) by extensions ['ignore', 'ignore_ament_install']
[0.410s] Level 1:colcon.colcon_core.package_identification:_identify(log) by extension 'ignore'
[0.410s] Level 1:colcon.colcon_core.package_identification:_identify(log) ignored
[0.410s] Level 1:colcon.colcon_core.package_identification:_identify(src) by extensions ['ignore', 'ignore_ament_install']
[0.410s] Level 1:colcon.colcon_core.package_identification:_identify(src) by extension 'ignore'
[0.410s] Level 1:colcon.colcon_core.package_identification:_identify(src) by extension 'ignore_ament_install'
[0.410s] Level 1:colcon.colcon_core.package_identification:_identify(src) by extensions ['colcon_pkg']
[0.410s] Level 1:colcon.colcon_core.package_identification:_identify(src) by extension 'colcon_pkg'
[0.410s] Level 1:colcon.colcon_core.package_identification:_identify(src) by extensions ['colcon_meta']
[0.410s] Level 1:colcon.colcon_core.package_identification:_identify(src) by extension 'colcon_meta'
[0.410s] Level 1:colcon.colcon_core.package_identification:_identify(src) by extensions ['ros']
[0.410s] Level 1:colcon.colcon_core.package_identification:_identify(src) by extension 'ros'
[0.410s] Level 1:colcon.colcon_core.package_identification:_identify(src) by extensions ['cmake', 'python']
[0.410s] Level 1:colcon.colcon_core.package_identification:_identify(src) by extension 'cmake'
[0.411s] Level 1:colcon.colcon_core.package_identification:_identify(src) by extension 'python'
[0.411s] Level 1:colcon.colcon_core.package_identification:_identify(src) by extensions ['python_setup_py']
[0.411s] Level 1:colcon.colcon_core.package_identification:_identify(src) by extension 'python_setup_py'
[0.411s] Level 1:colcon.colcon_core.package_identification:_identify(src/addition_service) by extensions ['ignore', 'ignore_ament_install']
[0.411s] Level 1:colcon.colcon_core.package_identification:_identify(src/addition_service) by extension 'ignore'
[0.411s] Level 1:colcon.colcon_core.package_identification:_identify(src/addition_service) by extension 'ignore_ament_install'
[0.411s] Level 1:colcon.colcon_core.package_identification:_identify(src/addition_service) by extensions ['colcon_pkg']
[0.411s] Level 1:colcon.colcon_core.package_identification:_identify(src/addition_service) by extension 'colcon_pkg'
[0.411s] Level 1:colcon.colcon_core.package_identification:_identify(src/addition_service) by extensions ['colcon_meta']
[0.411s] Level 1:colcon.colcon_core.package_identification:_identify(src/addition_service) by extension 'colcon_meta'
[0.411s] Level 1:colcon.colcon_core.package_identification:_identify(src/addition_service) by extensions ['ros']
[0.411s] Level 1:colcon.colcon_core.package_identification:_identify(src/addition_service) by extension 'ros'
[0.413s] DEBUG:colcon.colcon_core.package_identification:Package 'src/addition_service' with type 'ros.ament_cmake' and name 'addition_service'
[0.414s] Level 1:colcon.colcon_core.package_identification:_identify(src/hello_world) by extensions ['ignore', 'ignore_ament_install']
[0.414s] Level 1:colcon.colcon_core.package_identification:_identify(src/hello_world) by extension 'ignore'
[0.414s] Level 1:colcon.colcon_core.package_identification:_identify(src/hello_world) by extension 'ignore_ament_install'
[0.414s] Level 1:colcon.colcon_core.package_identification:_identify(src/hello_world) by extensions ['colcon_pkg']
[0.414s] Level 1:colcon.colcon_core.package_identification:_identify(src/hello_world) by extension 'colcon_pkg'
[0.414s] Level 1:colcon.colcon_core.package_identification:_identify(src/hello_world) by extensions ['colcon_meta']
[0.414s] Level 1:colcon.colcon_core.package_identification:_identify(src/hello_world) by extension 'colcon_meta'
[0.414s] Level 1:colcon.colcon_core.package_identification:_identify(src/hello_world) by extensions ['ros']
[0.414s] Level 1:colcon.colcon_core.package_identification:_identify(src/hello_world) by extension 'ros'
[0.415s] DEBUG:colcon.colcon_core.package_identification:Package 'src/hello_world' with type 'ros.ament_cmake' and name 'hello_world'
[0.415s] Level 1:colcon.colcon_core.package_identification:_identify(src/my_new_package) by extensions ['ignore', 'ignore_ament_install']
[0.415s] Level 1:colcon.colcon_core.package_identification:_identify(src/my_new_package) by extension 'ignore'
[0.415s] Level 1:colcon.colcon_core.package_identification:_identify(src/my_new_package) by extension 'ignore_ament_install'
[0.415s] Level 1:colcon.colcon_core.package_identification:_identify(src/my_new_package) by extensions ['colcon_pkg']
[0.415s] Level 1:colcon.colcon_core.package_identification:_identify(src/my_new_package) by extension 'colcon_pkg'
[0.415s] Level 1:colcon.colcon_core.package_identification:_identify(src/my_new_package) by extensions ['colcon_meta']
[0.415s] Level 1:colcon.colcon_core.package_identification:_identify(src/my_new_package) by extension 'colcon_meta'
[0.415s] Level 1:colcon.colcon_core.package_identification:_identify(src/my_new_package) by extensions ['ros']
[0.415s] Level 1:colcon.colcon_core.package_identification:_identify(src/my_new_package) by extension 'ros'
[0.416s] DEBUG:colcon.colcon_core.package_identification:Package 'src/my_new_package' with type 'ros.ament_cmake' and name 'my_new_package'
[0.416s] Level 1:colcon.colcon_core.package_discovery:discover_packages(recursive) using defaults
[0.416s] Level 1:colcon.colcon_core.package_discovery:discover_packages(ignore) discover
[0.416s] Level 1:colcon.colcon_core.package_discovery:discover_packages(ignore) using defaults
[0.416s] Level 1:colcon.colcon_core.package_discovery:discover_packages(path) discover
[0.416s] Level 1:colcon.colcon_core.package_discovery:discover_packages(path) using defaults
[0.438s] Level 1:colcon.colcon_core.package_discovery:discover_packages(prefix_path) check parameters
[0.438s] Level 1:colcon.colcon_core.package_discovery:discover_packages(prefix_path) discover
[0.441s] DEBUG:colcon.colcon_installed_package_information.package_discovery:Found 270 installed packages in /opt/ros/humble
[0.452s] Level 1:colcon.colcon_core.package_discovery:discover_packages(prefix_path) using defaults
[0.478s] Level 5:colcon.colcon_core.verb:set package 'addition_service' build argument 'cmake_args' from command line to 'None'
[0.479s] Level 5:colcon.colcon_core.verb:set package 'addition_service' build argument 'cmake_target' from command line to 'None'
[0.479s] Level 5:colcon.colcon_core.verb:set package 'addition_service' build argument 'cmake_target_skip_unavailable' from command line to 'False'
[0.479s] Level 5:colcon.colcon_core.verb:set package 'addition_service' build argument 'cmake_clean_cache' from command line to 'False'
[0.479s] Level 5:colcon.colcon_core.verb:set package 'addition_service' build argument 'cmake_clean_first' from command line to 'False'
[0.479s] Level 5:colcon.colcon_core.verb:set package 'addition_service' build argument 'cmake_force_configure' from command line to 'False'
[0.479s] Level 5:colcon.colcon_core.verb:set package 'addition_service' build argument 'ament_cmake_args' from command line to 'None'
[0.479s] Level 5:colcon.colcon_core.verb:set package 'addition_service' build argument 'catkin_cmake_args' from command line to 'None'
[0.479s] Level 5:colcon.colcon_core.verb:set package 'addition_service' build argument 'catkin_skip_building_tests' from command line to 'False'
[0.479s] DEBUG:colcon.colcon_core.verb:Building package 'addition_service' with the following arguments: {'ament_cmake_args': None, 'build_base': '/home/harsh/ros2_new/build/addition_service', 'catkin_cmake_args': None, 'catkin_skip_building_tests': False, 'cmake_args': None, 'cmake_clean_cache': False, 'cmake_clean_first': False, 'cmake_force_configure': False, 'cmake_target': None, 'cmake_target_skip_unavailable': False, 'install_base': '/home/harsh/ros2_new/install/addition_service', 'merge_install': False, 'path': '/home/harsh/ros2_new/src/addition_service', 'symlink_install': False, 'test_result_base': None}
[0.479s] Level 5:colcon.colcon_core.verb:set package 'hello_world' build argument 'cmake_args' from command line to 'None'
[0.479s] Level 5:colcon.colcon_core.verb:set package 'hello_world' build argument 'cmake_target' from command line to 'None'
[0.479s] Level 5:colcon.colcon_core.verb:set package 'hello_world' build argument 'cmake_target_skip_unavailable' from command line to 'False'
[0.479s] Level 5:colcon.colcon_core.verb:set package 'hello_world' build argument 'cmake_clean_cache' from command line to 'False'
[0.479s] Level 5:colcon.colcon_core.verb:set package 'hello_world' build argument 'cmake_clean_first' from command line to 'False'
[0.479s] Level 5:colcon.colcon_core.verb:set package 'hello_world' build argument 'cmake_force_configure' from command line to 'False'
[0.479s] Level 5:colcon.colcon_core.verb:set package 'hello_world' build argument 'ament_cmake_args' from command line to 'None'
[0.479s] Level 5:colcon.colcon_core.verb:set package 'hello_world' build argument 'catkin_cmake_args' from command line to 'None'
[0.479s] Level 5:colcon.colcon_core.verb:set package 'hello_world' build argument 'catkin_skip_building_tests' from command line to 'False'
[0.479s] DEBUG:colcon.colcon_core.verb:Building package 'hello_world' with the following arguments: {'ament_cmake_args': None, 'build_base': '/home/harsh/ros2_new/build/hello_world', 'catkin_cmake_args': None, 'catkin_skip_building_tests': False, 'cmake_args': None, 'cmake_clean_cache': False, 'cmake_clean_first': False, 'cmake_force_configure': False, 'cmake_target': None, 'cmake_target_skip_unavailable': False, 'install_base': '/home/harsh/ros2_new/install/hello_world', 'merge_install': False, 'path': '/home/harsh/ros2_new/src/hello_world', 'symlink_install': False, 'test_result_base': None}
[0.479s] Level 5:colcon.colcon_core.verb:set package 'my_new_package' build argument 'cmake_args' from command line to 'None'
[0.479s] Level 5:colcon.colcon_core.verb:set package 'my_new_package' build argument 'cmake_target' from command line to 'None'
[0.479s] Level 5:colcon.colcon_core.verb:set package 'my_new_package' build argument 'cmake_target_skip_unavailable' from command line to 'False'
[0.479s] Level 5:colcon.colcon_core.verb:set package 'my_new_package' build argument 'cmake_clean_cache' from command line to 'False'
[0.479s] Level 5:colcon.colcon_core.verb:set package 'my_new_package' build argument 'cmake_clean_first' from command line to 'False'
[0.479s] Level 5:colcon.colcon_core.verb:set package 'my_new_package' build argument 'cmake_force_configure' from command line to 'False'
[0.479s] Level 5:colcon.colcon_core.verb:set package 'my_new_package' build argument 'ament_cmake_args' from command line to 'None'
[0.480s] Level 5:colcon.colcon_core.verb:set package 'my_new_package' build argument 'catkin_cmake_args' from command line to 'None'
[0.480s] Level 5:colcon.colcon_core.verb:set package 'my_new_package' build argument 'catkin_skip_building_tests' from command line to 'False'
[0.480s] DEBUG:colcon.colcon_core.verb:Building package 'my_new_package' with the following arguments: {'ament_cmake_args': None, 'build_base': '/home/harsh/ros2_new/build/my_new_package', 'catkin_cmake_args': None, 'catkin_skip_building_tests': False, 'cmake_args': None, 'cmake_clean_cache': False, 'cmake_clean_first': False, 'cmake_force_configure': False, 'cmake_target': None, 'cmake_target_skip_unavailable': False, 'install_base': '/home/harsh/ros2_new/install/my_new_package', 'merge_install': False, 'path': '/home/harsh/ros2_new/src/my_new_package', 'symlink_install': False, 'test_result_base': None}
[0.480s] INFO:colcon.colcon_core.executor:Executing jobs using 'parallel' executor
[0.480s] DEBUG:colcon.colcon_parallel_executor.executor.parallel:run_until_complete
[0.481s] INFO:colcon.colcon_ros.task.ament_cmake.build:Building ROS package in '/home/harsh/ros2_new/src/addition_service' with build type 'ament_cmake'
[0.481s] INFO:colcon.colcon_cmake.task.cmake.build:Building CMake package in '/home/harsh/ros2_new/src/addition_service'
[0.485s] INFO:colcon.colcon_core.plugin_system:Skipping extension 'colcon_core.shell.bat': Not used on non-Windows systems
[0.485s] INFO:colcon.colcon_core.shell:Skip shell extension 'powershell' for command environment: Not usable outside of PowerShell
[0.485s] DEBUG:colcon.colcon_core.shell:Skip shell extension 'dsv' for command environment
[0.487s] INFO:colcon.colcon_ros.task.ament_cmake.build:Building ROS package in '/home/harsh/ros2_new/src/hello_world' with build type 'ament_cmake'
[0.487s] INFO:colcon.colcon_cmake.task.cmake.build:Building CMake package in '/home/harsh/ros2_new/src/hello_world'
[0.488s] INFO:colcon.colcon_core.shell:Skip shell extension 'powershell' for command environment: Not usable outside of PowerShell
[0.488s] DEBUG:colcon.colcon_core.shell:Skip shell extension 'dsv' for command environment
[0.490s] INFO:colcon.colcon_ros.task.ament_cmake.build:Building ROS package in '/home/harsh/ros2_new/src/my_new_package' with build type 'ament_cmake'
[0.490s] INFO:colcon.colcon_cmake.task.cmake.build:Building CMake package in '/home/harsh/ros2_new/src/my_new_package'
[0.490s] INFO:colcon.colcon_core.shell:Skip shell extension 'powershell' for command environment: Not usable outside of PowerShell
[0.490s] DEBUG:colcon.colcon_core.shell:Skip shell extension 'dsv' for command environment
[0.496s] DEBUG:colcon.colcon_core.event_handler.log_command:Invoking command in '/home/harsh/ros2_new/build/addition_service': CMAKE_PREFIX_PATH=/opt/ros/humble /usr/bin/cmake --build /home/harsh/ros2_new/build/addition_service -- -j16 -l16
[0.502s] DEBUG:colcon.colcon_core.event_handler.log_command:Invoking command in '/home/harsh/ros2_new/build/hello_world': CMAKE_PREFIX_PATH=/opt/ros/humble /usr/bin/cmake --build /home/harsh/ros2_new/build/hello_world -- -j16 -l16
[0.504s] DEBUG:colcon.colcon_core.event_handler.log_command:Invoking command in '/home/harsh/ros2_new/build/my_new_package': CMAKE_PREFIX_PATH=/opt/ros/humble /usr/bin/cmake /home/harsh/ros2_new/src/my_new_package -DCMAKE_INSTALL_PREFIX=/home/harsh/ros2_new/install/my_new_package
[0.621s] DEBUG:colcon.colcon_core.event_handler.log_command:Invoked command in '/home/harsh/ros2_new/build/addition_service' returned '0': CMAKE_PREFIX_PATH=/opt/ros/humble /usr/bin/cmake --build /home/harsh/ros2_new/build/addition_service -- -j16 -l16
[0.632s] DEBUG:colcon.colcon_core.event_handler.log_command:Invoking command in '/home/harsh/ros2_new/build/addition_service': CMAKE_PREFIX_PATH=/opt/ros/humble /usr/bin/cmake --install /home/harsh/ros2_new/build/addition_service
[0.632s] DEBUG:colcon.colcon_core.event_handler.log_command:Invoked command in '/home/harsh/ros2_new/build/hello_world' returned '0': CMAKE_PREFIX_PATH=/opt/ros/humble /usr/bin/cmake --build /home/harsh/ros2_new/build/hello_world -- -j16 -l16
[0.635s] DEBUG:colcon.colcon_core.event_handler.log_command:Invoking command in '/home/harsh/ros2_new/build/hello_world': CMAKE_PREFIX_PATH=/opt/ros/humble /usr/bin/cmake --install /home/harsh/ros2_new/build/hello_world
[0.646s] Level 1:colcon.colcon_core.environment:create_environment_scripts_only(addition_service)
[0.647s] DEBUG:colcon.colcon_core.event_handler.log_command:Invoked command in '/home/harsh/ros2_new/build/addition_service' returned '0': CMAKE_PREFIX_PATH=/opt/ros/humble /usr/bin/cmake --install /home/harsh/ros2_new/build/addition_service
[0.653s] Level 1:colcon.colcon_core.environment:checking '/home/harsh/ros2_new/install/addition_service' for CMake module files
[0.654s] Level 1:colcon.colcon_core.environment:checking '/home/harsh/ros2_new/install/addition_service' for CMake config files
[0.655s] Level 1:colcon.colcon_core.shell:create_environment_hook('addition_service', 'cmake_prefix_path')
[0.655s] INFO:colcon.colcon_core.shell:Creating environment hook '/home/harsh/ros2_new/install/addition_service/share/addition_service/hook/cmake_prefix_path.ps1'
[0.656s] INFO:colcon.colcon_core.shell:Creating environment descriptor '/home/harsh/ros2_new/install/addition_service/share/addition_service/hook/cmake_prefix_path.dsv'
[0.657s] INFO:colcon.colcon_core.shell:Creating environment hook '/home/harsh/ros2_new/install/addition_service/share/addition_service/hook/cmake_prefix_path.sh'
[0.658s] Level 1:colcon.colcon_core.environment:checking '/home/harsh/ros2_new/install/addition_service/lib'
[0.658s] Level 1:colcon.colcon_core.environment:checking '/home/harsh/ros2_new/install/addition_service/bin'
[0.658s] Level 1:colcon.colcon_core.environment:checking '/home/harsh/ros2_new/install/addition_service/lib/pkgconfig/addition_service.pc'
[0.658s] Level 1:colcon.colcon_core.environment:checking '/home/harsh/ros2_new/install/addition_service/lib/python3.10/site-packages'
[0.658s] Level 1:colcon.colcon_core.environment:checking '/home/harsh/ros2_new/install/addition_service/bin'
[0.658s] INFO:colcon.colcon_core.shell:Creating package script '/home/harsh/ros2_new/install/addition_service/share/addition_service/package.ps1'
[0.659s] INFO:colcon.colcon_core.shell:Creating package descriptor '/home/harsh/ros2_new/install/addition_service/share/addition_service/package.dsv'
[0.660s] INFO:colcon.colcon_core.shell:Creating package script '/home/harsh/ros2_new/install/addition_service/share/addition_service/package.sh'
[0.661s] INFO:colcon.colcon_core.shell:Creating package script '/home/harsh/ros2_new/install/addition_service/share/addition_service/package.bash'
[0.662s] INFO:colcon.colcon_core.shell:Creating package script '/home/harsh/ros2_new/install/addition_service/share/addition_service/package.zsh'
[0.663s] Level 1:colcon.colcon_core.environment:create_file_with_runtime_dependencies(/home/harsh/ros2_new/install/addition_service/share/colcon-core/packages/addition_service)
[0.664s] Level 1:colcon.colcon_core.environment:create_environment_scripts_only(addition_service)
[0.664s] Level 1:colcon.colcon_core.environment:checking '/home/harsh/ros2_new/install/addition_service' for CMake module files
[0.664s] Level 1:colcon.colcon_core.environment:checking '/home/harsh/ros2_new/install/addition_service' for CMake config files
[0.664s] Level 1:colcon.colcon_core.shell:create_environment_hook('addition_service', 'cmake_prefix_path')
[0.664s] INFO:colcon.colcon_core.shell:Creating environment hook '/home/harsh/ros2_new/install/addition_service/share/addition_service/hook/cmake_prefix_path.ps1'
[0.665s] INFO:colcon.colcon_core.shell:Creating environment descriptor '/home/harsh/ros2_new/install/addition_service/share/addition_service/hook/cmake_prefix_path.dsv'
[0.665s] INFO:colcon.colcon_core.shell:Creating environment hook '/home/harsh/ros2_new/install/addition_service/share/addition_service/hook/cmake_prefix_path.sh'
[0.665s] Level 1:colcon.colcon_core.environment:checking '/home/harsh/ros2_new/install/addition_service/lib'
[0.665s] Level 1:colcon.colcon_core.environment:checking '/home/harsh/ros2_new/install/addition_service/bin'
[0.665s] Level 1:colcon.colcon_core.environment:checking '/home/harsh/ros2_new/install/addition_service/lib/pkgconfig/addition_service.pc'
[0.665s] Level 1:colcon.colcon_core.environment:checking '/home/harsh/ros2_new/install/addition_service/lib/python3.10/site-packages'
[0.666s] Level 1:colcon.colcon_core.environment:checking '/home/harsh/ros2_new/install/addition_service/bin'
[0.666s] INFO:colcon.colcon_core.shell:Creating package script '/home/harsh/ros2_new/install/addition_service/share/addition_service/package.ps1'
[0.666s] INFO:colcon.colcon_core.shell:Creating package descriptor '/home/harsh/ros2_new/install/addition_service/share/addition_service/package.dsv'
[0.667s] INFO:colcon.colcon_core.shell:Creating package script '/home/harsh/ros2_new/install/addition_service/share/addition_service/package.sh'
[0.667s] INFO:colcon.colcon_core.shell:Creating package script '/home/harsh/ros2_new/install/addition_service/share/addition_service/package.bash'
[0.667s] INFO:colcon.colcon_core.shell:Creating package script '/home/harsh/ros2_new/install/addition_service/share/addition_service/package.zsh'
[0.667s] Level 1:colcon.colcon_core.environment:create_file_with_runtime_dependencies(/home/harsh/ros2_new/install/addition_service/share/colcon-core/packages/addition_service)
[0.668s] Level 1:colcon.colcon_core.environment:create_environment_scripts_only(hello_world)
[0.668s] Level 1:colcon.colcon_core.environment:checking '/home/harsh/ros2_new/install/hello_world' for CMake module files
[0.669s] DEBUG:colcon.colcon_core.event_handler.log_command:Invoked command in '/home/harsh/ros2_new/build/hello_world' returned '0': CMAKE_PREFIX_PATH=/opt/ros/humble /usr/bin/cmake --install /home/harsh/ros2_new/build/hello_world
[0.669s] Level 1:colcon.colcon_core.environment:checking '/home/harsh/ros2_new/install/hello_world' for CMake config files
[0.670s] Level 1:colcon.colcon_core.shell:create_environment_hook('hello_world', 'cmake_prefix_path')
[0.670s] INFO:colcon.colcon_core.shell:Creating environment hook '/home/harsh/ros2_new/install/hello_world/share/hello_world/hook/cmake_prefix_path.ps1'
[0.670s] INFO:colcon.colcon_core.shell:Creating environment descriptor '/home/harsh/ros2_new/install/hello_world/share/hello_world/hook/cmake_prefix_path.dsv'
[0.671s] INFO:colcon.colcon_core.shell:Creating environment hook '/home/harsh/ros2_new/install/hello_world/share/hello_world/hook/cmake_prefix_path.sh'
[0.671s] Level 1:colcon.colcon_core.environment:checking '/home/harsh/ros2_new/install/hello_world/lib'
[0.671s] Level 1:colcon.colcon_core.environment:checking '/home/harsh/ros2_new/install/hello_world/bin'
[0.671s] Level 1:colcon.colcon_core.environment:checking '/home/harsh/ros2_new/install/hello_world/lib/pkgconfig/hello_world.pc'
[0.671s] Level 1:colcon.colcon_core.environment:checking '/home/harsh/ros2_new/install/hello_world/lib/python3.10/site-packages'
[0.671s] Level 1:colcon.colcon_core.environment:checking '/home/harsh/ros2_new/install/hello_world/bin'
[0.671s] INFO:colcon.colcon_core.shell:Creating package script '/home/harsh/ros2_new/install/hello_world/share/hello_world/package.ps1'
[0.672s] INFO:colcon.colcon_core.shell:Creating package descriptor '/home/harsh/ros2_new/install/hello_world/share/hello_world/package.dsv'
[0.672s] INFO:colcon.colcon_core.shell:Creating package script '/home/harsh/ros2_new/install/hello_world/share/hello_world/package.sh'
[0.672s] INFO:colcon.colcon_core.shell:Creating package script '/home/harsh/ros2_new/install/hello_world/share/hello_world/package.bash'
[0.673s] INFO:colcon.colcon_core.shell:Creating package script '/home/harsh/ros2_new/install/hello_world/share/hello_world/package.zsh'
[0.673s] Level 1:colcon.colcon_core.environment:create_file_with_runtime_dependencies(/home/harsh/ros2_new/install/hello_world/share/colcon-core/packages/hello_world)
[0.673s] Level 1:colcon.colcon_core.environment:create_environment_scripts_only(hello_world)
[0.673s] Level 1:colcon.colcon_core.environment:checking '/home/harsh/ros2_new/install/hello_world' for CMake module files
[0.674s] Level 1:colcon.colcon_core.environment:checking '/home/harsh/ros2_new/install/hello_world' for CMake config files
[0.674s] Level 1:colcon.colcon_core.shell:create_environment_hook('hello_world', 'cmake_prefix_path')
[0.674s] INFO:colcon.colcon_core.shell:Creating environment hook '/home/harsh/ros2_new/install/hello_world/share/hello_world/hook/cmake_prefix_path.ps1'
[0.674s] INFO:colcon.colcon_core.shell:Creating environment descriptor '/home/harsh/ros2_new/install/hello_world/share/hello_world/hook/cmake_prefix_path.dsv'
[0.674s] INFO:colcon.colcon_core.shell:Creating environment hook '/home/harsh/ros2_new/install/hello_world/share/hello_world/hook/cmake_prefix_path.sh'
[0.675s] Level 1:colcon.colcon_core.environment:checking '/home/harsh/ros2_new/install/hello_world/lib'
[0.675s] Level 1:colcon.colcon_core.environment:checking '/home/harsh/ros2_new/install/hello_world/bin'
[0.675s] Level 1:colcon.colcon_core.environment:checking '/home/harsh/ros2_new/install/hello_world/lib/pkgconfig/hello_world.pc'
[0.675s] Level 1:colcon.colcon_core.environment:checking '/home/harsh/ros2_new/install/hello_world/lib/python3.10/site-packages'
[0.675s] Level 1:colcon.colcon_core.environment:checking '/home/harsh/ros2_new/install/hello_world/bin'
[0.675s] INFO:colcon.colcon_core.shell:Creating package script '/home/harsh/ros2_new/install/hello_world/share/hello_world/package.ps1'
[0.676s] INFO:colcon.colcon_core.shell:Creating package descriptor '/home/harsh/ros2_new/install/hello_world/share/hello_world/package.dsv'
[0.676s] INFO:colcon.colcon_core.shell:Creating package script '/home/harsh/ros2_new/install/hello_world/share/hello_world/package.sh'
[0.676s] INFO:colcon.colcon_core.shell:Creating package script '/home/harsh/ros2_new/install/hello_world/share/hello_world/package.bash'
[0.677s] INFO:colcon.colcon_core.shell:Creating package script '/home/harsh/ros2_new/install/hello_world/share/hello_world/package.zsh'
[0.677s] Level 1:colcon.colcon_core.environment:create_file_with_runtime_dependencies(/home/harsh/ros2_new/install/hello_world/share/colcon-core/packages/hello_world)
[1.564s] DEBUG:colcon.colcon_core.event_handler.log_command:Invoked command in '/home/harsh/ros2_new/build/my_new_package' returned '0': CMAKE_PREFIX_PATH=/opt/ros/humble /usr/bin/cmake /home/harsh/ros2_new/src/my_new_package -DCMAKE_INSTALL_PREFIX=/home/harsh/ros2_new/install/my_new_package
[1.566s] DEBUG:colcon.colcon_core.event_handler.log_command:Invoking command in '/home/harsh/ros2_new/build/my_new_package': CMAKE_PREFIX_PATH=/opt/ros/humble /usr/bin/cmake --build /home/harsh/ros2_new/build/my_new_package -- -j16 -l16
[3.907s] DEBUG:colcon.colcon_core.event_handler.log_command:Invoked command in '/home/harsh/ros2_new/build/my_new_package' returned '0': CMAKE_PREFIX_PATH=/opt/ros/humble /usr/bin/cmake --build /home/harsh/ros2_new/build/my_new_package -- -j16 -l16
[3.908s] DEBUG:colcon.colcon_core.event_handler.log_command:Invoking command in '/home/harsh/ros2_new/build/my_new_package': CMAKE_PREFIX_PATH=/opt/ros/humble /usr/bin/cmake --install /home/harsh/ros2_new/build/my_new_package
[3.918s] Level 1:colcon.colcon_core.environment:create_environment_scripts_only(my_new_package)
[3.918s] Level 1:colcon.colcon_core.environment:checking '/home/harsh/ros2_new/install/my_new_package' for CMake module files
[3.919s] DEBUG:colcon.colcon_core.event_handler.log_command:Invoked command in '/home/harsh/ros2_new/build/my_new_package' returned '0': CMAKE_PREFIX_PATH=/opt/ros/humble /usr/bin/cmake --install /home/harsh/ros2_new/build/my_new_package
[3.919s] Level 1:colcon.colcon_core.environment:checking '/home/harsh/ros2_new/install/my_new_package' for CMake config files
[3.919s] Level 1:colcon.colcon_core.shell:create_environment_hook('my_new_package', 'cmake_prefix_path')
[3.920s] INFO:colcon.colcon_core.shell:Creating environment hook '/home/harsh/ros2_new/install/my_new_package/share/my_new_package/hook/cmake_prefix_path.ps1'
[3.920s] INFO:colcon.colcon_core.shell:Creating environment descriptor '/home/harsh/ros2_new/install/my_new_package/share/my_new_package/hook/cmake_prefix_path.dsv'
[3.920s] INFO:colcon.colcon_core.shell:Creating environment hook '/home/harsh/ros2_new/install/my_new_package/share/my_new_package/hook/cmake_prefix_path.sh'
[3.921s] Level 1:colcon.colcon_core.environment:checking '/home/harsh/ros2_new/install/my_new_package/lib'
[3.921s] Level 1:colcon.colcon_core.environment:checking '/home/harsh/ros2_new/install/my_new_package/bin'
[3.921s] Level 1:colcon.colcon_core.environment:checking '/home/harsh/ros2_new/install/my_new_package/lib/pkgconfig/my_new_package.pc'
[3.921s] Level 1:colcon.colcon_core.environment:checking '/home/harsh/ros2_new/install/my_new_package/lib/python3.10/site-packages'
[3.921s] Level 1:colcon.colcon_core.environment:checking '/home/harsh/ros2_new/install/my_new_package/bin'
[3.921s] INFO:colcon.colcon_core.shell:Creating package script '/home/harsh/ros2_new/install/my_new_package/share/my_new_package/package.ps1'
[3.921s] INFO:colcon.colcon_core.shell:Creating package descriptor '/home/harsh/ros2_new/install/my_new_package/share/my_new_package/package.dsv'
[3.922s] INFO:colcon.colcon_core.shell:Creating package script '/home/harsh/ros2_new/install/my_new_package/share/my_new_package/package.sh'
[3.922s] INFO:colcon.colcon_core.shell:Creating package script '/home/harsh/ros2_new/install/my_new_package/share/my_new_package/package.bash'
[3.922s] INFO:colcon.colcon_core.shell:Creating package script '/home/harsh/ros2_new/install/my_new_package/share/my_new_package/package.zsh'
[3.922s] Level 1:colcon.colcon_core.environment:create_file_with_runtime_dependencies(/home/harsh/ros2_new/install/my_new_package/share/colcon-core/packages/my_new_package)
[3.923s] Level 1:colcon.colcon_core.environment:create_environment_scripts_only(my_new_package)
[3.923s] Level 1:colcon.colcon_core.environment:checking '/home/harsh/ros2_new/install/my_new_package' for CMake module files
[3.923s] Level 1:colcon.colcon_core.environment:checking '/home/harsh/ros2_new/install/my_new_package' for CMake config files
[3.923s] Level 1:colcon.colcon_core.shell:create_environment_hook('my_new_package', 'cmake_prefix_path')
[3.923s] INFO:colcon.colcon_core.shell:Creating environment hook '/home/harsh/ros2_new/install/my_new_package/share/my_new_package/hook/cmake_prefix_path.ps1'
[3.924s] INFO:colcon.colcon_core.shell:Creating environment descriptor '/home/harsh/ros2_new/install/my_new_package/share/my_new_package/hook/cmake_prefix_path.dsv'
[3.924s] INFO:colcon.colcon_core.shell:Creating environment hook '/home/harsh/ros2_new/install/my_new_package/share/my_new_package/hook/cmake_prefix_path.sh'
[3.924s] Level 1:colcon.colcon_core.environment:checking '/home/harsh/ros2_new/install/my_new_package/lib'
[3.924s] Level 1:colcon.colcon_core.environment:checking '/home/harsh/ros2_new/install/my_new_package/bin'
[3.924s] Level 1:colcon.colcon_core.environment:checking '/home/harsh/ros2_new/install/my_new_package/lib/pkgconfig/my_new_package.pc'
[3.925s] Level 1:colcon.colcon_core.environment:checking '/home/harsh/ros2_new/install/my_new_package/lib/python3.10/site-packages'
[3.925s] Level 1:colcon.colcon_core.environment:checking '/home/harsh/ros2_new/install/my_new_package/bin'
[3.925s] INFO:colcon.colcon_core.shell:Creating package script '/home/harsh/ros2_new/install/my_new_package/share/my_new_package/package.ps1'
[3.925s] INFO:colcon.colcon_core.shell:Creating package descriptor '/home/harsh/ros2_new/install/my_new_package/share/my_new_package/package.dsv'
[3.925s] INFO:colcon.colcon_core.shell:Creating package script '/home/harsh/ros2_new/install/my_new_package/share/my_new_package/package.sh'
[3.926s] INFO:colcon.colcon_core.shell:Creating package script '/home/harsh/ros2_new/install/my_new_package/share/my_new_package/package.bash'
[3.926s] INFO:colcon.colcon_core.shell:Creating package script '/home/harsh/ros2_new/install/my_new_package/share/my_new_package/package.zsh'
[3.926s] Level 1:colcon.colcon_core.environment:create_file_with_runtime_dependencies(/home/harsh/ros2_new/install/my_new_package/share/colcon-core/packages/my_new_package)
[3.926s] DEBUG:colcon.colcon_parallel_executor.executor.parallel:closing loop
[3.927s] DEBUG:colcon.colcon_parallel_executor.executor.parallel:loop closed
[3.927s] DEBUG:colcon.colcon_parallel_executor.executor.parallel:run_until_complete finished with '0'
[3.927s] DEBUG:colcon.colcon_core.event_reactor:joining thread
[3.932s] INFO:colcon.colcon_core.plugin_system:Skipping extension 'colcon_notification.desktop_notification.terminal_notifier': Not used on non-Darwin systems
[3.932s] INFO:colcon.colcon_core.plugin_system:Skipping extension 'colcon_notification.desktop_notification.win32': Not used on non-Windows systems
[3.932s] INFO:colcon.colcon_notification.desktop_notification:Sending desktop notification using 'notify2'
[3.948s] DEBUG:colcon.colcon_core.event_reactor:joined thread
[3.949s] INFO:colcon.colcon_core.shell:Creating prefix script '/home/harsh/ros2_new/install/local_setup.ps1'
[3.950s] INFO:colcon.colcon_core.shell:Creating prefix util module '/home/harsh/ros2_new/install/_local_setup_util_ps1.py'
[3.951s] INFO:colcon.colcon_core.shell:Creating prefix chain script '/home/harsh/ros2_new/install/setup.ps1'
[3.952s] INFO:colcon.colcon_core.shell:Creating prefix script '/home/harsh/ros2_new/install/local_setup.sh'
[3.953s] INFO:colcon.colcon_core.shell:Creating prefix util module '/home/harsh/ros2_new/install/_local_setup_util_sh.py'
[3.954s] INFO:colcon.colcon_core.shell:Creating prefix chain script '/home/harsh/ros2_new/install/setup.sh'
[3.955s] INFO:colcon.colcon_core.shell:Creating prefix script '/home/harsh/ros2_new/install/local_setup.bash'
[3.955s] INFO:colcon.colcon_core.shell:Creating prefix chain script '/home/harsh/ros2_new/install/setup.bash'
[3.956s] INFO:colcon.colcon_core.shell:Creating prefix script '/home/harsh/ros2_new/install/local_setup.zsh'
[3.957s] INFO:colcon.colcon_core.shell:Creating prefix chain script '/home/harsh/ros2_new/install/setup.zsh'
