[0.016s] Invoking command in '/home/harsh/rover_project/build/mobile_robot': CMAKE_PREFIX_PATH=${CMAKE_PREFIX_PATH}:/opt/ros/humble /usr/bin/cmake --build /home/harsh/rover_project/build/mobile_robot -- -j8 -l8
[0.082s] [35m[1mConsolidate compiler generated dependencies of target rover_control_node[0m
[0.100s] [ 66%] Built target coordinate_input_node
[0.100s] [ 66%] Built target gps_subscriber
[0.108s] [100%] Built target rover_control_node
[0.127s] Invoked command in '/home/harsh/rover_project/build/mobile_robot' returned '0': CMAKE_PREFIX_PATH=${CMAKE_PREFIX_PATH}:/opt/ros/humble /usr/bin/cmake --build /home/harsh/rover_project/build/mobile_robot -- -j8 -l8
[0.144s] Invoking command in '/home/harsh/rover_project/build/mobile_robot': CMAKE_PREFIX_PATH=${CMAKE_PREFIX_PATH}:/opt/ros/humble /usr/bin/cmake --install /home/harsh/rover_project/build/mobile_robot
[0.154s] -- Install configuration: ""
[0.154s] -- Up-to-date: /home/harsh/rover_project/install/mobile_robot/lib/mobile_robot/coordinate_input_node
[0.154s] -- Up-to-date: /home/harsh/rover_project/install/mobile_robot/lib/mobile_robot/gps_subscriber
[0.154s] -- Up-to-date: /home/harsh/rover_project/install/mobile_robot/lib/mobile_robot/rover_control_node
[0.154s] -- Up-to-date: /home/harsh/rover_project/install/mobile_robot/share/mobile_robot/launch
[0.156s] -- Up-to-date: /home/harsh/rover_project/install/mobile_robot/share/mobile_robot/launch/gazebo_launch.py
[0.156s] -- Up-to-date: /home/harsh/rover_project/install/mobile_robot/share/mobile_robot/launch/coordinate_input_launch.py
[0.156s] -- Up-to-date: /home/harsh/rover_project/install/mobile_robot/share/mobile_robot/model
[0.156s] -- Up-to-date: /home/harsh/rover_project/install/mobile_robot/share/mobile_robot/model/rover.xacro
[0.156s] -- Up-to-date: /home/harsh/rover_project/install/mobile_robot/share/mobile_robot/model/rover.gazebo
[0.156s] -- Up-to-date: /home/harsh/rover_project/install/mobile_robot/share/mobile_robot/model/world.world
[0.156s] -- Up-to-date: /home/harsh/rover_project/install/mobile_robot/install/mobile_robot/launch
[0.156s] -- Up-to-date: /home/harsh/rover_project/install/mobile_robot/install/mobile_robot/launch/gazebo_launch.py
[0.156s] -- Up-to-date: /home/harsh/rover_project/install/mobile_robot/install/mobile_robot/launch/coordinate_input_launch.py
[0.156s] -- Up-to-date: /home/harsh/rover_project/install/mobile_robot/install/mobile_robot/model
[0.156s] -- Up-to-date: /home/harsh/rover_project/install/mobile_robot/install/mobile_robot/model/rover.xacro
[0.156s] -- Up-to-date: /home/harsh/rover_project/install/mobile_robot/install/mobile_robot/model/rover.gazebo
[0.157s] -- Up-to-date: /home/harsh/rover_project/install/mobile_robot/install/mobile_robot/model/world.world
[0.157s] -- Up-to-date: /home/harsh/rover_project/install/mobile_robot/share/ament_index/resource_index/package_run_dependencies/mobile_robot
[0.157s] -- Up-to-date: /home/harsh/rover_project/install/mobile_robot/share/ament_index/resource_index/parent_prefix_path/mobile_robot
[0.157s] -- Up-to-date: /home/harsh/rover_project/install/mobile_robot/share/mobile_robot/environment/ament_prefix_path.sh
[0.157s] -- Up-to-date: /home/harsh/rover_project/install/mobile_robot/share/mobile_robot/environment/ament_prefix_path.dsv
[0.157s] -- Up-to-date: /home/harsh/rover_project/install/mobile_robot/share/mobile_robot/environment/path.sh
[0.157s] -- Up-to-date: /home/harsh/rover_project/install/mobile_robot/share/mobile_robot/environment/path.dsv
[0.157s] -- Up-to-date: /home/harsh/rover_project/install/mobile_robot/share/mobile_robot/local_setup.bash
[0.157s] -- Up-to-date: /home/harsh/rover_project/install/mobile_robot/share/mobile_robot/local_setup.sh
[0.157s] -- Up-to-date: /home/harsh/rover_project/install/mobile_robot/share/mobile_robot/local_setup.zsh
[0.157s] -- Up-to-date: /home/harsh/rover_project/install/mobile_robot/share/mobile_robot/local_setup.dsv
[0.157s] -- Installing: /home/harsh/rover_project/install/mobile_robot/share/mobile_robot/package.dsv
[0.157s] -- Up-to-date: /home/harsh/rover_project/install/mobile_robot/share/ament_index/resource_index/packages/mobile_robot
[0.157s] -- Up-to-date: /home/harsh/rover_project/install/mobile_robot/share/mobile_robot/cmake/mobile_robotConfig.cmake
[0.157s] -- Up-to-date: /home/harsh/rover_project/install/mobile_robot/share/mobile_robot/cmake/mobile_robotConfig-version.cmake
[0.157s] -- Up-to-date: /home/harsh/rover_project/install/mobile_robot/share/mobile_robot/package.xml
[0.161s] Invoked command in '/home/harsh/rover_project/build/mobile_robot' returned '0': CMAKE_PREFIX_PATH=${CMAKE_PREFIX_PATH}:/opt/ros/humble /usr/bin/cmake --install /home/harsh/rover_project/build/mobile_robot
