[0.008s] Invoking command in '/home/harsh/ros2_new/build/hello_world': CMAKE_PREFIX_PATH=${CMAKE_PREFIX_PATH}:/opt/ros/humble /usr/bin/cmake --build /home/harsh/ros2_new/build/hello_world -- -j16 -l16
[0.029s] -- Found ament_cmake: 1.3.10 (/opt/ros/humble/share/ament_cmake/cmake)
[0.113s] -- Found rclcpp: 16.0.10 (/opt/ros/humble/share/rclcpp/cmake)
[0.132s] -- Found rosidl_generator_c: 3.1.5 (/opt/ros/humble/share/rosidl_generator_c/cmake)
[0.133s] -- Found rosidl_adapter: 3.1.5 (/opt/ros/humble/share/rosidl_adapter/cmake)
[0.138s] -- Found rosidl_generator_cpp: 3.1.5 (/opt/ros/humble/share/rosidl_generator_cpp/cmake)
[0.143s] -- Using all available rosidl_typesupport_c: rosidl_typesupport_fastrtps_c;rosidl_typesupport_introspection_c
[0.151s] -- Using all available rosidl_typesupport_cpp: rosidl_typesupport_fastrtps_cpp;rosidl_typesupport_introspection_cpp
[0.172s] -- Found rmw_implementation_cmake: 6.1.2 (/opt/ros/humble/share/rmw_implementation_cmake/cmake)
[0.173s] -- Found rmw_fastrtps_cpp: 6.2.7 (/opt/ros/humble/share/rmw_fastrtps_cpp/cmake)
[0.250s] -- Using RMW implementation 'rmw_fastrtps_cpp' as default
[0.281s] -- Found ament_lint_auto: 0.12.11 (/opt/ros/humble/share/ament_lint_auto/cmake)
[0.326s] -- Added test 'cppcheck' to perform static code analysis on C / C++ code
[0.326s] -- Configured cppcheck include dirs: 
[0.326s] -- Configured cppcheck exclude dirs and/or files: 
[0.326s] -- Added test 'lint_cmake' to check CMake code style
[0.327s] -- Added test 'uncrustify' to check C / C++ code style
[0.327s] -- Configured uncrustify additional arguments: 
[0.327s] -- Added test 'xmllint' to check XML markup files
[0.328s] -- Configuring done
[0.330s] [31mCMake Error at CMakeLists.txt:12 (add_executable):
[0.330s]   Cannot find source file:
[0.330s] 
[0.330s]     src/invectory_math.cpp
[0.330s] 
[0.330s]   Tried extensions .c .C .c++ .cc .cpp .cxx .cu .mpp .m .M .mm .ixx .cppm .h
[0.330s]   .hh .h++ .hm .hpp .hxx .in .txx .f .F .for .f77 .f90 .f95 .f03 .hip .ispc
[0.331s] 
[0.331s] [0m
[0.331s] [31mCMake Error at CMakeLists.txt:12 (add_executable):
[0.331s]   No SOURCES given to target: hello_node
[0.331s] 
[0.331s] [0m
[0.331s] [0mCMake Generate step failed.  Build files cannot be regenerated correctly.[0m
[0.336s] gmake: *** [Makefile:267: cmake_check_build_system] Error 1
[0.339s] Invoked command in '/home/harsh/ros2_new/build/hello_world' returned '2': CMAKE_PREFIX_PATH=${CMAKE_PREFIX_PATH}:/opt/ros/humble /usr/bin/cmake --build /home/harsh/ros2_new/build/hello_world -- -j16 -l16
