[0.012s] Invoking command in '/home/harsh/rover_project/build/mobile_robot': CMAKE_PREFIX_PATH=${CMAKE_PREFIX_PATH}:/opt/ros/humble /usr/bin/cmake --build /home/harsh/rover_project/build/mobile_robot -- -j8 -l8
[0.042s] -- Found ament_cmake: 1.3.11 (/opt/ros/humble/share/ament_cmake/cmake)
[0.161s] -- Found rclcpp: 16.0.11 (/opt/ros/humble/share/rclcpp/cmake)
[0.185s] -- Found rosidl_generator_c: 3.1.6 (/opt/ros/humble/share/rosidl_generator_c/cmake)
[0.187s] -- Found rosidl_adapter: 3.1.6 (/opt/ros/humble/share/rosidl_adapter/cmake)
[0.193s] -- Found rosidl_generator_cpp: 3.1.6 (/opt/ros/humble/share/rosidl_generator_cpp/cmake)
[0.200s] -- Using all available rosidl_typesupport_c: rosidl_typesupport_fastrtps_c;rosidl_typesupport_introspection_c
[0.210s] -- Using all available rosidl_typesupport_cpp: rosidl_typesupport_fastrtps_cpp;rosidl_typesupport_introspection_cpp
[0.236s] -- Found rmw_implementation_cmake: 6.1.2 (/opt/ros/humble/share/rmw_implementation_cmake/cmake)
[0.237s] -- Found rmw_fastrtps_cpp: 6.2.7 (/opt/ros/humble/share/rmw_fastrtps_cpp/cmake)
[0.344s] -- Using RMW implementation 'rmw_fastrtps_cpp' as default
[0.395s] [31mCMake Error at CMakeLists.txt:11 (find_package):
[0.395s]   By not providing "FindGeographicLib.cmake" in CMAKE_MODULE_PATH this
[0.395s]   project has asked CMake to find a package configuration file provided by
[0.395s]   "GeographicLib", but CMake did not find one.
[0.395s] 
[0.395s]   Could not find a package configuration file provided by "GeographicLib"
[0.395s]   with any of the following names:
[0.395s] 
[0.395s]     GeographicLibConfig.cmake
[0.395s]     geographiclib-config.cmake
[0.395s] 
[0.395s]   Add the installation prefix of "GeographicLib" to CMAKE_PREFIX_PATH or set
[0.395s]   "GeographicLib_DIR" to a directory containing one of the above files.  If
[0.395s]   "GeographicLib" provides a separate development package or SDK, be sure it
[0.395s]   has been installed.
[0.395s] 
[0.395s] [0m
[0.395s] -- Configuring incomplete, errors occurred!
[0.395s] See also "/home/harsh/rover_project/build/mobile_robot/CMakeFiles/CMakeOutput.log".
[0.402s] gmake: *** [Makefile:267: cmake_check_build_system] Error 1
[0.405s] Invoked command in '/home/harsh/rover_project/build/mobile_robot' returned '2': CMAKE_PREFIX_PATH=${CMAKE_PREFIX_PATH}:/opt/ros/humble /usr/bin/cmake --build /home/harsh/rover_project/build/mobile_robot -- -j8 -l8
