[0.021s] Invoking command in '/home/harsh/rover_project/build/mobile_robot': CMAKE_PREFIX_PATH=/opt/ros/humble /usr/bin/cmake /home/harsh/rover_project/src/mobile_robot -DCMAKE_INSTALL_PREFIX=/home/harsh/rover_project/install/mobile_robot
[0.368s] -- The C compiler identification is GNU 11.4.0
[0.601s] -- The CXX compiler identification is GNU 11.4.0
[0.631s] -- Detecting C compiler ABI info
[0.813s] -- Detecting C compiler ABI info - done
[0.825s] -- Check for working C compiler: /usr/bin/cc - skipped
[0.827s] -- Detecting C compile features
[0.830s] -- Detecting C compile features - done
[0.839s] -- Detecting CXX compiler ABI info
[1.009s] -- Detecting CXX compiler ABI info - done
[1.023s] -- Check for working CXX compiler: /usr/bin/c++ - skipped
[1.025s] -- Detecting CXX compile features
[1.025s] -- Detecting CXX compile features - done
[1.063s] -- Found ament_cmake: 1.3.11 (/opt/ros/humble/share/ament_cmake/cmake)
[1.355s] -- Found Python3: /usr/bin/python3 (found version "3.10.12") found components: Interpreter 
[1.572s] -- Found ament_lint_auto: 0.12.11 (/opt/ros/humble/share/ament_lint_auto/cmake)
[1.731s] -- Added test 'lint_cmake' to check CMake code style
[1.735s] -- Added test 'xmllint' to check XML markup files
[1.739s] -- Configuring done
[1.746s] -- Generating done
[1.752s] -- Build files have been written to: /home/harsh/rover_project/build/mobile_robot
[1.764s] Invoked command in '/home/harsh/rover_project/build/mobile_robot' returned '0': CMAKE_PREFIX_PATH=/opt/ros/humble /usr/bin/cmake /home/harsh/rover_project/src/mobile_robot -DCMAKE_INSTALL_PREFIX=/home/harsh/rover_project/install/mobile_robot
[1.769s] Invoking command in '/home/harsh/rover_project/build/mobile_robot': CMAKE_PREFIX_PATH=/opt/ros/humble /usr/bin/cmake --build /home/harsh/rover_project/build/mobile_robot -- -j2 -l2
[1.851s] Invoked command in '/home/harsh/rover_project/build/mobile_robot' returned '0': CMAKE_PREFIX_PATH=/opt/ros/humble /usr/bin/cmake --build /home/harsh/rover_project/build/mobile_robot -- -j2 -l2
[1.873s] Invoking command in '/home/harsh/rover_project/build/mobile_robot': CMAKE_PREFIX_PATH=/opt/ros/humble /usr/bin/cmake --install /home/harsh/rover_project/build/mobile_robot
[1.887s] -- Install configuration: ""
[1.887s] -- Installing: /home/harsh/rover_project/install/mobile_robot/share/ament_index/resource_index/package_run_dependencies/mobile_robot
[1.889s] -- Installing: /home/harsh/rover_project/install/mobile_robot/share/ament_index/resource_index/parent_prefix_path/mobile_robot
[1.889s] -- Installing: /home/harsh/rover_project/install/mobile_robot/share/mobile_robot/environment/ament_prefix_path.sh
[1.889s] -- Installing: /home/harsh/rover_project/install/mobile_robot/share/mobile_robot/environment/ament_prefix_path.dsv
[1.889s] -- Installing: /home/harsh/rover_project/install/mobile_robot/share/mobile_robot/environment/path.sh
[1.889s] -- Installing: /home/harsh/rover_project/install/mobile_robot/share/mobile_robot/environment/path.dsv
[1.890s] -- Installing: /home/harsh/rover_project/install/mobile_robot/share/mobile_robot/local_setup.bash
[1.890s] -- Installing: /home/harsh/rover_project/install/mobile_robot/share/mobile_robot/local_setup.sh
[1.891s] -- Installing: /home/harsh/rover_project/install/mobile_robot/share/mobile_robot/local_setup.zsh
[1.891s] -- Installing: /home/harsh/rover_project/install/mobile_robot/share/mobile_robot/local_setup.dsv
[1.891s] -- Installing: /home/harsh/rover_project/install/mobile_robot/share/mobile_robot/package.dsv
[1.892s] -- Installing: /home/harsh/rover_project/install/mobile_robot/share/ament_index/resource_index/packages/mobile_robot
[1.892s] -- Installing: /home/harsh/rover_project/install/mobile_robot/share/mobile_robot/cmake/mobile_robotConfig.cmake
[1.892s] -- Installing: /home/harsh/rover_project/install/mobile_robot/share/mobile_robot/cmake/mobile_robotConfig-version.cmake
[1.893s] -- Installing: /home/harsh/rover_project/install/mobile_robot/share/mobile_robot/package.xml
[1.897s] Invoked command in '/home/harsh/rover_project/build/mobile_robot' returned '0': CMAKE_PREFIX_PATH=/opt/ros/humble /usr/bin/cmake --install /home/harsh/rover_project/build/mobile_robot
