[0.015s] Invoking command in '/home/harsh/rover_project/build/mobile_robot': CMAKE_PREFIX_PATH=${CMAKE_PREFIX_PATH}:/opt/ros/humble /usr/bin/cmake --build /home/harsh/rover_project/build/mobile_robot -- -j8 -l8
[0.043s] -- Found ament_cmake: 1.3.11 (/opt/ros/humble/share/ament_cmake/cmake)
[0.174s] -- Found rclcpp: 16.0.11 (/opt/ros/humble/share/rclcpp/cmake)
[0.201s] -- Found rosidl_generator_c: 3.1.6 (/opt/ros/humble/share/rosidl_generator_c/cmake)
[0.204s] -- Found rosidl_adapter: 3.1.6 (/opt/ros/humble/share/rosidl_adapter/cmake)
[0.208s] -- Found rosidl_generator_cpp: 3.1.6 (/opt/ros/humble/share/rosidl_generator_cpp/cmake)
[0.217s] -- Using all available rosidl_typesupport_c: rosidl_typesupport_fastrtps_c;rosidl_typesupport_introspection_c
[0.227s] -- Using all available rosidl_typesupport_cpp: rosidl_typesupport_fastrtps_cpp;rosidl_typesupport_introspection_cpp
[0.254s] -- Found rmw_implementation_cmake: 6.1.2 (/opt/ros/humble/share/rmw_implementation_cmake/cmake)
[0.255s] -- Found rmw_fastrtps_cpp: 6.2.7 (/opt/ros/humble/share/rmw_fastrtps_cpp/cmake)
[0.363s] -- Using RMW implementation 'rmw_fastrtps_cpp' as default
[0.413s] [31mCMake Error at CMakeLists.txt:11 (find_package):
[0.413s]   By not providing "FindGeographicLib.cmake" in CMAKE_MODULE_PATH this
[0.413s]   project has asked CMake to find a package configuration file provided by
[0.413s]   "GeographicLib", but CMake did not find one.
[0.413s] 
[0.413s]   Could not find a package configuration file provided by "GeographicLib"
[0.413s]   with any of the following names:
[0.413s] 
[0.413s]     GeographicLibConfig.cmake
[0.413s]     geographiclib-config.cmake
[0.413s] 
[0.413s]   Add the installation prefix of "GeographicLib" to CMAKE_PREFIX_PATH or set
[0.414s]   "GeographicLib_DIR" to a directory containing one of the above files.  If
[0.414s]   "GeographicLib" provides a separate development package or SDK, be sure it
[0.414s]   has been installed.
[0.414s] 
[0.414s] [0m
[0.414s] -- Configuring incomplete, errors occurred!
[0.414s] See also "/home/harsh/rover_project/build/mobile_robot/CMakeFiles/CMakeOutput.log".
[0.421s] gmake: *** [Makefile:267: cmake_check_build_system] Error 1
[0.425s] Invoked command in '/home/harsh/rover_project/build/mobile_robot' returned '2': CMAKE_PREFIX_PATH=${CMAKE_PREFIX_PATH}:/opt/ros/humble /usr/bin/cmake --build /home/harsh/rover_project/build/mobile_robot -- -j8 -l8
