[  8%] Built target cashier_system__cpp
[ 10%] Built target cashier_system__rosidl_generator_c
[ 10%] Built target ament_cmake_python_copy_cashier_system
[ 29%] Built target cashier_system__rosidl_typesupport_introspection_c
[ 37%] Built target cashier_system__rosidl_typesupport_cpp
[ 40%] Built target cashier_system__rosidl_typesupport_fastrtps_c
[ 43%] Built target cashier_system__rosidl_typesupport_fastrtps_cpp
[ 51%] Built target cashier_system__rosidl_typesupport_c
[ 59%] Built target cashier_system__rosidl_typesupport_introspection_cpp
[35m[1mConsolidate compiler generated dependencies of target bill_publisher_node[0m
[ 64%] Built target bill_listener_node
[ 70%] Built target cashier_node
[ 72%] [32mBuilding CXX object CMakeFiles/bill_publisher_node.dir/src/bill_publisher_node.cpp.o[0m
[ 72%] Built target cashier_system
[ 75%] Built target cashier_system__py
[ 81%] Built target cashier_system__rosidl_generator_py
[ 86%] Built target cashier_system__rosidl_typesupport_fastrtps_c__pyext
[ 97%] Built target cashier_system__rosidl_typesupport_introspection_c__pyext
[ 97%] Built target cashier_system__rosidl_typesupport_c__pyext
running egg_info
writing cashier_system.egg-info/PKG-INFO
writing dependency_links to cashier_system.egg-info/dependency_links.txt
writing top-level names to cashier_system.egg-info/top_level.txt
reading manifest file 'cashier_system.egg-info/SOURCES.txt'
writing manifest file 'cashier_system.egg-info/SOURCES.txt'
[ 97%] Built target ament_cmake_python_build_cashier_system_egg
In file included from [01m[K/opt/ros/humble/include/rclcpp/rclcpp/logging.hpp:24[m[K,
                 from [01m[K/opt/ros/humble/include/rclcpp/rclcpp/client.hpp:40[m[K,
                 from [01m[K/opt/ros/humble/include/rclcpp/rclcpp/callback_group.hpp:24[m[K,
                 from [01m[K/opt/ros/humble/include/rclcpp/rclcpp/any_executable.hpp:20[m[K,
                 from [01m[K/opt/ros/humble/include/rclcpp/rclcpp/memory_strategy.hpp:25[m[K,
                 from [01m[K/opt/ros/humble/include/rclcpp/rclcpp/memory_strategies.hpp:18[m[K,
                 from [01m[K/opt/ros/humble/include/rclcpp/rclcpp/executor_options.hpp:20[m[K,
                 from [01m[K/opt/ros/humble/include/rclcpp/rclcpp/executor.hpp:37[m[K,
                 from [01m[K/opt/ros/humble/include/rclcpp/rclcpp/executors/multi_threaded_executor.hpp:25[m[K,
                 from [01m[K/opt/ros/humble/include/rclcpp/rclcpp/executors.hpp:21[m[K,
                 from [01m[K/opt/ros/humble/include/rclcpp/rclcpp/rclcpp.hpp:155[m[K,
                 from [01m[K/home/harsh/ros2_new/src/cashier_system/src/bill_publisher_node.cpp:1[m[K:
[01m[K/home/harsh/ros2_new/src/cashier_system/src/bill_publisher_node.cpp:[m[K In member function ‘[01m[Kvoid BillPublisherNode::publishBill()[m[K’:
[01m[K/home/harsh/ros2_new/src/cashier_system/src/bill_publisher_node.cpp:36:32:[m[K [01;31m[Kerror: [m[K‘[01m[Kusing _timestamp_type = struct builtin_interfaces::msg::Time_<std::allocator<void> >[m[K’ {aka ‘[01m[Kstruct builtin_interfaces::msg::Time_<std::allocator<void> >[m[K’} has no member named ‘[01m[Kseconds[m[K’
   36 |                 bill.timestamp.[01;31m[Kseconds[m[K(), quantity_);
      |                                [01;31m[K^~~~~~~[m[K
gmake[2]: *** [CMakeFiles/bill_publisher_node.dir/build.make:76: CMakeFiles/bill_publisher_node.dir/src/bill_publisher_node.cpp.o] Error 1
gmake[1]: *** [CMakeFiles/Makefile2:597: CMakeFiles/bill_publisher_node.dir/all] Error 2
gmake: *** [Makefile:146: all] Error 2
