[35m[1mConsolidate compiler generated dependencies of target client[0m
[35m[1mConsolidate compiler generated dependencies of target server[0m
[100%] Built target client
[100%] Built target server
-- Install configuration: ""
-- Up-to-date: /home/harsh/ros2_new/install/addition_service/lib/addition_service/server
-- Up-to-date: /home/harsh/ros2_new/install/addition_service/lib/addition_service/client
-- Up-to-date: /home/harsh/ros2_new/install/addition_service/share/ament_index/resource_index/package_run_dependencies/addition_service
-- Up-to-date: /home/harsh/ros2_new/install/addition_service/share/ament_index/resource_index/parent_prefix_path/addition_service
-- Up-to-date: /home/harsh/ros2_new/install/addition_service/share/addition_service/environment/ament_prefix_path.sh
-- Up-to-date: /home/harsh/ros2_new/install/addition_service/share/addition_service/environment/ament_prefix_path.dsv
-- Up-to-date: /home/harsh/ros2_new/install/addition_service/share/addition_service/environment/path.sh
-- Up-to-date: /home/harsh/ros2_new/install/addition_service/share/addition_service/environment/path.dsv
-- Up-to-date: /home/harsh/ros2_new/install/addition_service/share/addition_service/local_setup.bash
-- Up-to-date: /home/harsh/ros2_new/install/addition_service/share/addition_service/local_setup.sh
-- Up-to-date: /home/harsh/ros2_new/install/addition_service/share/addition_service/local_setup.zsh
-- Up-to-date: /home/harsh/ros2_new/install/addition_service/share/addition_service/local_setup.dsv
-- Installing: /home/harsh/ros2_new/install/addition_service/share/addition_service/package.dsv
-- Up-to-date: /home/harsh/ros2_new/install/addition_service/share/ament_index/resource_index/packages/addition_service
-- Up-to-date: /home/harsh/ros2_new/install/addition_service/share/addition_service/cmake/addition_serviceConfig.cmake
-- Up-to-date: /home/harsh/ros2_new/install/addition_service/share/addition_service/cmake/addition_serviceConfig-version.cmake
-- Up-to-date: /home/harsh/ros2_new/install/addition_service/share/addition_service/package.xml
