[0.014s] Invoking command in '/home/harsh/ros2_new/build/addition_service': CMAKE_PREFIX_PATH=/opt/ros/humble /usr/bin/cmake --build /home/harsh/ros2_new/build/addition_service -- -j16 -l16
[0.096s] [35m[1mConsolidate compiler generated dependencies of target client[0m
[0.096s] [35m[1mConsolidate compiler generated dependencies of target server[0m
[0.130s] [100%] Built target client
[0.130s] [100%] Built target server
[0.140s] Invoked command in '/home/harsh/ros2_new/build/addition_service' returned '0': CMAKE_PREFIX_PATH=/opt/ros/humble /usr/bin/cmake --build /home/harsh/ros2_new/build/addition_service -- -j16 -l16
[0.150s] Invoking command in '/home/harsh/ros2_new/build/addition_service': CMAKE_PREFIX_PATH=/opt/ros/humble /usr/bin/cmake --install /home/harsh/ros2_new/build/addition_service
[0.157s] -- Install configuration: ""
[0.158s] -- Up-to-date: /home/harsh/ros2_new/install/addition_service/lib/addition_service/server
[0.159s] -- Up-to-date: /home/harsh/ros2_new/install/addition_service/lib/addition_service/client
[0.161s] -- Up-to-date: /home/harsh/ros2_new/install/addition_service/share/ament_index/resource_index/package_run_dependencies/addition_service
[0.161s] -- Up-to-date: /home/harsh/ros2_new/install/addition_service/share/ament_index/resource_index/parent_prefix_path/addition_service
[0.162s] -- Up-to-date: /home/harsh/ros2_new/install/addition_service/share/addition_service/environment/ament_prefix_path.sh
[0.162s] -- Up-to-date: /home/harsh/ros2_new/install/addition_service/share/addition_service/environment/ament_prefix_path.dsv
[0.162s] -- Up-to-date: /home/harsh/ros2_new/install/addition_service/share/addition_service/environment/path.sh
[0.162s] -- Up-to-date: /home/harsh/ros2_new/install/addition_service/share/addition_service/environment/path.dsv
[0.162s] -- Up-to-date: /home/harsh/ros2_new/install/addition_service/share/addition_service/local_setup.bash
[0.162s] -- Up-to-date: /home/harsh/ros2_new/install/addition_service/share/addition_service/local_setup.sh
[0.162s] -- Up-to-date: /home/harsh/ros2_new/install/addition_service/share/addition_service/local_setup.zsh
[0.162s] -- Up-to-date: /home/harsh/ros2_new/install/addition_service/share/addition_service/local_setup.dsv
[0.162s] -- Installing: /home/harsh/ros2_new/install/addition_service/share/addition_service/package.dsv
[0.163s] -- Up-to-date: /home/harsh/ros2_new/install/addition_service/share/ament_index/resource_index/packages/addition_service
[0.163s] -- Up-to-date: /home/harsh/ros2_new/install/addition_service/share/addition_service/cmake/addition_serviceConfig.cmake
[0.163s] -- Up-to-date: /home/harsh/ros2_new/install/addition_service/share/addition_service/cmake/addition_serviceConfig-version.cmake
[0.163s] -- Up-to-date: /home/harsh/ros2_new/install/addition_service/share/addition_service/package.xml
[0.166s] Invoked command in '/home/harsh/ros2_new/build/addition_service' returned '0': CMAKE_PREFIX_PATH=/opt/ros/humble /usr/bin/cmake --install /home/harsh/ros2_new/build/addition_service
