-- Found ament_cmake: 1.3.10 (/opt/ros/humble/share/ament_cmake/cmake)
-- Found rclcpp: 16.0.10 (/opt/ros/humble/share/rclcpp/cmake)
-- Found rosidl_generator_c: 3.1.5 (/opt/ros/humble/share/rosidl_generator_c/cmake)
-- Found rosidl_adapter: 3.1.5 (/opt/ros/humble/share/rosidl_adapter/cmake)
-- Found rosidl_generator_cpp: 3.1.5 (/opt/ros/humble/share/rosidl_generator_cpp/cmake)
-- Using all available rosidl_typesupport_c: rosidl_typesupport_fastrtps_c;rosidl_typesupport_introspection_c
-- Using all available rosidl_typesupport_cpp: rosidl_typesupport_fastrtps_cpp;rosidl_typesupport_introspection_cpp
-- Found rmw_implementation_cmake: 6.1.2 (/opt/ros/humble/share/rmw_implementation_cmake/cmake)
-- Found rmw_fastrtps_cpp: 6.2.7 (/opt/ros/humble/share/rmw_fastrtps_cpp/cmake)
-- Using RMW implementation 'rmw_fastrtps_cpp' as default
-- Found ament_lint_auto: 0.12.11 (/opt/ros/humble/share/ament_lint_auto/cmake)
-- Added test 'cppcheck' to perform static code analysis on C / C++ code
-- Configured cppcheck include dirs: 
-- Configured cppcheck exclude dirs and/or files: 
-- Added test 'lint_cmake' to check CMake code style
-- Added test 'uncrustify' to check C / C++ code style
-- Configured uncrustify additional arguments: 
-- Added test 'xmllint' to check XML markup files
-- Configuring done
-- Generating done
-- Build files have been written to: /home/harsh/ros2_new/build/hello_world
[35m[1mConsolidate compiler generated dependencies of target hello_node[0m
[100%] Built target hello_node
-- Install configuration: ""
-- Up-to-date: /home/harsh/ros2_new/install/hello_world/lib/hello_world/hello_node
-- Installing: /home/harsh/ros2_new/install/hello_world/share/ament_index/resource_index/package_run_dependencies/hello_world
-- Installing: /home/harsh/ros2_new/install/hello_world/share/ament_index/resource_index/parent_prefix_path/hello_world
-- Up-to-date: /home/harsh/ros2_new/install/hello_world/share/hello_world/environment/ament_prefix_path.sh
-- Installing: /home/harsh/ros2_new/install/hello_world/share/hello_world/environment/ament_prefix_path.dsv
-- Up-to-date: /home/harsh/ros2_new/install/hello_world/share/hello_world/environment/path.sh
-- Installing: /home/harsh/ros2_new/install/hello_world/share/hello_world/environment/path.dsv
-- Up-to-date: /home/harsh/ros2_new/install/hello_world/share/hello_world/local_setup.bash
-- Up-to-date: /home/harsh/ros2_new/install/hello_world/share/hello_world/local_setup.sh
-- Up-to-date: /home/harsh/ros2_new/install/hello_world/share/hello_world/local_setup.zsh
-- Installing: /home/harsh/ros2_new/install/hello_world/share/hello_world/local_setup.dsv
-- Installing: /home/harsh/ros2_new/install/hello_world/share/hello_world/package.dsv
-- Up-to-date: /home/harsh/ros2_new/install/hello_world/share/ament_index/resource_index/packages/hello_world
-- Up-to-date: /home/harsh/ros2_new/install/hello_world/share/hello_world/cmake/hello_worldConfig.cmake
-- Up-to-date: /home/harsh/ros2_new/install/hello_world/share/hello_world/cmake/hello_worldConfig-version.cmake
-- Installing: /home/harsh/ros2_new/install/hello_world/share/hello_world/package.xml
