[35m[1mConsolidate compiler generated dependencies of target gps_subscriber[0m
[35m[1mConsolidate compiler generated dependencies of target rover_control_node[0m
[35m[1mConsolidate compiler generated dependencies of target coordinate_input_node[0m
[ 50%] Built target coordinate_input_node
[ 50%] [32mBuilding CXX object CMakeFiles/rover_control_node.dir/src/rover_control_node.cpp.o[0m
[ 83%] Built target gps_subscriber
[100%] [32m[1mLinking CXX executable rover_control_node[0m
[100%] Built target rover_control_node
-- Install configuration: ""
-- Installing: /home/harsh/rover_project/install/mobile_robot/lib/mobile_robot/coordinate_input_node
-- Set runtime path of "/home/harsh/rover_project/install/mobile_robot/lib/mobile_robot/coordinate_input_node" to ""
-- Installing: /home/harsh/rover_project/install/mobile_robot/lib/mobile_robot/gps_subscriber
-- Set runtime path of "/home/harsh/rover_project/install/mobile_robot/lib/mobile_robot/gps_subscriber" to ""
-- Installing: /home/harsh/rover_project/install/mobile_robot/lib/mobile_robot/rover_control_node
-- Set runtime path of "/home/harsh/rover_project/install/mobile_robot/lib/mobile_robot/rover_control_node" to ""
-- Up-to-date: /home/harsh/rover_project/install/mobile_robot/share/mobile_robot/launch
-- Installing: /home/harsh/rover_project/install/mobile_robot/share/mobile_robot/launch/gazebo_launch.py
-- Up-to-date: /home/harsh/rover_project/install/mobile_robot/share/mobile_robot/launch/coordinate_input_launch.py
-- Up-to-date: /home/harsh/rover_project/install/mobile_robot/share/mobile_robot/model
-- Up-to-date: /home/harsh/rover_project/install/mobile_robot/share/mobile_robot/model/rover.xacro
-- Up-to-date: /home/harsh/rover_project/install/mobile_robot/share/mobile_robot/model/rover.gazebo
-- Up-to-date: /home/harsh/rover_project/install/mobile_robot/share/mobile_robot/model/world.world
-- Up-to-date: /home/harsh/rover_project/install/mobile_robot/install/mobile_robot/launch
-- Installing: /home/harsh/rover_project/install/mobile_robot/install/mobile_robot/launch/gazebo_launch.py
-- Up-to-date: /home/harsh/rover_project/install/mobile_robot/install/mobile_robot/launch/coordinate_input_launch.py
-- Up-to-date: /home/harsh/rover_project/install/mobile_robot/install/mobile_robot/model
-- Up-to-date: /home/harsh/rover_project/install/mobile_robot/install/mobile_robot/model/rover.xacro
-- Up-to-date: /home/harsh/rover_project/install/mobile_robot/install/mobile_robot/model/rover.gazebo
-- Up-to-date: /home/harsh/rover_project/install/mobile_robot/install/mobile_robot/model/world.world
-- Up-to-date: /home/harsh/rover_project/install/mobile_robot/share/ament_index/resource_index/package_run_dependencies/mobile_robot
-- Installing: /home/harsh/rover_project/install/mobile_robot/share/ament_index/resource_index/parent_prefix_path/mobile_robot
-- Up-to-date: /home/harsh/rover_project/install/mobile_robot/share/mobile_robot/environment/ament_prefix_path.sh
-- Installing: /home/harsh/rover_project/install/mobile_robot/share/mobile_robot/environment/ament_prefix_path.dsv
-- Up-to-date: /home/harsh/rover_project/install/mobile_robot/share/mobile_robot/environment/path.sh
-- Installing: /home/harsh/rover_project/install/mobile_robot/share/mobile_robot/environment/path.dsv
-- Up-to-date: /home/harsh/rover_project/install/mobile_robot/share/mobile_robot/local_setup.bash
-- Up-to-date: /home/harsh/rover_project/install/mobile_robot/share/mobile_robot/local_setup.sh
-- Up-to-date: /home/harsh/rover_project/install/mobile_robot/share/mobile_robot/local_setup.zsh
-- Installing: /home/harsh/rover_project/install/mobile_robot/share/mobile_robot/local_setup.dsv
-- Installing: /home/harsh/rover_project/install/mobile_robot/share/mobile_robot/package.dsv
-- Up-to-date: /home/harsh/rover_project/install/mobile_robot/share/ament_index/resource_index/packages/mobile_robot
-- Up-to-date: /home/harsh/rover_project/install/mobile_robot/share/mobile_robot/cmake/mobile_robotConfig.cmake
-- Up-to-date: /home/harsh/rover_project/install/mobile_robot/share/mobile_robot/cmake/mobile_robotConfig-version.cmake
-- Up-to-date: /home/harsh/rover_project/install/mobile_robot/share/mobile_robot/package.xml
