[0.014s] Invoking command in '/home/harsh/ros2_new/build/my_new_package': CMAKE_PREFIX_PATH=/opt/ros/humble /usr/bin/cmake /home/harsh/ros2_new/src/my_new_package -DCMAKE_INSTALL_PREFIX=/home/harsh/ros2_new/install/my_new_package
[0.118s] -- The C compiler identification is GNU 11.4.0
[0.201s] -- The CXX compiler identification is GNU 11.4.0
[0.212s] -- Detecting C compiler ABI info
[0.275s] -- Detecting C compiler ABI info - done
[0.280s] -- Check for working C compiler: /usr/bin/cc - skipped
[0.281s] -- Detecting C compile features
[0.281s] -- Detecting C compile features - done
[0.284s] -- Detecting CXX compiler ABI info
[0.355s] -- Detecting CXX compiler ABI info - done
[0.360s] -- Check for working CXX compiler: /usr/bin/c++ - skipped
[0.360s] -- Detecting CXX compile features
[0.360s] -- Detecting CXX compile features - done
[0.363s] -- Found ament_cmake: 1.3.10 (/opt/ros/humble/share/ament_cmake/cmake)
[0.476s] -- Found Python3: /usr/bin/python3 (found version "3.10.12") found components: Interpreter 
[0.550s] -- Found rclcpp: 16.0.10 (/opt/ros/humble/share/rclcpp/cmake)
[0.586s] -- Found rosidl_generator_c: 3.1.5 (/opt/ros/humble/share/rosidl_generator_c/cmake)
[0.590s] -- Found rosidl_adapter: 3.1.5 (/opt/ros/humble/share/rosidl_adapter/cmake)
[0.598s] -- Found rosidl_generator_cpp: 3.1.5 (/opt/ros/humble/share/rosidl_generator_cpp/cmake)
[0.608s] -- Using all available rosidl_typesupport_c: rosidl_typesupport_fastrtps_c;rosidl_typesupport_introspection_c
[0.622s] -- Using all available rosidl_typesupport_cpp: rosidl_typesupport_fastrtps_cpp;rosidl_typesupport_introspection_cpp
[0.660s] -- Found rmw_implementation_cmake: 6.1.2 (/opt/ros/humble/share/rmw_implementation_cmake/cmake)
[0.662s] -- Found rmw_fastrtps_cpp: 6.2.7 (/opt/ros/humble/share/rmw_fastrtps_cpp/cmake)
[0.748s] -- Found OpenSSL: /usr/lib/x86_64-linux-gnu/libcrypto.so (found version "3.0.2")  
[0.771s] -- Found FastRTPS: /opt/ros/humble/include  
[0.807s] -- Using RMW implementation 'rmw_fastrtps_cpp' as default
[0.815s] -- Looking for pthread.h
[0.885s] -- Looking for pthread.h - found
[0.885s] -- Performing Test CMAKE_HAVE_LIBC_PTHREAD
[0.950s] -- Performing Test CMAKE_HAVE_LIBC_PTHREAD - Success
[0.950s] -- Found Threads: TRUE  
[0.992s] -- Found ament_lint_auto: 0.12.11 (/opt/ros/humble/share/ament_lint_auto/cmake)
[1.052s] -- Added test 'cppcheck' to perform static code analysis on C / C++ code
[1.052s] -- Configured cppcheck include dirs: 
[1.053s] -- Configured cppcheck exclude dirs and/or files: 
[1.053s] -- Added test 'lint_cmake' to check CMake code style
[1.054s] -- Added test 'uncrustify' to check C / C++ code style
[1.054s] -- Configured uncrustify additional arguments: 
[1.054s] -- Added test 'xmllint' to check XML markup files
[1.056s] -- Configuring done
[1.063s] -- Generating done
[1.065s] -- Build files have been written to: /home/harsh/ros2_new/build/my_new_package
[1.074s] Invoked command in '/home/harsh/ros2_new/build/my_new_package' returned '0': CMAKE_PREFIX_PATH=/opt/ros/humble /usr/bin/cmake /home/harsh/ros2_new/src/my_new_package -DCMAKE_INSTALL_PREFIX=/home/harsh/ros2_new/install/my_new_package
[1.075s] Invoking command in '/home/harsh/ros2_new/build/my_new_package': CMAKE_PREFIX_PATH=/opt/ros/humble /usr/bin/cmake --build /home/harsh/ros2_new/build/my_new_package -- -j16 -l16
[1.121s] [ 50%] [32mBuilding CXX object CMakeFiles/my_new_package_node.dir/src/my_new_package.cpp.o[0m
[3.304s] [100%] [32m[1mLinking CXX executable my_new_package_node[0m
[3.407s] [100%] Built target my_new_package_node
[3.416s] Invoked command in '/home/harsh/ros2_new/build/my_new_package' returned '0': CMAKE_PREFIX_PATH=/opt/ros/humble /usr/bin/cmake --build /home/harsh/ros2_new/build/my_new_package -- -j16 -l16
[3.418s] Invoking command in '/home/harsh/ros2_new/build/my_new_package': CMAKE_PREFIX_PATH=/opt/ros/humble /usr/bin/cmake --install /home/harsh/ros2_new/build/my_new_package
[3.424s] -- Install configuration: ""
[3.424s] -- Installing: /home/harsh/ros2_new/install/my_new_package/lib/my_new_package/my_new_package_node
[3.424s] -- Set runtime path of "/home/harsh/ros2_new/install/my_new_package/lib/my_new_package/my_new_package_node" to ""
[3.424s] -- Installing: /home/harsh/ros2_new/install/my_new_package/share/ament_index/resource_index/package_run_dependencies/my_new_package
[3.424s] -- Installing: /home/harsh/ros2_new/install/my_new_package/share/ament_index/resource_index/parent_prefix_path/my_new_package
[3.425s] -- Installing: /home/harsh/ros2_new/install/my_new_package/share/my_new_package/environment/ament_prefix_path.sh
[3.425s] -- Installing: /home/harsh/ros2_new/install/my_new_package/share/my_new_package/environment/ament_prefix_path.dsv
[3.425s] -- Installing: /home/harsh/ros2_new/install/my_new_package/share/my_new_package/environment/path.sh
[3.425s] -- Installing: /home/harsh/ros2_new/install/my_new_package/share/my_new_package/environment/path.dsv
[3.425s] -- Installing: /home/harsh/ros2_new/install/my_new_package/share/my_new_package/local_setup.bash
[3.425s] -- Installing: /home/harsh/ros2_new/install/my_new_package/share/my_new_package/local_setup.sh
[3.425s] -- Installing: /home/harsh/ros2_new/install/my_new_package/share/my_new_package/local_setup.zsh
[3.425s] -- Installing: /home/harsh/ros2_new/install/my_new_package/share/my_new_package/local_setup.dsv
[3.426s] -- Installing: /home/harsh/ros2_new/install/my_new_package/share/my_new_package/package.dsv
[3.426s] -- Installing: /home/harsh/ros2_new/install/my_new_package/share/ament_index/resource_index/packages/my_new_package
[3.426s] -- Installing: /home/harsh/ros2_new/install/my_new_package/share/my_new_package/cmake/my_new_packageConfig.cmake
[3.426s] -- Installing: /home/harsh/ros2_new/install/my_new_package/share/my_new_package/cmake/my_new_packageConfig-version.cmake
[3.426s] -- Installing: /home/harsh/ros2_new/install/my_new_package/share/my_new_package/package.xml
[3.428s] Invoked command in '/home/harsh/ros2_new/build/my_new_package' returned '0': CMAKE_PREFIX_PATH=/opt/ros/humble /usr/bin/cmake --install /home/harsh/ros2_new/build/my_new_package
